[2019-03-18 17:24:44,689/CST][main][ERROR]Can not output merged.log4j.properties,because can not write to directory of file file:/C:/Users/easty/.m2/repository/org/apache/servicecomb/transport-rest-vertx/1.1.0.B036/transport-rest-vertx-1.1.0.B036.jar!/config/base/log4j.properties org.apache.servicecomb.foundation.common.utils.Log4jUtils.outputFile(Log4jUtils.java:103)
[2019-03-18 17:24:44,697/CST][main][INFO]Found main class "microservice.demo.training21days.provider.AppMain". org.apache.servicecomb.foundation.common.utils.JvmUtils.findMainClass(JvmUtils.java:62)
[2019-03-18 17:24:44,726/CST][main][INFO]Refreshing org.springframework.context.support.ClassPathXmlApplicationContext@2d3fcdbd: startup date [Mon Mar 18 17:24:44 CST 2019]; root of context hierarchy org.springframework.context.support.AbstractApplicationContext.prepareRefresh(AbstractApplicationContext.java:583)
[2019-03-18 17:24:44,786/CST][main][INFO]Loading XML bean definitions from URL [jar:file:/C:/Users/easty/.m2/repository/org/apache/servicecomb/foundation-config/1.1.0.B036/foundation-config-1.1.0.B036.jar!/META-INF/spring/cse.bean.xml] org.springframework.beans.factory.xml.XmlBeanDefinitionReader.loadBeanDefinitions(XmlBeanDefinitionReader.java:317)
[2019-03-18 17:24:44,892/CST][main][INFO]Loading XML bean definitions from URL [jar:file:/C:/Users/easty/.m2/repository/org/apache/servicecomb/foundation-vertx/1.1.0.B036/foundation-vertx-1.1.0.B036.jar!/META-INF/spring/cse.bean.xml] org.springframework.beans.factory.xml.XmlBeanDefinitionReader.loadBeanDefinitions(XmlBeanDefinitionReader.java:317)
[2019-03-18 17:24:44,927/CST][main][INFO]Loading XML bean definitions from URL [jar:file:/C:/Users/easty/.m2/repository/org/apache/servicecomb/java-chassis-core/1.1.0.B036/java-chassis-core-1.1.0.B036.jar!/META-INF/spring/cse.bean.xml] org.springframework.beans.factory.xml.XmlBeanDefinitionReader.loadBeanDefinitions(XmlBeanDefinitionReader.java:317)
[2019-03-18 17:24:45,491/CST][main][INFO]Loading XML bean definitions from URL [jar:file:/C:/Users/easty/.m2/repository/org/apache/servicecomb/handler-bizkeeper/1.1.0.B036/handler-bizkeeper-1.1.0.B036.jar!/META-INF/spring/cse.bean.xml] org.springframework.beans.factory.xml.XmlBeanDefinitionReader.loadBeanDefinitions(XmlBeanDefinitionReader.java:317)
[2019-03-18 17:24:45,500/CST][main][INFO]Loading XML bean definitions from URL [jar:file:/C:/Users/easty/.m2/repository/org/apache/servicecomb/handler-loadbalance/1.1.0.B036/handler-loadbalance-1.1.0.B036.jar!/META-INF/spring/cse.bean.xml] org.springframework.beans.factory.xml.XmlBeanDefinitionReader.loadBeanDefinitions(XmlBeanDefinitionReader.java:317)
[2019-03-18 17:24:45,509/CST][main][INFO]Loading XML bean definitions from URL [jar:file:/C:/Users/easty/.m2/repository/com/huawei/paas/cse/cse-handler-cloud-extension/2.3.62/cse-handler-cloud-extension-2.3.62.jar!/META-INF/spring/services.bean.xml] org.springframework.beans.factory.xml.XmlBeanDefinitionReader.loadBeanDefinitions(XmlBeanDefinitionReader.java:317)
[2019-03-18 17:24:45,757/CST][main][INFO]Environment received, will get configurations from [org.springframework.core.env.StandardEnvironment@246826139]. org.apache.servicecomb.config.ConfigurationSpringInitializer.setEnvironment(ConfigurationSpringInitializer.java:59)
[2019-03-18 17:24:45,785/CST][main][WARN]No URLs will be polled as dynamic configuration sources. com.netflix.config.sources.URLConfigurationSource.<init>(URLConfigurationSource.java:121)
[2019-03-18 17:24:45,786/CST][main][INFO]To enable URLs as dynamic configuration sources, define System property archaius.configurationSource.additionalUrls or make config.properties available on classpath. com.netflix.config.sources.URLConfigurationSource.<init>(URLConfigurationSource.java:122)
[2019-03-18 17:24:45,853/CST][main][INFO]create local config: org.apache.servicecomb.config.ConfigUtil.createLocalConfig(ConfigUtil.java:114)
[2019-03-18 17:24:45,853/CST][main][INFO] jar:file:/C:/Users/easty/.m2/repository/org/apache/servicecomb/java-chassis-core/1.1.0.B036/java-chassis-core-1.1.0.B036.jar!/microservice.yaml. org.apache.servicecomb.config.ConfigUtil.createLocalConfig(ConfigUtil.java:116)
[2019-03-18 17:24:45,854/CST][main][INFO] jar:file:/C:/Users/easty/.m2/repository/com/huawei/paas/cse/cse-solution-service-engine/2.3.62/cse-solution-service-engine-2.3.62.jar!/microservice.yaml. org.apache.servicecomb.config.ConfigUtil.createLocalConfig(ConfigUtil.java:116)
[2019-03-18 17:24:45,854/CST][main][INFO] file:/E:/MicroService/huawei/demo/Demo-Day4/helloworld-provider/target/classes/microservice.yaml. org.apache.servicecomb.config.ConfigUtil.createLocalConfig(ConfigUtil.java:116)
[2019-03-18 17:24:45,911/CST][main][INFO]Found SPI service org.apache.servicecomb.config.spi.ConfigCenterConfigurationSource, count=1. org.apache.servicecomb.foundation.common.utils.SPIServiceUtils.loadSortedService(SPIServiceUtils.java:79)
[2019-03-18 17:24:45,912/CST][main][INFO]  0. org.apache.servicecomb.config.archaius.sources.ConfigCenterConfigurationSourceImpl. org.apache.servicecomb.foundation.common.utils.SPIServiceUtils.loadSortedService(SPIServiceUtils.java:82)
[2019-03-18 17:24:45,920/CST][main][INFO]create local config: org.apache.servicecomb.config.ConfigUtil.createLocalConfig(ConfigUtil.java:114)
[2019-03-18 17:24:45,921/CST][main][INFO] jar:file:/C:/Users/easty/.m2/repository/org/apache/servicecomb/java-chassis-core/1.1.0.B036/java-chassis-core-1.1.0.B036.jar!/microservice.yaml. org.apache.servicecomb.config.ConfigUtil.createLocalConfig(ConfigUtil.java:116)
[2019-03-18 17:24:45,921/CST][main][INFO] jar:file:/C:/Users/easty/.m2/repository/com/huawei/paas/cse/cse-solution-service-engine/2.3.62/cse-solution-service-engine-2.3.62.jar!/microservice.yaml. org.apache.servicecomb.config.ConfigUtil.createLocalConfig(ConfigUtil.java:116)
[2019-03-18 17:24:45,921/CST][main][INFO] file:/E:/MicroService/huawei/demo/Demo-Day4/helloworld-provider/target/classes/microservice.yaml. org.apache.servicecomb.config.ConfigUtil.createLocalConfig(ConfigUtil.java:116)
[2019-03-18 17:24:45,936/CST][main][INFO]Found SPI service org.apache.servicecomb.deployment.DeploymentProvider, count=1. org.apache.servicecomb.foundation.common.utils.SPIServiceUtils.loadSortedService(SPIServiceUtils.java:79)
[2019-03-18 17:24:45,937/CST][main][INFO]  0. org.apache.servicecomb.deployment.DefaultDeploymentProvider. org.apache.servicecomb.foundation.common.utils.SPIServiceUtils.loadSortedService(SPIServiceUtils.java:82)
[2019-03-18 17:24:46,884/CST][config-center-vert.x-eventloop-thread-0][INFO]add network interface name:eth0,host address:192.168.99.1 org.apache.servicecomb.foundation.common.net.NetUtils.doGetIpv4AddressFromNetworkInterface(NetUtils.java:118)
[2019-03-18 17:24:46,893/CST][config-center-vert.x-eventloop-thread-0][INFO]add network interface name:eth2,host address:192.168.56.1 org.apache.servicecomb.foundation.common.net.NetUtils.doGetIpv4AddressFromNetworkInterface(NetUtils.java:118)
[2019-03-18 17:24:46,935/CST][config-center-vert.x-eventloop-thread-0][INFO]add network interface name:wlan2,host address:192.168.1.164 org.apache.servicecomb.foundation.common.net.NetUtils.doGetIpv4AddressFromNetworkInterface(NetUtils.java:118)
[2019-03-18 17:24:47,046/CST][config-center-vert.x-eventloop-thread-0][INFO]add host name from localhost:LAPTOP-QCSBEDK0,host address:192.168.99.1 org.apache.servicecomb.foundation.common.net.NetUtils.doGetHostNameAndHostAddress(NetUtils.java:76)
[2019-03-18 17:24:47,071/CST][config-center-vert.x-eventloop-thread-0][INFO]Found SPI service com.huawei.paas.foundation.auth.credentials.AKSKCipher, count=2. org.apache.servicecomb.foundation.common.utils.SPIServiceUtils.loadSortedService(SPIServiceUtils.java:79)
[2019-03-18 17:24:47,071/CST][config-center-vert.x-eventloop-thread-0][INFO]  0. com.huawei.paas.foundation.auth.credentials.DefaultAKSKCipher. org.apache.servicecomb.foundation.common.utils.SPIServiceUtils.loadSortedService(SPIServiceUtils.java:82)
[2019-03-18 17:24:47,071/CST][config-center-vert.x-eventloop-thread-0][INFO]  1. com.huawei.paas.foundation.auth.credentials.SecurityAKSKCipher. org.apache.servicecomb.foundation.common.utils.SPIServiceUtils.loadSortedService(SPIServiceUtils.java:82)
[2019-03-18 17:24:47,072/CST][config-center-vert.x-eventloop-thread-0][INFO]add ak/sk cipher default com.huawei.paas.foundation.auth.credentials.AKSKManager.lambda$static$0(AKSKManager.java:41)
[2019-03-18 17:24:47,072/CST][config-center-vert.x-eventloop-thread-0][INFO]add ak/sk cipher security com.huawei.paas.foundation.auth.credentials.AKSKManager.lambda$static$0(AKSKManager.java:41)
[2019-03-18 17:24:47,073/CST][config-center-vert.x-eventloop-thread-0][INFO]read ak/sk from microservice.yaml. com.huawei.paas.foundation.auth.credentials.AKSKOption.buildFromYaml(AKSKOption.java:158)
[2019-03-18 17:24:47,778/CST][main][INFO]JSR-330 'javax.inject.Inject' annotation found and supported for autowiring org.springframework.beans.factory.annotation.AutowiredAnnotationBeanPostProcessor.<init>(AutowiredAnnotationBeanPostProcessor.java:155)
[2019-03-18 17:24:47,873/CST][main][INFO]Found SPI service org.apache.servicecomb.swagger.generator.core.CommonParameterTypeProcessor, count=3. org.apache.servicecomb.foundation.common.utils.SPIServiceUtils.loadSortedService(SPIServiceUtils.java:79)
[2019-03-18 17:24:47,873/CST][main][INFO]  0. org.apache.servicecomb.swagger.generator.springmvc.processor.parameter.MultipartFileTypeProcessor. org.apache.servicecomb.foundation.common.utils.SPIServiceUtils.loadSortedService(SPIServiceUtils.java:82)
[2019-03-18 17:24:47,873/CST][main][INFO]  1. org.apache.servicecomb.swagger.generator.core.processor.parametertype.HttpServletRequestProcessor. org.apache.servicecomb.foundation.common.utils.SPIServiceUtils.loadSortedService(SPIServiceUtils.java:82)
[2019-03-18 17:24:47,873/CST][main][INFO]  2. org.apache.servicecomb.swagger.invocation.generator.InvocationContextProcessor. org.apache.servicecomb.foundation.common.utils.SPIServiceUtils.loadSortedService(SPIServiceUtils.java:82)
[2019-03-18 17:24:47,879/CST][main][INFO]Found SPI service org.apache.servicecomb.swagger.generator.core.ResponseTypeProcessor, count=3. org.apache.servicecomb.foundation.common.utils.SPIServiceUtils.loadSortedService(SPIServiceUtils.java:79)
[2019-03-18 17:24:47,879/CST][main][INFO]  0. org.apache.servicecomb.swagger.generator.springmvc.processor.response.ResponseEntityProcessor. org.apache.servicecomb.foundation.common.utils.SPIServiceUtils.loadSortedService(SPIServiceUtils.java:82)
[2019-03-18 17:24:47,880/CST][main][INFO]  1. org.apache.servicecomb.swagger.generator.core.processor.response.CompletableFutureProcessor. org.apache.servicecomb.foundation.common.utils.SPIServiceUtils.loadSortedService(SPIServiceUtils.java:82)
[2019-03-18 17:24:47,880/CST][main][INFO]  2. org.apache.servicecomb.swagger.generator.jaxrs.processor.response.JaxrsResponseProcessor. org.apache.servicecomb.foundation.common.utils.SPIServiceUtils.loadSortedService(SPIServiceUtils.java:82)
[2019-03-18 17:24:47,905/CST][main][INFO]Found SPI service org.apache.servicecomb.swagger.generator.core.SwaggerGeneratorContext, count=3. org.apache.servicecomb.foundation.common.utils.SPIServiceUtils.loadSortedService(SPIServiceUtils.java:79)
[2019-03-18 17:24:47,906/CST][main][INFO]  0. org.apache.servicecomb.swagger.generator.springmvc.SpringmvcSwaggerGeneratorContext. org.apache.servicecomb.foundation.common.utils.SPIServiceUtils.loadSortedService(SPIServiceUtils.java:82)
[2019-03-18 17:24:47,906/CST][main][INFO]  1. org.apache.servicecomb.swagger.generator.jaxrs.JaxrsSwaggerGeneratorContext. org.apache.servicecomb.foundation.common.utils.SPIServiceUtils.loadSortedService(SPIServiceUtils.java:82)
[2019-03-18 17:24:47,906/CST][main][INFO]  2. org.apache.servicecomb.swagger.generator.pojo.PojoSwaggerGeneratorContext. org.apache.servicecomb.foundation.common.utils.SPIServiceUtils.loadSortedService(SPIServiceUtils.java:82)
[2019-03-18 17:24:47,941/CST][main][INFO]Found SPI service org.apache.servicecomb.swagger.invocation.response.producer.ProducerResponseMapperFactory, count=5. org.apache.servicecomb.foundation.common.utils.SPIServiceUtils.loadSortedService(SPIServiceUtils.java:79)
[2019-03-18 17:24:47,942/CST][main][INFO]  0. org.apache.servicecomb.swagger.invocation.springmvc.response.SpringmvcProducerResponseMapperFactory. org.apache.servicecomb.foundation.common.utils.SPIServiceUtils.loadSortedService(SPIServiceUtils.java:82)
[2019-03-18 17:24:47,942/CST][main][INFO]  1. org.apache.servicecomb.swagger.invocation.jaxrs.response.JaxrsProducerResponseMapperFactory. org.apache.servicecomb.foundation.common.utils.SPIServiceUtils.loadSortedService(SPIServiceUtils.java:82)
[2019-03-18 17:24:47,942/CST][main][INFO]  2. org.apache.servicecomb.swagger.invocation.response.producer.CseResponseProducerResponseMapperFactory. org.apache.servicecomb.foundation.common.utils.SPIServiceUtils.loadSortedService(SPIServiceUtils.java:82)
[2019-03-18 17:24:47,942/CST][main][INFO]  3. org.apache.servicecomb.swagger.invocation.response.producer.CompletableFutureProducerResponseMapperFactory. org.apache.servicecomb.foundation.common.utils.SPIServiceUtils.loadSortedService(SPIServiceUtils.java:82)
[2019-03-18 17:24:47,942/CST][main][INFO]  4. org.apache.servicecomb.swagger.invocation.response.producer.DefaultProducerResponseMapperFactory. org.apache.servicecomb.foundation.common.utils.SPIServiceUtils.loadSortedService(SPIServiceUtils.java:82)
[2019-03-18 17:24:47,946/CST][main][INFO]Found SPI service org.apache.servicecomb.swagger.invocation.response.consumer.ConsumerResponseMapperFactory, count=5. org.apache.servicecomb.foundation.common.utils.SPIServiceUtils.loadSortedService(SPIServiceUtils.java:79)
[2019-03-18 17:24:47,947/CST][main][INFO]  0. org.apache.servicecomb.swagger.invocation.springmvc.response.SpringmvcConsumerResponseMapperFactory. org.apache.servicecomb.foundation.common.utils.SPIServiceUtils.loadSortedService(SPIServiceUtils.java:82)
[2019-03-18 17:24:47,947/CST][main][INFO]  1. org.apache.servicecomb.swagger.invocation.jaxrs.response.JaxrsConsumerResponseMapperFactory. org.apache.servicecomb.foundation.common.utils.SPIServiceUtils.loadSortedService(SPIServiceUtils.java:82)
[2019-03-18 17:24:47,947/CST][main][INFO]  2. org.apache.servicecomb.swagger.invocation.response.consumer.CseResponseConsumerResponseMapperFactory. org.apache.servicecomb.foundation.common.utils.SPIServiceUtils.loadSortedService(SPIServiceUtils.java:82)
[2019-03-18 17:24:47,948/CST][main][INFO]  3. org.apache.servicecomb.swagger.invocation.response.consumer.CompletableFutureConsumerResponseMapperFactory. org.apache.servicecomb.foundation.common.utils.SPIServiceUtils.loadSortedService(SPIServiceUtils.java:82)
[2019-03-18 17:24:47,948/CST][main][INFO]  4. org.apache.servicecomb.swagger.invocation.response.consumer.DefaultConsumerResponseMapperFactory. org.apache.servicecomb.foundation.common.utils.SPIServiceUtils.loadSortedService(SPIServiceUtils.java:82)
[2019-03-18 17:24:48,053/CST][main][INFO]load microservice config, name=provider, paths=[jar:file:/C:/Users/easty/.m2/repository/org/apache/servicecomb/java-chassis-core/1.1.0.B036/java-chassis-core-1.1.0.B036.jar!/microservice.yaml, jar:file:/C:/Users/easty/.m2/repository/com/huawei/paas/cse/cse-solution-service-engine/2.3.62/cse-solution-service-engine-2.3.62.jar!/microservice.yaml, file:/E:/MicroService/huawei/demo/Demo-Day4/helloworld-provider/target/classes/microservice.yaml] org.apache.servicecomb.serviceregistry.definition.MicroserviceDefinition.logConfigPath(MicroserviceDefinition.java:142)
[2019-03-18 17:24:48,061/CST][main][INFO]It is running in the normal mode, a separated service registry is required org.apache.servicecomb.serviceregistry.registry.ServiceRegistryFactory.create(ServiceRegistryFactory.java:81)
[2019-03-18 17:24:48,079/CST][main][INFO]Found SPI service org.apache.servicecomb.serviceregistry.registry.ServiceRegistryTaskInitializer, count=1. org.apache.servicecomb.foundation.common.utils.SPIServiceUtils.loadSortedService(SPIServiceUtils.java:79)
[2019-03-18 17:24:48,080/CST][main][INFO]  0. org.apache.servicecomb.serviceregistry.diagnosis.instance.InstanceCacheCheckTask. org.apache.servicecomb.foundation.common.utils.SPIServiceUtils.loadSortedService(SPIServiceUtils.java:82)
[2019-03-18 17:24:48,082/CST][main][INFO]microserviceVersionFactory is org.apache.servicecomb.core.definition.PrivateMicroserviceVersionMetaFactory. org.apache.servicecomb.serviceregistry.registry.AbstractServiceRegistry.initAppManager(AbstractServiceRegistry.java:125)
[2019-03-18 17:24:48,101/CST][main][INFO]executor group 2, thread per group 8. org.apache.servicecomb.core.executor.FixedThreadExecutor.<init>(FixedThreadExecutor.java:56)
[2019-03-18 17:24:48,232/CST][main][INFO]Found SPI service org.apache.servicecomb.core.BootListener, count=0. org.apache.servicecomb.foundation.common.utils.SPIServiceUtils.loadSortedService(SPIServiceUtils.java:79)
[2019-03-18 17:24:48,275/CST][main][INFO]Loaded properties file jar:file:/C:/Users/easty/.m2/repository/org/apache/servicecomb/handler-bizkeeper/1.1.0.B036/handler-bizkeeper-1.1.0.B036.jar!/hystrix-plugins.properties com.netflix.config.util.ConfigurationUtils.getConfigFromPropertiesFile(ConfigurationUtils.java:183)
[2019-03-18 17:24:48,294/CST][main][INFO]select [org.apache.servicecomb.swagger.generator.springmvc.SpringmvcSwaggerGeneratorContext] for [microservice.demo.training21days.provider.service.HelloService] to generate schema. org.apache.servicecomb.swagger.generator.core.CompositeSwaggerGeneratorContext.lambda$selectContext$0(CompositeSwaggerGeneratorContext.java:61)
[2019-03-18 17:24:48,315/CST][main][INFO]Found SPI service org.apache.servicecomb.swagger.extend.property.creator.PropertyCreator, count=1. org.apache.servicecomb.foundation.common.utils.SPIServiceUtils.loadSortedService(SPIServiceUtils.java:79)
[2019-03-18 17:24:48,316/CST][main][INFO]  0. org.apache.servicecomb.swagger.extend.property.creator.springmvc.MultipartFilePropertyCreator. org.apache.servicecomb.foundation.common.utils.SPIServiceUtils.loadSortedService(SPIServiceUtils.java:82)
[2019-03-18 17:24:48,406/CST][main][INFO]generate swagger for Training21Days-HelloWorld/provider/hello, swagger: ---
swagger: "2.0"
info:
  version: "1.0.0"
  title: "swagger definition for microservice.demo.training21days.provider.service.HelloService"
  x-java-interface: "cse.gen.Training21Days_HelloWorld.provider.hello.HelloServiceIntf"
basePath: "/provider/v0"
consumes:
- "application/json"
produces:
- "application/json"
paths:
  /greeting:
    post:
      operationId: "greeting"
      parameters:
      - in: "body"
        name: "person"
        required: true
        schema:
          $ref: "#/definitions/Person"
      responses:
        200:
          description: "response of 200"
          schema:
            $ref: "#/definitions/GreetingResponse"
  /hello:
    get:
      operationId: "sayHello"
      parameters:
      - name: "name"
        in: "query"
        required: true
        type: "string"
      responses:
        200:
          description: "response of 200"
          schema:
            type: "string"
definitions:
  Person:
    type: "object"
    properties:
      name:
        type: "string"
      gender:
        type: "string"
        enum:
        - "MALE"
        - "FEMALE"
        x-java-class: "microservice.demo.training21days.provider.service.Gender"
    x-java-class: "microservice.demo.training21days.provider.service.Person"
  GreetingResponse:
    type: "object"
    properties:
      msg:
        type: "string"
      timestamp:
        type: "string"
        format: "date-time"
    x-java-class: "microservice.demo.training21days.provider.service.GreetingResponse"
 org.apache.servicecomb.core.definition.schema.ProducerSchemaFactory.createSchema(ProducerSchemaFactory.java:118)
[2019-03-18 17:24:48,406/CST][main][INFO]register schema Training21Days-HelloWorld/provider/hello org.apache.servicecomb.core.definition.loader.SchemaLoader.registerSchema(SchemaLoader.java:83)
[2019-03-18 17:24:48,524/CST][main][INFO]create CtClass cse.gen.Training21Days_HelloWorld.provider.hello.HelloServiceIntf in classLoader sun.misc.Launcher$AppClassLoader@73d16e93. org.apache.servicecomb.common.javassist.JavassistUtils.createCtClass(JavassistUtils.java:185)
[2019-03-18 17:24:48,525/CST][main][INFO]create class cse.gen.Training21Days_HelloWorld.provider.hello.HelloServiceIntf in classLoader sun.misc.Launcher$AppClassLoader@73d16e93. org.apache.servicecomb.common.javassist.JavassistUtils.createClass(JavassistUtils.java:217)
[2019-03-18 17:24:48,527/CST][main][INFO]Found SPI service org.apache.servicecomb.swagger.invocation.response.ResponseMetaMapper, count=0. org.apache.servicecomb.foundation.common.utils.SPIServiceUtils.loadSortedService(SPIServiceUtils.java:79)
[2019-03-18 17:24:48,527/CST][main][INFO]Can not find SPI service for org.apache.servicecomb.swagger.invocation.response.ResponseMetaMapper org.apache.servicecomb.foundation.common.utils.SPIServiceUtils.getPriorityHighestService(SPIServiceUtils.java:128)
[2019-03-18 17:24:48,535/CST][main][INFO]Found SPI service org.apache.servicecomb.serviceregistry.discovery.DiscoveryFilter, count=5. org.apache.servicecomb.foundation.common.utils.SPIServiceUtils.loadSortedService(SPIServiceUtils.java:79)
[2019-03-18 17:24:48,536/CST][main][INFO]  0. org.apache.servicecomb.serviceregistry.discovery.InstanceStatusDiscoveryFilter. org.apache.servicecomb.foundation.common.utils.SPIServiceUtils.loadSortedService(SPIServiceUtils.java:82)
[2019-03-18 17:24:48,536/CST][main][INFO]  1. org.apache.servicecomb.core.filter.OperationInstancesDiscoveryFilter. org.apache.servicecomb.foundation.common.utils.SPIServiceUtils.loadSortedService(SPIServiceUtils.java:82)
[2019-03-18 17:24:48,536/CST][main][INFO]  2. org.apache.servicecomb.loadbalance.filter.ZoneAwareDiscoveryFilter. org.apache.servicecomb.foundation.common.utils.SPIServiceUtils.loadSortedService(SPIServiceUtils.java:82)
[2019-03-18 17:24:48,536/CST][main][INFO]  3. org.apache.servicecomb.loadbalance.filter.InstancePropertyDiscoveryFilter. org.apache.servicecomb.foundation.common.utils.SPIServiceUtils.loadSortedService(SPIServiceUtils.java:82)
[2019-03-18 17:24:48,536/CST][main][INFO]  4. org.apache.servicecomb.loadbalance.filter.IsolationDiscoveryFilter. org.apache.servicecomb.foundation.common.utils.SPIServiceUtils.loadSortedService(SPIServiceUtils.java:82)
[2019-03-18 17:24:48,538/CST][main][INFO]DiscoveryFilter org.apache.servicecomb.serviceregistry.discovery.InstanceStatusDiscoveryFilter, enabled true. org.apache.servicecomb.serviceregistry.discovery.DiscoveryTree.sort(DiscoveryTree.java:104)
[2019-03-18 17:24:48,538/CST][main][INFO]DiscoveryFilter org.apache.servicecomb.core.filter.OperationInstancesDiscoveryFilter, enabled true. org.apache.servicecomb.serviceregistry.discovery.DiscoveryTree.sort(DiscoveryTree.java:104)
[2019-03-18 17:24:48,539/CST][main][INFO]DiscoveryFilter org.apache.servicecomb.loadbalance.filter.ZoneAwareDiscoveryFilter, enabled true. org.apache.servicecomb.serviceregistry.discovery.DiscoveryTree.sort(DiscoveryTree.java:104)
[2019-03-18 17:24:48,539/CST][main][INFO]DiscoveryFilter org.apache.servicecomb.loadbalance.filter.InstancePropertyDiscoveryFilter, enabled true. org.apache.servicecomb.serviceregistry.discovery.DiscoveryTree.sort(DiscoveryTree.java:104)
[2019-03-18 17:24:48,539/CST][main][INFO]DiscoveryFilter org.apache.servicecomb.loadbalance.filter.IsolationDiscoveryFilter, enabled true. org.apache.servicecomb.serviceregistry.discovery.DiscoveryTree.sort(DiscoveryTree.java:104)
[2019-03-18 17:24:48,539/CST][main][INFO]DiscoveryFilter org.apache.servicecomb.loadbalance.filter.ServerDiscoveryFilter, enabled true. org.apache.servicecomb.serviceregistry.discovery.DiscoveryTree.sort(DiscoveryTree.java:104)
[2019-03-18 17:24:48,542/CST][main][INFO]Found SPI service org.apache.servicecomb.faultinjection.Fault, count=2. org.apache.servicecomb.foundation.common.utils.SPIServiceUtils.loadSortedService(SPIServiceUtils.java:79)
[2019-03-18 17:24:48,542/CST][main][INFO]  0. org.apache.servicecomb.faultinjection.DelayFault. org.apache.servicecomb.foundation.common.utils.SPIServiceUtils.loadSortedService(SPIServiceUtils.java:82)
[2019-03-18 17:24:48,542/CST][main][INFO]  1. org.apache.servicecomb.faultinjection.AbortFault. org.apache.servicecomb.foundation.common.utils.SPIServiceUtils.loadSortedService(SPIServiceUtils.java:82)
[2019-03-18 17:24:48,552/CST][main][INFO]Found SPI service org.apache.servicecomb.swagger.invocation.extension.ProducerInvokeExtension, count=1. org.apache.servicecomb.foundation.common.utils.SPIServiceUtils.loadSortedService(SPIServiceUtils.java:79)
[2019-03-18 17:24:48,553/CST][main][INFO]  0. org.apache.servicecomb.swagger.invocation.validator.ParameterValidator. org.apache.servicecomb.foundation.common.utils.SPIServiceUtils.loadSortedService(SPIServiceUtils.java:82)
[2019-03-18 17:24:48,559/CST][main][WARN]address /0.0.0.0:8080, auto select a host address to publish 192.168.99.1:8080, maybe not the correct one org.apache.servicecomb.serviceregistry.RegistryUtils.genPublishIpPort(RegistryUtils.java:183)
[2019-03-18 17:24:48,562/CST][main][INFO]choose org.apache.servicecomb.transport.rest.vertx.VertxRestTransport for rest. org.apache.servicecomb.core.transport.TransportManager.chooseOneTransport(TransportManager.java:84)
[2019-03-18 17:24:48,562/CST][main][INFO]choose org.apache.servicecomb.transport.highway.HighwayTransport for highway. org.apache.servicecomb.core.transport.TransportManager.chooseOneTransport(TransportManager.java:84)
[2019-03-18 17:24:48,569/CST][main][INFO]Found SPI service org.apache.servicecomb.common.rest.filter.HttpClientFilter, count=3. org.apache.servicecomb.foundation.common.utils.SPIServiceUtils.loadSortedService(SPIServiceUtils.java:79)
[2019-03-18 17:24:48,569/CST][main][INFO]  0. org.apache.servicecomb.provider.springmvc.reference.RestTemplateCopyHeaderFilter. org.apache.servicecomb.foundation.common.utils.SPIServiceUtils.loadSortedService(SPIServiceUtils.java:82)
[2019-03-18 17:24:48,569/CST][main][INFO]  1. org.apache.servicecomb.common.rest.filter.inner.ClientRestArgsFilter. org.apache.servicecomb.foundation.common.utils.SPIServiceUtils.loadSortedService(SPIServiceUtils.java:82)
[2019-03-18 17:24:48,570/CST][main][INFO]  2. org.apache.servicecomb.transport.rest.client.http.DefaultHttpClientFilter. org.apache.servicecomb.foundation.common.utils.SPIServiceUtils.loadSortedService(SPIServiceUtils.java:82)
[2019-03-18 17:24:48,573/CST][main][WARN]keyStore [server.p12] file not exist, please check! org.apache.servicecomb.foundation.vertx.VertxTLSBuilder.buildTCPSSLOptions(VertxTLSBuilder.java:118)
[2019-03-18 17:24:48,574/CST][main][WARN]trustStore [trust.jks] file not exist, please check! org.apache.servicecomb.foundation.vertx.VertxTLSBuilder.buildTCPSSLOptions(VertxTLSBuilder.java:138)
[2019-03-18 17:24:48,578/CST][main][WARN]keyStore [server.p12] file not exist, please check! org.apache.servicecomb.foundation.vertx.VertxTLSBuilder.buildTCPSSLOptions(VertxTLSBuilder.java:118)
[2019-03-18 17:24:48,578/CST][main][WARN]trustStore [trust.jks] file not exist, please check! org.apache.servicecomb.foundation.vertx.VertxTLSBuilder.buildTCPSSLOptions(VertxTLSBuilder.java:138)
[2019-03-18 17:24:48,816/CST][transport-vert.x-eventloop-thread-4][INFO]Found SPI service org.apache.servicecomb.transport.rest.vertx.GlobalRestFailureHandler, count=0. org.apache.servicecomb.foundation.common.utils.SPIServiceUtils.loadSortedService(SPIServiceUtils.java:79)
[2019-03-18 17:24:48,817/CST][transport-vert.x-eventloop-thread-4][INFO]Can not find SPI service for org.apache.servicecomb.transport.rest.vertx.GlobalRestFailureHandler org.apache.servicecomb.foundation.common.utils.SPIServiceUtils.getPriorityHighestService(SPIServiceUtils.java:128)
[2019-03-18 17:24:48,825/CST][transport-vert.x-eventloop-thread-4][INFO]Found SPI service org.apache.servicecomb.common.rest.filter.HttpServerFilter, count=1. org.apache.servicecomb.foundation.common.utils.SPIServiceUtils.loadSortedService(SPIServiceUtils.java:79)
[2019-03-18 17:24:48,825/CST][transport-vert.x-eventloop-thread-4][INFO]  0. org.apache.servicecomb.common.rest.filter.inner.ServerRestArgsFilter. org.apache.servicecomb.foundation.common.utils.SPIServiceUtils.loadSortedService(SPIServiceUtils.java:82)
[2019-03-18 17:24:48,826/CST][transport-vert.x-eventloop-thread-4][INFO]Found SPI service org.apache.servicecomb.transport.rest.vertx.VertxHttpDispatcher, count=1. org.apache.servicecomb.foundation.common.utils.SPIServiceUtils.loadSortedService(SPIServiceUtils.java:79)
[2019-03-18 17:24:48,826/CST][transport-vert.x-eventloop-thread-4][INFO]  0. org.apache.servicecomb.transport.rest.vertx.VertxRestDispatcher. org.apache.servicecomb.foundation.common.utils.SPIServiceUtils.loadSortedService(SPIServiceUtils.java:82)
[2019-03-18 17:24:48,829/CST][transport-vert.x-eventloop-thread-4][INFO]servicecomb.uploads.directory is null, not support upload. org.apache.servicecomb.common.rest.UploadConfig.toMultipartConfigElement(UploadConfig.java:92)
[2019-03-18 17:24:48,850/CST][transport-vert.x-eventloop-thread-4][INFO]rest listen success. address=0.0.0.0:8080 org.apache.servicecomb.transport.rest.vertx.RestServerVerticle.lambda$startListen$3(RestServerVerticle.java:218)
[2019-03-18 17:24:48,850/CST][main][INFO]endpoint to publish: rest://192.168.99.1:8080 org.apache.servicecomb.core.transport.TransportManager.init(TransportManager.java:58)
[2019-03-18 17:24:48,851/CST][main][WARN]keyStore [server.p12] file not exist, please check! org.apache.servicecomb.foundation.vertx.VertxTLSBuilder.buildTCPSSLOptions(VertxTLSBuilder.java:118)
[2019-03-18 17:24:48,851/CST][main][WARN]trustStore [trust.jks] file not exist, please check! org.apache.servicecomb.foundation.vertx.VertxTLSBuilder.buildTCPSSLOptions(VertxTLSBuilder.java:138)
[2019-03-18 17:24:48,852/CST][main][WARN]keyStore [server.p12] file not exist, please check! org.apache.servicecomb.foundation.vertx.VertxTLSBuilder.buildTCPSSLOptions(VertxTLSBuilder.java:118)
[2019-03-18 17:24:48,852/CST][main][WARN]trustStore [trust.jks] file not exist, please check! org.apache.servicecomb.foundation.vertx.VertxTLSBuilder.buildTCPSSLOptions(VertxTLSBuilder.java:138)
[2019-03-18 17:24:48,858/CST][transport-vert.x-eventloop-thread-8][WARN]highway listen address is not configured, will not listen. org.apache.servicecomb.transport.highway.HighwayServerVerticle.startListen(HighwayServerVerticle.java:65)
[2019-03-18 17:24:48,862/CST][main][INFO]Found SPI service org.apache.servicecomb.common.rest.codec.produce.ProduceProcessor, count=2. org.apache.servicecomb.foundation.common.utils.SPIServiceUtils.loadSortedService(SPIServiceUtils.java:79)
[2019-03-18 17:24:48,862/CST][main][INFO]  0. org.apache.servicecomb.common.rest.codec.produce.ProduceJsonProcessor. org.apache.servicecomb.foundation.common.utils.SPIServiceUtils.loadSortedService(SPIServiceUtils.java:82)
[2019-03-18 17:24:48,862/CST][main][INFO]  1. org.apache.servicecomb.common.rest.codec.produce.ProduceTextPlainProcessor. org.apache.servicecomb.foundation.common.utils.SPIServiceUtils.loadSortedService(SPIServiceUtils.java:82)
[2019-03-18 17:24:48,873/CST][main][INFO]add schema to service paths. Training21Days-HelloWorld:provider:hello. org.apache.servicecomb.common.rest.locator.ServicePathManager.addSchema(ServicePathManager.java:91)
[2019-03-18 17:24:48,874/CST][main][INFO]Swagger mapped "{[/provider/v0/greeting/], method=[POST], produces=[application/json]}" onto public abstract microservice.demo.training21days.provider.service.GreetingResponse cse.gen.Training21Days_HelloWorld.provider.hello.HelloServiceIntf.greeting(microservice.demo.training21days.provider.service.Person) org.apache.servicecomb.common.rest.locator.MicroservicePaths.printPath(MicroservicePaths.java:103)
[2019-03-18 17:24:48,874/CST][main][INFO]Swagger mapped "{[/provider/v0/hello/], method=[GET], produces=[application/json]}" onto public abstract java.lang.String cse.gen.Training21Days_HelloWorld.provider.hello.HelloServiceIntf.sayHello(java.lang.String) org.apache.servicecomb.common.rest.locator.MicroservicePaths.printPath(MicroservicePaths.java:103)
[2019-03-18 17:24:48,981/CST][main][WARN]Failed to create lambda for method: public void org.apache.servicecomb.core.SCBEngine$1.afterRegistryInstance(org.apache.servicecomb.serviceregistry.task.MicroserviceInstanceRegisterTask), fallback to reflect. org.apache.servicecomb.foundation.common.event.SimpleSubscriber.<init>(SimpleSubscriber.java:48)
[2019-03-18 17:24:48,989/CST][main][INFO]running microservice register task. org.apache.servicecomb.serviceregistry.task.MicroserviceRegisterTask.doRegister(MicroserviceRegisterTask.java:75)
[2019-03-18 17:24:49,022/CST][registry-vert.x-eventloop-thread-0][WARN]get response for org.apache.servicecomb.serviceregistry.api.response.GetExistenceResponse failed, 400:Bad Request, {"errorCode":"400012","errorMessage":"Micro-service does not exist","detail":"development/Training21Days-HelloWorld/provider/0.0.1 does not exist."}
 org.apache.servicecomb.serviceregistry.client.http.ServiceRegistryClientImpl.lambda$null$1(ServiceRegistryClientImpl.java:147)
[2019-03-18 17:24:49,046/CST][main][INFO]Registry Microservice successfully. id=[c4ad28eb44c62b19e91fca2793f97679c20d7415] appId=[Training21Days-HelloWorld], name=[provider], version=[0.0.1], schemaIds=[hello], env=[development] org.apache.servicecomb.serviceregistry.task.MicroserviceRegisterTask.doRegister(MicroserviceRegisterTask.java:109)
[2019-03-18 17:24:49,049/CST][main][INFO]schemaId [hello] exists [true], summary exists [false] org.apache.servicecomb.serviceregistry.task.MicroserviceRegisterTask.registerSchema(MicroserviceRegisterTask.java:194)
[2019-03-18 17:24:49,060/CST][registry-vert.x-eventloop-thread-0][WARN]get response for org.apache.servicecomb.serviceregistry.api.response.GetSchemaResponse failed, 400:Bad Request, {"errorCode":"400016","errorMessage":"Schema does not exist","detail":"Do not have this schema info."}
 org.apache.servicecomb.serviceregistry.client.http.ServiceRegistryClientImpl.lambda$null$1(ServiceRegistryClientImpl.java:147)
[2019-03-18 17:24:49,069/CST][main][INFO]register schema c4ad28eb44c62b19e91fca2793f97679c20d7415/hello success. org.apache.servicecomb.serviceregistry.client.http.ServiceRegistryClientImpl.registerSchema(ServiceRegistryClientImpl.java:363)
[2019-03-18 17:24:49,069/CST][main][INFO]read MicroserviceRegisterTask status is FINISHED org.apache.servicecomb.serviceregistry.task.ServiceCenterTask.onRegisterTask(ServiceCenterTask.java:51)
[2019-03-18 17:24:49,069/CST][main][INFO]running microservice instance register task. org.apache.servicecomb.serviceregistry.task.MicroserviceInstanceRegisterTask.doRegister(MicroserviceInstanceRegisterTask.java:59)
[2019-03-18 17:24:49,074/CST][main][INFO]Register microservice instance success. microserviceId=c4ad28eb44c62b19e91fca2793f97679c20d7415 instanceId=ad5c0d3b495f11e994dae86a64494942 endpoints=[rest://192.168.99.1:8080] lease 120s org.apache.servicecomb.serviceregistry.task.MicroserviceInstanceRegisterTask.doRegister(MicroserviceInstanceRegisterTask.java:77)
[2019-03-18 17:24:49,074/CST][main][INFO]read MicroserviceInstanceRegisterTask status is FINISHED org.apache.servicecomb.serviceregistry.task.ServiceCenterTask.onRegisterTask(ServiceCenterTask.java:51)
[2019-03-18 17:24:49,074/CST][main][INFO]receive MicroserviceInstanceRegisterTask event, check instance Id... org.apache.servicecomb.core.SCBEngine$1.afterRegistryInstance(SCBEngine.java:182)
[2019-03-18 17:24:49,075/CST][main][INFO]instance registry succeeds for the first time, will send AFTER_REGISTRY event. org.apache.servicecomb.core.SCBEngine$1.afterRegistryInstance(SCBEngine.java:184)
[2019-03-18 17:24:49,075/CST][main][INFO]============================= microservice.demo.training21days.provider.bootevent.CustomBootEventListener.onBootEvent(CustomBootEventListener.java:17)
[2019-03-18 17:24:49,075/CST][main][INFO]Service startup completed! microservice.demo.training21days.provider.bootevent.CustomBootEventListener.onBootEvent(CustomBootEventListener.java:18)
[2019-03-18 17:24:49,075/CST][main][INFO]============================= microservice.demo.training21days.provider.bootevent.CustomBootEventListener.onBootEvent(CustomBootEventListener.java:19)
[2019-03-18 17:24:49,083/CST][main][WARN]keyStore [server.p12] file not exist, please check! org.apache.servicecomb.foundation.vertx.VertxTLSBuilder.buildTCPSSLOptions(VertxTLSBuilder.java:118)
[2019-03-18 17:24:49,083/CST][main][WARN]trustStore [trust.jks] file not exist, please check! org.apache.servicecomb.foundation.vertx.VertxTLSBuilder.buildTCPSSLOptions(VertxTLSBuilder.java:138)
[2019-03-18 17:24:49,085/CST][main][INFO]Monitor data sender started. Configured data providers is {com.huawei.paas.monitor.HealthMonitorDataProvider,} com.huawei.paas.monitor.DataFactory.start(DataFactory.java:62)
[2019-03-18 17:24:49,085/CST][main][INFO]ServiceComb is ready. org.apache.servicecomb.core.SCBEngine$1.afterRegistryInstance(SCBEngine.java:188)
[2019-03-18 17:24:49,090/CST][main][INFO]Waiting for status up. timeout: 10000ms org.apache.servicecomb.core.SCBEngine.waitStatusUp(SCBEngine.java:362)
[2019-03-18 17:24:49,091/CST][main][INFO]Status already changed to up. org.apache.servicecomb.core.SCBEngine.waitStatusUp(SCBEngine.java:371)
[2019-03-18 17:25:04,323/CST][monitor-center-vert.x-eventloop-thread-0][WARN]Send data to url /v2/default/csemonitor/metric?service=provider failed and status line is 429 com.huawei.paas.monitor.DefaultMonitorDataPublisher.lambda$null$1(DefaultMonitorDataPublisher.java:178)
[2019-03-18 17:25:04,323/CST][monitor-center-vert.x-eventloop-thread-0][WARN]message: {"error_msg":"Throttling threshold reached: policy api over ratelimit,limit:150,time:1 second","error_code":"APIGW.0308","request_id":"5c8e4a99fdffcce0ef06818c8154495f"}
 com.huawei.paas.monitor.DefaultMonitorDataPublisher.lambda$null$1(DefaultMonitorDataPublisher.java:181)
[2019-03-18 17:25:19,089/CST][Service Center Task [java.util.concurrent.ThreadPoolExecutor$Worker@7cc742d[State = -1, empty queue][37]]][INFO]sc task interval changed from -1 to 30 org.apache.servicecomb.serviceregistry.task.ServiceCenterTaskMonitor.beginCycle(ServiceCenterTaskMonitor.java:39)
[2019-03-18 17:28:39,191/CST][monitor-center-vert.x-eventloop-thread-0][WARN]Send data to url /v2/default/csemonitor/metric?service=provider failed and status line is 429 com.huawei.paas.monitor.DefaultMonitorDataPublisher.lambda$null$1(DefaultMonitorDataPublisher.java:178)
[2019-03-18 17:28:39,193/CST][monitor-center-vert.x-eventloop-thread-0][WARN]message: {"error_msg":"Throttling threshold reached: policy api over ratelimit,limit:150,time:1 second","error_code":"APIGW.0308","request_id":"9d5c711b25665a85e7f2b938e250f631"}
 com.huawei.paas.monitor.DefaultMonitorDataPublisher.lambda$null$1(DefaultMonitorDataPublisher.java:181)
[2019-03-18 17:28:49,192/CST][monitor-center-vert.x-eventloop-thread-0][WARN]Send data to url /v2/default/csemonitor/metric?service=provider failed and status line is 429 com.huawei.paas.monitor.DefaultMonitorDataPublisher.lambda$null$1(DefaultMonitorDataPublisher.java:178)
[2019-03-18 17:28:49,193/CST][monitor-center-vert.x-eventloop-thread-0][WARN]message: {"error_msg":"Throttling threshold reached: policy api over ratelimit,limit:150,time:1 second","error_code":"APIGW.0308","request_id":"bce0b47a875786139d6ec6d43fc0c2c0"}
 com.huawei.paas.monitor.DefaultMonitorDataPublisher.lambda$null$1(DefaultMonitorDataPublisher.java:181)
[2019-03-18 17:29:19,198/CST][monitor-center-vert.x-eventloop-thread-0][WARN]Send data to url /v2/default/csemonitor/metric?service=provider failed and status line is 429 com.huawei.paas.monitor.DefaultMonitorDataPublisher.lambda$null$1(DefaultMonitorDataPublisher.java:178)
[2019-03-18 17:29:19,199/CST][monitor-center-vert.x-eventloop-thread-0][WARN]message: {"error_msg":"Throttling threshold reached: policy api over ratelimit,limit:150,time:1 second","error_code":"APIGW.0308","request_id":"79dbe663a3742d29eec4ec339cf665b3"}
 com.huawei.paas.monitor.DefaultMonitorDataPublisher.lambda$null$1(DefaultMonitorDataPublisher.java:181)
[2019-03-18 17:29:29,197/CST][monitor-center-vert.x-eventloop-thread-0][WARN]Send data to url /v2/default/csemonitor/metric?service=provider failed and status line is 429 com.huawei.paas.monitor.DefaultMonitorDataPublisher.lambda$null$1(DefaultMonitorDataPublisher.java:178)
[2019-03-18 17:29:29,199/CST][monitor-center-vert.x-eventloop-thread-0][WARN]message: {"error_msg":"Throttling threshold reached: policy api over ratelimit,limit:150,time:1 second","error_code":"APIGW.0308","request_id":"56ff67d5fb700f886192106522b1faf2"}
 com.huawei.paas.monitor.DefaultMonitorDataPublisher.lambda$null$1(DefaultMonitorDataPublisher.java:181)
[2019-03-18 17:29:39,201/CST][monitor-center-vert.x-eventloop-thread-0][WARN]Send data to url /v2/default/csemonitor/metric?service=provider failed and status line is 429 com.huawei.paas.monitor.DefaultMonitorDataPublisher.lambda$null$1(DefaultMonitorDataPublisher.java:178)
[2019-03-18 17:29:39,201/CST][monitor-center-vert.x-eventloop-thread-0][WARN]message: {"error_msg":"Throttling threshold reached: policy api over ratelimit,limit:150,time:1 second","error_code":"APIGW.0308","request_id":"256cd07ce15e6b89113052452af7cc58"}
 com.huawei.paas.monitor.DefaultMonitorDataPublisher.lambda$null$1(DefaultMonitorDataPublisher.java:181)
[2019-03-18 17:29:49,179/CST][registry-vert.x-eventloop-thread-0][WARN]failed to findInstances: {"errorCode":"400012","errorMessage":"Micro-service does not exist","detail":"Consumer[c4ad28eb44c62b19e91fca2793f97679c20d7415][development/Training21Days-HelloWorld/provider/0.0.1] find provider[development/default/CseMonitoring/latest] failed, provider does not exist."}
 org.apache.servicecomb.serviceregistry.client.http.ServiceRegistryClientImpl.lambda$null$7(ServiceRegistryClientImpl.java:242)
[2019-03-18 17:29:59,182/CST][registry-vert.x-eventloop-thread-0][WARN]failed to findInstances: {"errorCode":"400012","errorMessage":"Micro-service does not exist","detail":"Consumer[c4ad28eb44c62b19e91fca2793f97679c20d7415][development/Training21Days-HelloWorld/provider/0.0.1] find provider[development/default/CseMonitoring/latest] failed, provider does not exist."}
 org.apache.servicecomb.serviceregistry.client.http.ServiceRegistryClientImpl.lambda$null$7(ServiceRegistryClientImpl.java:242)
[2019-03-18 17:30:09,189/CST][registry-vert.x-eventloop-thread-0][WARN]failed to findInstances: {"errorCode":"400012","errorMessage":"Micro-service does not exist","detail":"Consumer[c4ad28eb44c62b19e91fca2793f97679c20d7415][development/Training21Days-HelloWorld/provider/0.0.1] find provider[development/default/CseMonitoring/latest] failed, provider does not exist."}
 org.apache.servicecomb.serviceregistry.client.http.ServiceRegistryClientImpl.lambda$null$7(ServiceRegistryClientImpl.java:242)
[2019-03-18 17:30:15,102/CST][transport-vert.x-eventloop-thread-4][INFO]Found SPI service javax.ws.rs.core.Response$StatusType, count=0. org.apache.servicecomb.foundation.common.utils.SPIServiceUtils.loadSortedService(SPIServiceUtils.java:79)
[2019-03-18 17:30:15,106/CST][transport-vert.x-eventloop-thread-4][INFO]Found SPI service org.apache.servicecomb.core.tracing.TraceIdGenerator, count=1. org.apache.servicecomb.foundation.common.utils.SPIServiceUtils.loadSortedService(SPIServiceUtils.java:79)
[2019-03-18 17:30:15,106/CST][transport-vert.x-eventloop-thread-4][INFO]  0. org.apache.servicecomb.core.tracing.BraveTraceIdGenerator. org.apache.servicecomb.foundation.common.utils.SPIServiceUtils.loadSortedService(SPIServiceUtils.java:82)
[2019-03-18 17:30:15,115/CST][transport-vert.x-eventloop-thread-4][INFO]Create qpsController, configKey = [consumer] org.apache.servicecomb.qps.QpsControllerManager.createQpsControllerIfNotExist(QpsControllerManager.java:125)
[2019-03-18 17:30:15,116/CST][transport-vert.x-eventloop-thread-4][INFO]Create qpsController, configKey = [consumer.hello] org.apache.servicecomb.qps.QpsControllerManager.createQpsControllerIfNotExist(QpsControllerManager.java:125)
[2019-03-18 17:30:15,116/CST][transport-vert.x-eventloop-thread-4][INFO]Create qpsController, configKey = [consumer.hello.sayHello] org.apache.servicecomb.qps.QpsControllerManager.createQpsControllerIfNotExist(QpsControllerManager.java:125)
[2019-03-18 17:30:15,310/CST][pool-2-thread-1][INFO]HV000001: Hibernate Validator 6.0.2.Final org.hibernate.validator.internal.util.Version.<clinit>(Version.java:21)
[2019-03-18 17:34:39,288/CST][monitor-center-vert.x-eventloop-thread-0][WARN]Send data to url /v2/default/csemonitor/metric?service=provider failed and status line is 429 com.huawei.paas.monitor.DefaultMonitorDataPublisher.lambda$null$1(DefaultMonitorDataPublisher.java:178)
[2019-03-18 17:34:39,290/CST][monitor-center-vert.x-eventloop-thread-0][WARN]message: {"error_msg":"Throttling threshold reached: policy api over ratelimit,limit:150,time:1 second","error_code":"APIGW.0308","request_id":"24c18dcb7690eb347e3f47c70b1501f1"}
 com.huawei.paas.monitor.DefaultMonitorDataPublisher.lambda$null$1(DefaultMonitorDataPublisher.java:181)
[2019-03-18 17:34:49,290/CST][monitor-center-vert.x-eventloop-thread-0][WARN]Send data to url /v2/default/csemonitor/metric?service=provider failed and status line is 429 com.huawei.paas.monitor.DefaultMonitorDataPublisher.lambda$null$1(DefaultMonitorDataPublisher.java:178)
[2019-03-18 17:34:49,290/CST][monitor-center-vert.x-eventloop-thread-0][WARN]message: {"error_msg":"Throttling threshold reached: policy api over ratelimit,limit:150,time:1 second","error_code":"APIGW.0308","request_id":"1645f7a338e499410dae14e3964f9bde"}
 com.huawei.paas.monitor.DefaultMonitorDataPublisher.lambda$null$1(DefaultMonitorDataPublisher.java:181)
[2019-03-18 17:34:59,293/CST][monitor-center-vert.x-eventloop-thread-0][WARN]Send data to url /v2/default/csemonitor/metric?service=provider failed and status line is 429 com.huawei.paas.monitor.DefaultMonitorDataPublisher.lambda$null$1(DefaultMonitorDataPublisher.java:178)
[2019-03-18 17:34:59,294/CST][monitor-center-vert.x-eventloop-thread-0][WARN]message: {"error_msg":"Throttling threshold reached: policy api over ratelimit,limit:150,time:1 second","error_code":"APIGW.0308","request_id":"624927500b9f8da827238214084b93e3"}
 com.huawei.paas.monitor.DefaultMonitorDataPublisher.lambda$null$1(DefaultMonitorDataPublisher.java:181)
[2019-03-18 17:35:09,265/CST][registry-vert.x-eventloop-thread-0][WARN]failed to findInstances: {"errorCode":"400012","errorMessage":"Micro-service does not exist","detail":"Consumer[c4ad28eb44c62b19e91fca2793f97679c20d7415][development/Training21Days-HelloWorld/provider/0.0.1] find provider[development/default/CseMonitoring/latest] failed, provider does not exist."}
 org.apache.servicecomb.serviceregistry.client.http.ServiceRegistryClientImpl.lambda$null$7(ServiceRegistryClientImpl.java:242)
