[2019-03-18 14:37:35,972/CST][main][ERROR]Can not output merged.log4j.properties,because can not write to directory of file file:/C:/Users/easty/.m2/repository/org/apache/servicecomb/transport-rest-vertx/1.1.0.B036/transport-rest-vertx-1.1.0.B036.jar!/config/base/log4j.properties org.apache.servicecomb.foundation.common.utils.Log4jUtils.outputFile(Log4jUtils.java:103)
[2019-03-18 14:37:35,980/CST][main][INFO]Found main class "microservice.demo.training21days.provider.AppMain". org.apache.servicecomb.foundation.common.utils.JvmUtils.findMainClass(JvmUtils.java:62)
[2019-03-18 14:37:36,003/CST][main][INFO]Refreshing org.springframework.context.support.ClassPathXmlApplicationContext@2d3fcdbd: startup date [Mon Mar 18 14:37:36 CST 2019]; root of context hierarchy org.springframework.context.support.AbstractApplicationContext.prepareRefresh(AbstractApplicationContext.java:583)
[2019-03-18 14:37:36,052/CST][main][INFO]Loading XML bean definitions from URL [jar:file:/C:/Users/easty/.m2/repository/org/apache/servicecomb/foundation-config/1.1.0.B036/foundation-config-1.1.0.B036.jar!/META-INF/spring/cse.bean.xml] org.springframework.beans.factory.xml.XmlBeanDefinitionReader.loadBeanDefinitions(XmlBeanDefinitionReader.java:317)
[2019-03-18 14:37:36,150/CST][main][INFO]Loading XML bean definitions from URL [jar:file:/C:/Users/easty/.m2/repository/org/apache/servicecomb/foundation-vertx/1.1.0.B036/foundation-vertx-1.1.0.B036.jar!/META-INF/spring/cse.bean.xml] org.springframework.beans.factory.xml.XmlBeanDefinitionReader.loadBeanDefinitions(XmlBeanDefinitionReader.java:317)
[2019-03-18 14:37:36,167/CST][main][INFO]Loading XML bean definitions from URL [jar:file:/C:/Users/easty/.m2/repository/org/apache/servicecomb/java-chassis-core/1.1.0.B036/java-chassis-core-1.1.0.B036.jar!/META-INF/spring/cse.bean.xml] org.springframework.beans.factory.xml.XmlBeanDefinitionReader.loadBeanDefinitions(XmlBeanDefinitionReader.java:317)
[2019-03-18 14:37:36,691/CST][main][INFO]Loading XML bean definitions from URL [jar:file:/C:/Users/easty/.m2/repository/org/apache/servicecomb/handler-bizkeeper/1.1.0.B036/handler-bizkeeper-1.1.0.B036.jar!/META-INF/spring/cse.bean.xml] org.springframework.beans.factory.xml.XmlBeanDefinitionReader.loadBeanDefinitions(XmlBeanDefinitionReader.java:317)
[2019-03-18 14:37:36,701/CST][main][INFO]Loading XML bean definitions from URL [jar:file:/C:/Users/easty/.m2/repository/org/apache/servicecomb/handler-loadbalance/1.1.0.B036/handler-loadbalance-1.1.0.B036.jar!/META-INF/spring/cse.bean.xml] org.springframework.beans.factory.xml.XmlBeanDefinitionReader.loadBeanDefinitions(XmlBeanDefinitionReader.java:317)
[2019-03-18 14:37:36,711/CST][main][INFO]Loading XML bean definitions from URL [jar:file:/C:/Users/easty/.m2/repository/com/huawei/paas/cse/cse-handler-cloud-extension/2.3.62/cse-handler-cloud-extension-2.3.62.jar!/META-INF/spring/services.bean.xml] org.springframework.beans.factory.xml.XmlBeanDefinitionReader.loadBeanDefinitions(XmlBeanDefinitionReader.java:317)
[2019-03-18 14:37:36,929/CST][main][INFO]Environment received, will get configurations from [org.springframework.core.env.StandardEnvironment@659059448]. org.apache.servicecomb.config.ConfigurationSpringInitializer.setEnvironment(ConfigurationSpringInitializer.java:59)
[2019-03-18 14:37:36,948/CST][main][WARN]No URLs will be polled as dynamic configuration sources. com.netflix.config.sources.URLConfigurationSource.<init>(URLConfigurationSource.java:121)
[2019-03-18 14:37:36,949/CST][main][INFO]To enable URLs as dynamic configuration sources, define System property archaius.configurationSource.additionalUrls or make config.properties available on classpath. com.netflix.config.sources.URLConfigurationSource.<init>(URLConfigurationSource.java:122)
[2019-03-18 14:37:37,014/CST][main][INFO]create local config: org.apache.servicecomb.config.ConfigUtil.createLocalConfig(ConfigUtil.java:114)
[2019-03-18 14:37:37,014/CST][main][INFO] jar:file:/C:/Users/easty/.m2/repository/org/apache/servicecomb/java-chassis-core/1.1.0.B036/java-chassis-core-1.1.0.B036.jar!/microservice.yaml. org.apache.servicecomb.config.ConfigUtil.createLocalConfig(ConfigUtil.java:116)
[2019-03-18 14:37:37,015/CST][main][INFO] jar:file:/C:/Users/easty/.m2/repository/com/huawei/paas/cse/cse-solution-service-engine/2.3.62/cse-solution-service-engine-2.3.62.jar!/microservice.yaml. org.apache.servicecomb.config.ConfigUtil.createLocalConfig(ConfigUtil.java:116)
[2019-03-18 14:37:37,015/CST][main][INFO] file:/E:/MicroService/huawei/demo/Demo-Day2/helloworld-provider/target/classes/microservice.yaml. org.apache.servicecomb.config.ConfigUtil.createLocalConfig(ConfigUtil.java:116)
[2019-03-18 14:37:37,043/CST][main][INFO]Found SPI service org.apache.servicecomb.config.spi.ConfigCenterConfigurationSource, count=1. org.apache.servicecomb.foundation.common.utils.SPIServiceUtils.loadSortedService(SPIServiceUtils.java:79)
[2019-03-18 14:37:37,044/CST][main][INFO]  0. org.apache.servicecomb.config.archaius.sources.ConfigCenterConfigurationSourceImpl. org.apache.servicecomb.foundation.common.utils.SPIServiceUtils.loadSortedService(SPIServiceUtils.java:82)
[2019-03-18 14:37:37,049/CST][main][INFO]create local config: org.apache.servicecomb.config.ConfigUtil.createLocalConfig(ConfigUtil.java:114)
[2019-03-18 14:37:37,049/CST][main][INFO] jar:file:/C:/Users/easty/.m2/repository/org/apache/servicecomb/java-chassis-core/1.1.0.B036/java-chassis-core-1.1.0.B036.jar!/microservice.yaml. org.apache.servicecomb.config.ConfigUtil.createLocalConfig(ConfigUtil.java:116)
[2019-03-18 14:37:37,050/CST][main][INFO] jar:file:/C:/Users/easty/.m2/repository/com/huawei/paas/cse/cse-solution-service-engine/2.3.62/cse-solution-service-engine-2.3.62.jar!/microservice.yaml. org.apache.servicecomb.config.ConfigUtil.createLocalConfig(ConfigUtil.java:116)
[2019-03-18 14:37:37,050/CST][main][INFO] file:/E:/MicroService/huawei/demo/Demo-Day2/helloworld-provider/target/classes/microservice.yaml. org.apache.servicecomb.config.ConfigUtil.createLocalConfig(ConfigUtil.java:116)
[2019-03-18 14:37:37,060/CST][main][INFO]Found SPI service org.apache.servicecomb.deployment.DeploymentProvider, count=1. org.apache.servicecomb.foundation.common.utils.SPIServiceUtils.loadSortedService(SPIServiceUtils.java:79)
[2019-03-18 14:37:37,060/CST][main][INFO]  0. org.apache.servicecomb.deployment.DefaultDeploymentProvider. org.apache.servicecomb.foundation.common.utils.SPIServiceUtils.loadSortedService(SPIServiceUtils.java:82)
[2019-03-18 14:37:37,444/CST][main][WARN]keyStore [server.p12] file not exist, please check! org.apache.servicecomb.foundation.vertx.VertxTLSBuilder.buildTCPSSLOptions(VertxTLSBuilder.java:118)
[2019-03-18 14:37:37,444/CST][main][WARN]trustStore [trust.jks] file not exist, please check! org.apache.servicecomb.foundation.vertx.VertxTLSBuilder.buildTCPSSLOptions(VertxTLSBuilder.java:138)
[2019-03-18 14:37:37,984/CST][config-center-vert.x-eventloop-thread-0][INFO]add network interface name:eth0,host address:192.168.99.1 org.apache.servicecomb.foundation.common.net.NetUtils.doGetIpv4AddressFromNetworkInterface(NetUtils.java:118)
[2019-03-18 14:37:37,993/CST][config-center-vert.x-eventloop-thread-0][INFO]add network interface name:eth2,host address:192.168.56.1 org.apache.servicecomb.foundation.common.net.NetUtils.doGetIpv4AddressFromNetworkInterface(NetUtils.java:118)
[2019-03-18 14:37:38,037/CST][config-center-vert.x-eventloop-thread-0][INFO]add network interface name:wlan2,host address:192.168.1.164 org.apache.servicecomb.foundation.common.net.NetUtils.doGetIpv4AddressFromNetworkInterface(NetUtils.java:118)
[2019-03-18 14:37:38,149/CST][config-center-vert.x-eventloop-thread-0][INFO]add host name from localhost:LAPTOP-QCSBEDK0,host address:192.168.99.1 org.apache.servicecomb.foundation.common.net.NetUtils.doGetHostNameAndHostAddress(NetUtils.java:76)
[2019-03-18 14:37:38,171/CST][config-center-vert.x-eventloop-thread-0][INFO]Found SPI service com.huawei.paas.foundation.auth.credentials.AKSKCipher, count=2. org.apache.servicecomb.foundation.common.utils.SPIServiceUtils.loadSortedService(SPIServiceUtils.java:79)
[2019-03-18 14:37:38,172/CST][config-center-vert.x-eventloop-thread-0][INFO]  0. com.huawei.paas.foundation.auth.credentials.DefaultAKSKCipher. org.apache.servicecomb.foundation.common.utils.SPIServiceUtils.loadSortedService(SPIServiceUtils.java:82)
[2019-03-18 14:37:38,172/CST][config-center-vert.x-eventloop-thread-0][INFO]  1. com.huawei.paas.foundation.auth.credentials.SecurityAKSKCipher. org.apache.servicecomb.foundation.common.utils.SPIServiceUtils.loadSortedService(SPIServiceUtils.java:82)
[2019-03-18 14:37:38,173/CST][config-center-vert.x-eventloop-thread-0][INFO]add ak/sk cipher default com.huawei.paas.foundation.auth.credentials.AKSKManager.lambda$static$0(AKSKManager.java:41)
[2019-03-18 14:37:38,173/CST][config-center-vert.x-eventloop-thread-0][INFO]add ak/sk cipher security com.huawei.paas.foundation.auth.credentials.AKSKManager.lambda$static$0(AKSKManager.java:41)
[2019-03-18 14:37:38,174/CST][config-center-vert.x-eventloop-thread-0][INFO]read ak/sk from microservice.yaml. com.huawei.paas.foundation.auth.credentials.AKSKOption.buildFromYaml(AKSKOption.java:158)
[2019-03-18 14:37:44,142/CST][main][INFO]JSR-330 'javax.inject.Inject' annotation found and supported for autowiring org.springframework.beans.factory.annotation.AutowiredAnnotationBeanPostProcessor.<init>(AutowiredAnnotationBeanPostProcessor.java:155)
[2019-03-18 14:37:44,254/CST][main][INFO]Found SPI service org.apache.servicecomb.swagger.generator.core.CommonParameterTypeProcessor, count=3. org.apache.servicecomb.foundation.common.utils.SPIServiceUtils.loadSortedService(SPIServiceUtils.java:79)
[2019-03-18 14:37:44,255/CST][main][INFO]  0. org.apache.servicecomb.swagger.generator.springmvc.processor.parameter.MultipartFileTypeProcessor. org.apache.servicecomb.foundation.common.utils.SPIServiceUtils.loadSortedService(SPIServiceUtils.java:82)
[2019-03-18 14:37:44,255/CST][main][INFO]  1. org.apache.servicecomb.swagger.generator.core.processor.parametertype.HttpServletRequestProcessor. org.apache.servicecomb.foundation.common.utils.SPIServiceUtils.loadSortedService(SPIServiceUtils.java:82)
[2019-03-18 14:37:44,256/CST][main][INFO]  2. org.apache.servicecomb.swagger.invocation.generator.InvocationContextProcessor. org.apache.servicecomb.foundation.common.utils.SPIServiceUtils.loadSortedService(SPIServiceUtils.java:82)
[2019-03-18 14:37:44,262/CST][main][INFO]Found SPI service org.apache.servicecomb.swagger.generator.core.ResponseTypeProcessor, count=3. org.apache.servicecomb.foundation.common.utils.SPIServiceUtils.loadSortedService(SPIServiceUtils.java:79)
[2019-03-18 14:37:44,263/CST][main][INFO]  0. org.apache.servicecomb.swagger.generator.springmvc.processor.response.ResponseEntityProcessor. org.apache.servicecomb.foundation.common.utils.SPIServiceUtils.loadSortedService(SPIServiceUtils.java:82)
[2019-03-18 14:37:44,263/CST][main][INFO]  1. org.apache.servicecomb.swagger.generator.core.processor.response.CompletableFutureProcessor. org.apache.servicecomb.foundation.common.utils.SPIServiceUtils.loadSortedService(SPIServiceUtils.java:82)
[2019-03-18 14:37:44,263/CST][main][INFO]  2. org.apache.servicecomb.swagger.generator.jaxrs.processor.response.JaxrsResponseProcessor. org.apache.servicecomb.foundation.common.utils.SPIServiceUtils.loadSortedService(SPIServiceUtils.java:82)
[2019-03-18 14:37:44,287/CST][main][INFO]Found SPI service org.apache.servicecomb.swagger.generator.core.SwaggerGeneratorContext, count=3. org.apache.servicecomb.foundation.common.utils.SPIServiceUtils.loadSortedService(SPIServiceUtils.java:79)
[2019-03-18 14:37:44,287/CST][main][INFO]  0. org.apache.servicecomb.swagger.generator.springmvc.SpringmvcSwaggerGeneratorContext. org.apache.servicecomb.foundation.common.utils.SPIServiceUtils.loadSortedService(SPIServiceUtils.java:82)
[2019-03-18 14:37:44,288/CST][main][INFO]  1. org.apache.servicecomb.swagger.generator.jaxrs.JaxrsSwaggerGeneratorContext. org.apache.servicecomb.foundation.common.utils.SPIServiceUtils.loadSortedService(SPIServiceUtils.java:82)
[2019-03-18 14:37:44,288/CST][main][INFO]  2. org.apache.servicecomb.swagger.generator.pojo.PojoSwaggerGeneratorContext. org.apache.servicecomb.foundation.common.utils.SPIServiceUtils.loadSortedService(SPIServiceUtils.java:82)
[2019-03-18 14:37:44,325/CST][main][INFO]Found SPI service org.apache.servicecomb.swagger.invocation.response.producer.ProducerResponseMapperFactory, count=5. org.apache.servicecomb.foundation.common.utils.SPIServiceUtils.loadSortedService(SPIServiceUtils.java:79)
[2019-03-18 14:37:44,326/CST][main][INFO]  0. org.apache.servicecomb.swagger.invocation.springmvc.response.SpringmvcProducerResponseMapperFactory. org.apache.servicecomb.foundation.common.utils.SPIServiceUtils.loadSortedService(SPIServiceUtils.java:82)
[2019-03-18 14:37:44,326/CST][main][INFO]  1. org.apache.servicecomb.swagger.invocation.jaxrs.response.JaxrsProducerResponseMapperFactory. org.apache.servicecomb.foundation.common.utils.SPIServiceUtils.loadSortedService(SPIServiceUtils.java:82)
[2019-03-18 14:37:44,326/CST][main][INFO]  2. org.apache.servicecomb.swagger.invocation.response.producer.CseResponseProducerResponseMapperFactory. org.apache.servicecomb.foundation.common.utils.SPIServiceUtils.loadSortedService(SPIServiceUtils.java:82)
[2019-03-18 14:37:44,327/CST][main][INFO]  3. org.apache.servicecomb.swagger.invocation.response.producer.CompletableFutureProducerResponseMapperFactory. org.apache.servicecomb.foundation.common.utils.SPIServiceUtils.loadSortedService(SPIServiceUtils.java:82)
[2019-03-18 14:37:44,327/CST][main][INFO]  4. org.apache.servicecomb.swagger.invocation.response.producer.DefaultProducerResponseMapperFactory. org.apache.servicecomb.foundation.common.utils.SPIServiceUtils.loadSortedService(SPIServiceUtils.java:82)
[2019-03-18 14:37:44,333/CST][main][INFO]Found SPI service org.apache.servicecomb.swagger.invocation.response.consumer.ConsumerResponseMapperFactory, count=5. org.apache.servicecomb.foundation.common.utils.SPIServiceUtils.loadSortedService(SPIServiceUtils.java:79)
[2019-03-18 14:37:44,333/CST][main][INFO]  0. org.apache.servicecomb.swagger.invocation.springmvc.response.SpringmvcConsumerResponseMapperFactory. org.apache.servicecomb.foundation.common.utils.SPIServiceUtils.loadSortedService(SPIServiceUtils.java:82)
[2019-03-18 14:37:44,334/CST][main][INFO]  1. org.apache.servicecomb.swagger.invocation.jaxrs.response.JaxrsConsumerResponseMapperFactory. org.apache.servicecomb.foundation.common.utils.SPIServiceUtils.loadSortedService(SPIServiceUtils.java:82)
[2019-03-18 14:37:44,334/CST][main][INFO]  2. org.apache.servicecomb.swagger.invocation.response.consumer.CseResponseConsumerResponseMapperFactory. org.apache.servicecomb.foundation.common.utils.SPIServiceUtils.loadSortedService(SPIServiceUtils.java:82)
[2019-03-18 14:37:44,334/CST][main][INFO]  3. org.apache.servicecomb.swagger.invocation.response.consumer.CompletableFutureConsumerResponseMapperFactory. org.apache.servicecomb.foundation.common.utils.SPIServiceUtils.loadSortedService(SPIServiceUtils.java:82)
[2019-03-18 14:37:44,334/CST][main][INFO]  4. org.apache.servicecomb.swagger.invocation.response.consumer.DefaultConsumerResponseMapperFactory. org.apache.servicecomb.foundation.common.utils.SPIServiceUtils.loadSortedService(SPIServiceUtils.java:82)
[2019-03-18 14:37:44,442/CST][main][INFO]load microservice config, name=provider, paths=[jar:file:/C:/Users/easty/.m2/repository/org/apache/servicecomb/java-chassis-core/1.1.0.B036/java-chassis-core-1.1.0.B036.jar!/microservice.yaml, jar:file:/C:/Users/easty/.m2/repository/com/huawei/paas/cse/cse-solution-service-engine/2.3.62/cse-solution-service-engine-2.3.62.jar!/microservice.yaml, file:/E:/MicroService/huawei/demo/Demo-Day2/helloworld-provider/target/classes/microservice.yaml] org.apache.servicecomb.serviceregistry.definition.MicroserviceDefinition.logConfigPath(MicroserviceDefinition.java:142)
[2019-03-18 14:37:44,450/CST][main][INFO]It is running in the normal mode, a separated service registry is required org.apache.servicecomb.serviceregistry.registry.ServiceRegistryFactory.create(ServiceRegistryFactory.java:81)
[2019-03-18 14:37:44,468/CST][main][INFO]Found SPI service org.apache.servicecomb.serviceregistry.registry.ServiceRegistryTaskInitializer, count=1. org.apache.servicecomb.foundation.common.utils.SPIServiceUtils.loadSortedService(SPIServiceUtils.java:79)
[2019-03-18 14:37:44,469/CST][main][INFO]  0. org.apache.servicecomb.serviceregistry.diagnosis.instance.InstanceCacheCheckTask. org.apache.servicecomb.foundation.common.utils.SPIServiceUtils.loadSortedService(SPIServiceUtils.java:82)
[2019-03-18 14:37:44,471/CST][main][INFO]microserviceVersionFactory is org.apache.servicecomb.core.definition.PrivateMicroserviceVersionMetaFactory. org.apache.servicecomb.serviceregistry.registry.AbstractServiceRegistry.initAppManager(AbstractServiceRegistry.java:125)
[2019-03-18 14:37:44,492/CST][main][INFO]executor group 2, thread per group 8. org.apache.servicecomb.core.executor.FixedThreadExecutor.<init>(FixedThreadExecutor.java:56)
[2019-03-18 14:37:44,657/CST][main][INFO]Found SPI service org.apache.servicecomb.core.BootListener, count=0. org.apache.servicecomb.foundation.common.utils.SPIServiceUtils.loadSortedService(SPIServiceUtils.java:79)
[2019-03-18 14:37:44,700/CST][main][INFO]Loaded properties file jar:file:/C:/Users/easty/.m2/repository/org/apache/servicecomb/handler-bizkeeper/1.1.0.B036/handler-bizkeeper-1.1.0.B036.jar!/hystrix-plugins.properties com.netflix.config.util.ConfigurationUtils.getConfigFromPropertiesFile(ConfigurationUtils.java:183)
[2019-03-18 14:37:44,718/CST][main][INFO]select [org.apache.servicecomb.swagger.generator.springmvc.SpringmvcSwaggerGeneratorContext] for [microservice.demo.training21days.provider.service.HelloService] to generate schema. org.apache.servicecomb.swagger.generator.core.CompositeSwaggerGeneratorContext.lambda$selectContext$0(CompositeSwaggerGeneratorContext.java:61)
[2019-03-18 14:37:44,737/CST][main][INFO]Found SPI service org.apache.servicecomb.swagger.extend.property.creator.PropertyCreator, count=1. org.apache.servicecomb.foundation.common.utils.SPIServiceUtils.loadSortedService(SPIServiceUtils.java:79)
[2019-03-18 14:37:44,737/CST][main][INFO]  0. org.apache.servicecomb.swagger.extend.property.creator.springmvc.MultipartFilePropertyCreator. org.apache.servicecomb.foundation.common.utils.SPIServiceUtils.loadSortedService(SPIServiceUtils.java:82)
[2019-03-18 14:37:44,871/CST][main][INFO]generate swagger for Training21Days-HelloWorld/provider/hello, swagger: ---
swagger: "2.0"
info:
  version: "1.0.0"
  title: "swagger definition for microservice.demo.training21days.provider.service.HelloService"
  x-java-interface: "cse.gen.Training21Days_HelloWorld.provider.hello.HelloServiceIntf"
basePath: "/provider/v0"
consumes:
- "application/json"
produces:
- "application/json"
paths:
  /greeting:
    post:
      operationId: "greeting"
      parameters:
      - in: "body"
        name: "person"
        required: true
        schema:
          $ref: "#/definitions/Person"
      responses:
        200:
          description: "response of 200"
          schema:
            $ref: "#/definitions/GreetingResponse"
  /hello/{name}:
    get:
      operationId: "sayHello"
      parameters:
      - name: "name"
        in: "path"
        required: true
        type: "string"
      responses:
        200:
          description: "response of 200"
          schema:
            type: "string"
definitions:
  Person:
    type: "object"
    properties:
      name:
        type: "string"
      gender:
        type: "string"
        enum:
        - "MALE"
        - "FEMALE"
        x-java-class: "microservice.demo.training21days.provider.service.Gender"
    x-java-class: "microservice.demo.training21days.provider.service.Person"
  GreetingResponse:
    type: "object"
    properties:
      msg:
        type: "string"
      timestamp:
        type: "string"
        format: "date-time"
    x-java-class: "microservice.demo.training21days.provider.service.GreetingResponse"
 org.apache.servicecomb.core.definition.schema.ProducerSchemaFactory.createSchema(ProducerSchemaFactory.java:118)
[2019-03-18 14:37:44,871/CST][main][INFO]register schema Training21Days-HelloWorld/provider/hello org.apache.servicecomb.core.definition.loader.SchemaLoader.registerSchema(SchemaLoader.java:83)
[2019-03-18 14:37:44,936/CST][main][INFO]create CtClass cse.gen.Training21Days_HelloWorld.provider.hello.HelloServiceIntf in classLoader sun.misc.Launcher$AppClassLoader@73d16e93. org.apache.servicecomb.common.javassist.JavassistUtils.createCtClass(JavassistUtils.java:185)
[2019-03-18 14:37:44,937/CST][main][INFO]create class cse.gen.Training21Days_HelloWorld.provider.hello.HelloServiceIntf in classLoader sun.misc.Launcher$AppClassLoader@73d16e93. org.apache.servicecomb.common.javassist.JavassistUtils.createClass(JavassistUtils.java:217)
[2019-03-18 14:37:44,940/CST][main][INFO]Found SPI service org.apache.servicecomb.swagger.invocation.response.ResponseMetaMapper, count=0. org.apache.servicecomb.foundation.common.utils.SPIServiceUtils.loadSortedService(SPIServiceUtils.java:79)
[2019-03-18 14:37:44,940/CST][main][INFO]Can not find SPI service for org.apache.servicecomb.swagger.invocation.response.ResponseMetaMapper org.apache.servicecomb.foundation.common.utils.SPIServiceUtils.getPriorityHighestService(SPIServiceUtils.java:128)
[2019-03-18 14:37:44,949/CST][main][INFO]Found SPI service org.apache.servicecomb.serviceregistry.discovery.DiscoveryFilter, count=5. org.apache.servicecomb.foundation.common.utils.SPIServiceUtils.loadSortedService(SPIServiceUtils.java:79)
[2019-03-18 14:37:44,949/CST][main][INFO]  0. org.apache.servicecomb.serviceregistry.discovery.InstanceStatusDiscoveryFilter. org.apache.servicecomb.foundation.common.utils.SPIServiceUtils.loadSortedService(SPIServiceUtils.java:82)
[2019-03-18 14:37:44,949/CST][main][INFO]  1. org.apache.servicecomb.core.filter.OperationInstancesDiscoveryFilter. org.apache.servicecomb.foundation.common.utils.SPIServiceUtils.loadSortedService(SPIServiceUtils.java:82)
[2019-03-18 14:37:44,950/CST][main][INFO]  2. org.apache.servicecomb.loadbalance.filter.ZoneAwareDiscoveryFilter. org.apache.servicecomb.foundation.common.utils.SPIServiceUtils.loadSortedService(SPIServiceUtils.java:82)
[2019-03-18 14:37:44,950/CST][main][INFO]  3. org.apache.servicecomb.loadbalance.filter.InstancePropertyDiscoveryFilter. org.apache.servicecomb.foundation.common.utils.SPIServiceUtils.loadSortedService(SPIServiceUtils.java:82)
[2019-03-18 14:37:44,950/CST][main][INFO]  4. org.apache.servicecomb.loadbalance.filter.IsolationDiscoveryFilter. org.apache.servicecomb.foundation.common.utils.SPIServiceUtils.loadSortedService(SPIServiceUtils.java:82)
[2019-03-18 14:37:44,952/CST][main][INFO]DiscoveryFilter org.apache.servicecomb.serviceregistry.discovery.InstanceStatusDiscoveryFilter, enabled true. org.apache.servicecomb.serviceregistry.discovery.DiscoveryTree.sort(DiscoveryTree.java:104)
[2019-03-18 14:37:44,952/CST][main][INFO]DiscoveryFilter org.apache.servicecomb.core.filter.OperationInstancesDiscoveryFilter, enabled true. org.apache.servicecomb.serviceregistry.discovery.DiscoveryTree.sort(DiscoveryTree.java:104)
[2019-03-18 14:37:44,952/CST][main][INFO]DiscoveryFilter org.apache.servicecomb.loadbalance.filter.ZoneAwareDiscoveryFilter, enabled true. org.apache.servicecomb.serviceregistry.discovery.DiscoveryTree.sort(DiscoveryTree.java:104)
[2019-03-18 14:37:44,953/CST][main][INFO]DiscoveryFilter org.apache.servicecomb.loadbalance.filter.InstancePropertyDiscoveryFilter, enabled true. org.apache.servicecomb.serviceregistry.discovery.DiscoveryTree.sort(DiscoveryTree.java:104)
[2019-03-18 14:37:44,953/CST][main][INFO]DiscoveryFilter org.apache.servicecomb.loadbalance.filter.IsolationDiscoveryFilter, enabled true. org.apache.servicecomb.serviceregistry.discovery.DiscoveryTree.sort(DiscoveryTree.java:104)
[2019-03-18 14:37:44,953/CST][main][INFO]DiscoveryFilter org.apache.servicecomb.loadbalance.filter.ServerDiscoveryFilter, enabled true. org.apache.servicecomb.serviceregistry.discovery.DiscoveryTree.sort(DiscoveryTree.java:104)
[2019-03-18 14:37:44,955/CST][main][INFO]Found SPI service org.apache.servicecomb.faultinjection.Fault, count=2. org.apache.servicecomb.foundation.common.utils.SPIServiceUtils.loadSortedService(SPIServiceUtils.java:79)
[2019-03-18 14:37:44,955/CST][main][INFO]  0. org.apache.servicecomb.faultinjection.DelayFault. org.apache.servicecomb.foundation.common.utils.SPIServiceUtils.loadSortedService(SPIServiceUtils.java:82)
[2019-03-18 14:37:44,956/CST][main][INFO]  1. org.apache.servicecomb.faultinjection.AbortFault. org.apache.servicecomb.foundation.common.utils.SPIServiceUtils.loadSortedService(SPIServiceUtils.java:82)
[2019-03-18 14:37:44,969/CST][main][INFO]Found SPI service org.apache.servicecomb.swagger.invocation.extension.ProducerInvokeExtension, count=1. org.apache.servicecomb.foundation.common.utils.SPIServiceUtils.loadSortedService(SPIServiceUtils.java:79)
[2019-03-18 14:37:44,969/CST][main][INFO]  0. org.apache.servicecomb.swagger.invocation.validator.ParameterValidator. org.apache.servicecomb.foundation.common.utils.SPIServiceUtils.loadSortedService(SPIServiceUtils.java:82)
[2019-03-18 14:37:44,977/CST][main][WARN]address /0.0.0.0:8080, auto select a host address to publish 192.168.99.1:8080, maybe not the correct one org.apache.servicecomb.serviceregistry.RegistryUtils.genPublishIpPort(RegistryUtils.java:183)
[2019-03-18 14:37:44,979/CST][main][INFO]choose org.apache.servicecomb.transport.rest.vertx.VertxRestTransport for rest. org.apache.servicecomb.core.transport.TransportManager.chooseOneTransport(TransportManager.java:84)
[2019-03-18 14:37:44,980/CST][main][INFO]choose org.apache.servicecomb.transport.highway.HighwayTransport for highway. org.apache.servicecomb.core.transport.TransportManager.chooseOneTransport(TransportManager.java:84)
[2019-03-18 14:37:44,989/CST][main][INFO]Found SPI service org.apache.servicecomb.common.rest.filter.HttpClientFilter, count=3. org.apache.servicecomb.foundation.common.utils.SPIServiceUtils.loadSortedService(SPIServiceUtils.java:79)
[2019-03-18 14:37:44,989/CST][main][INFO]  0. org.apache.servicecomb.provider.springmvc.reference.RestTemplateCopyHeaderFilter. org.apache.servicecomb.foundation.common.utils.SPIServiceUtils.loadSortedService(SPIServiceUtils.java:82)
[2019-03-18 14:37:44,989/CST][main][INFO]  1. org.apache.servicecomb.common.rest.filter.inner.ClientRestArgsFilter. org.apache.servicecomb.foundation.common.utils.SPIServiceUtils.loadSortedService(SPIServiceUtils.java:82)
[2019-03-18 14:37:44,989/CST][main][INFO]  2. org.apache.servicecomb.transport.rest.client.http.DefaultHttpClientFilter. org.apache.servicecomb.foundation.common.utils.SPIServiceUtils.loadSortedService(SPIServiceUtils.java:82)
[2019-03-18 14:37:44,991/CST][main][WARN]keyStore [server.p12] file not exist, please check! org.apache.servicecomb.foundation.vertx.VertxTLSBuilder.buildTCPSSLOptions(VertxTLSBuilder.java:118)
[2019-03-18 14:37:44,991/CST][main][WARN]trustStore [trust.jks] file not exist, please check! org.apache.servicecomb.foundation.vertx.VertxTLSBuilder.buildTCPSSLOptions(VertxTLSBuilder.java:138)
[2019-03-18 14:37:44,992/CST][main][WARN]keyStore [server.p12] file not exist, please check! org.apache.servicecomb.foundation.vertx.VertxTLSBuilder.buildTCPSSLOptions(VertxTLSBuilder.java:118)
[2019-03-18 14:37:44,993/CST][main][WARN]trustStore [trust.jks] file not exist, please check! org.apache.servicecomb.foundation.vertx.VertxTLSBuilder.buildTCPSSLOptions(VertxTLSBuilder.java:138)
[2019-03-18 14:37:45,177/CST][transport-vert.x-eventloop-thread-4][INFO]Found SPI service org.apache.servicecomb.transport.rest.vertx.GlobalRestFailureHandler, count=0. org.apache.servicecomb.foundation.common.utils.SPIServiceUtils.loadSortedService(SPIServiceUtils.java:79)
[2019-03-18 14:37:45,177/CST][transport-vert.x-eventloop-thread-4][INFO]Can not find SPI service for org.apache.servicecomb.transport.rest.vertx.GlobalRestFailureHandler org.apache.servicecomb.foundation.common.utils.SPIServiceUtils.getPriorityHighestService(SPIServiceUtils.java:128)
[2019-03-18 14:37:45,187/CST][transport-vert.x-eventloop-thread-4][INFO]Found SPI service org.apache.servicecomb.common.rest.filter.HttpServerFilter, count=1. org.apache.servicecomb.foundation.common.utils.SPIServiceUtils.loadSortedService(SPIServiceUtils.java:79)
[2019-03-18 14:37:45,187/CST][transport-vert.x-eventloop-thread-4][INFO]  0. org.apache.servicecomb.common.rest.filter.inner.ServerRestArgsFilter. org.apache.servicecomb.foundation.common.utils.SPIServiceUtils.loadSortedService(SPIServiceUtils.java:82)
[2019-03-18 14:37:45,188/CST][transport-vert.x-eventloop-thread-4][INFO]Found SPI service org.apache.servicecomb.transport.rest.vertx.VertxHttpDispatcher, count=1. org.apache.servicecomb.foundation.common.utils.SPIServiceUtils.loadSortedService(SPIServiceUtils.java:79)
[2019-03-18 14:37:45,188/CST][transport-vert.x-eventloop-thread-4][INFO]  0. org.apache.servicecomb.transport.rest.vertx.VertxRestDispatcher. org.apache.servicecomb.foundation.common.utils.SPIServiceUtils.loadSortedService(SPIServiceUtils.java:82)
[2019-03-18 14:37:45,191/CST][transport-vert.x-eventloop-thread-4][INFO]servicecomb.uploads.directory is null, not support upload. org.apache.servicecomb.common.rest.UploadConfig.toMultipartConfigElement(UploadConfig.java:92)
[2019-03-18 14:37:45,212/CST][transport-vert.x-eventloop-thread-4][INFO]rest listen success. address=0.0.0.0:8080 org.apache.servicecomb.transport.rest.vertx.RestServerVerticle.lambda$startListen$3(RestServerVerticle.java:218)
[2019-03-18 14:37:45,213/CST][main][INFO]endpoint to publish: rest://192.168.99.1:8080 org.apache.servicecomb.core.transport.TransportManager.init(TransportManager.java:58)
[2019-03-18 14:37:45,215/CST][main][WARN]keyStore [server.p12] file not exist, please check! org.apache.servicecomb.foundation.vertx.VertxTLSBuilder.buildTCPSSLOptions(VertxTLSBuilder.java:118)
[2019-03-18 14:37:45,215/CST][main][WARN]trustStore [trust.jks] file not exist, please check! org.apache.servicecomb.foundation.vertx.VertxTLSBuilder.buildTCPSSLOptions(VertxTLSBuilder.java:138)
[2019-03-18 14:37:45,216/CST][main][WARN]keyStore [server.p12] file not exist, please check! org.apache.servicecomb.foundation.vertx.VertxTLSBuilder.buildTCPSSLOptions(VertxTLSBuilder.java:118)
[2019-03-18 14:37:45,216/CST][main][WARN]trustStore [trust.jks] file not exist, please check! org.apache.servicecomb.foundation.vertx.VertxTLSBuilder.buildTCPSSLOptions(VertxTLSBuilder.java:138)
[2019-03-18 14:37:45,224/CST][transport-vert.x-eventloop-thread-8][WARN]highway listen address is not configured, will not listen. org.apache.servicecomb.transport.highway.HighwayServerVerticle.startListen(HighwayServerVerticle.java:65)
[2019-03-18 14:37:45,228/CST][main][INFO]Found SPI service org.apache.servicecomb.common.rest.codec.produce.ProduceProcessor, count=2. org.apache.servicecomb.foundation.common.utils.SPIServiceUtils.loadSortedService(SPIServiceUtils.java:79)
[2019-03-18 14:37:45,228/CST][main][INFO]  0. org.apache.servicecomb.common.rest.codec.produce.ProduceJsonProcessor. org.apache.servicecomb.foundation.common.utils.SPIServiceUtils.loadSortedService(SPIServiceUtils.java:82)
[2019-03-18 14:37:45,228/CST][main][INFO]  1. org.apache.servicecomb.common.rest.codec.produce.ProduceTextPlainProcessor. org.apache.servicecomb.foundation.common.utils.SPIServiceUtils.loadSortedService(SPIServiceUtils.java:82)
[2019-03-18 14:37:45,236/CST][main][INFO]add schema to service paths. Training21Days-HelloWorld:provider:hello. org.apache.servicecomb.common.rest.locator.ServicePathManager.addSchema(ServicePathManager.java:91)
[2019-03-18 14:37:45,237/CST][main][INFO]Swagger mapped "{[/provider/v0/greeting/], method=[POST], produces=[application/json]}" onto public abstract microservice.demo.training21days.provider.service.GreetingResponse cse.gen.Training21Days_HelloWorld.provider.hello.HelloServiceIntf.greeting(microservice.demo.training21days.provider.service.Person) org.apache.servicecomb.common.rest.locator.MicroservicePaths.printPath(MicroservicePaths.java:103)
[2019-03-18 14:37:45,237/CST][main][INFO]Swagger mapped "{[/provider/v0/hello/{name}/], method=[GET], produces=[application/json]}" onto public abstract java.lang.String cse.gen.Training21Days_HelloWorld.provider.hello.HelloServiceIntf.sayHello(java.lang.String) org.apache.servicecomb.common.rest.locator.MicroservicePaths.printPath(MicroservicePaths.java:103)
[2019-03-18 14:37:45,346/CST][main][WARN]Failed to create lambda for method: public void org.apache.servicecomb.core.SCBEngine$1.afterRegistryInstance(org.apache.servicecomb.serviceregistry.task.MicroserviceInstanceRegisterTask), fallback to reflect. org.apache.servicecomb.foundation.common.event.SimpleSubscriber.<init>(SimpleSubscriber.java:48)
[2019-03-18 14:37:45,354/CST][main][INFO]running microservice register task. org.apache.servicecomb.serviceregistry.task.MicroserviceRegisterTask.doRegister(MicroserviceRegisterTask.java:75)
[2019-03-18 14:37:45,368/CST][main][WARN]keyStore [server.p12] file not exist, please check! org.apache.servicecomb.foundation.vertx.VertxTLSBuilder.buildTCPSSLOptions(VertxTLSBuilder.java:118)
[2019-03-18 14:37:45,369/CST][main][WARN]trustStore [trust.jks] file not exist, please check! org.apache.servicecomb.foundation.vertx.VertxTLSBuilder.buildTCPSSLOptions(VertxTLSBuilder.java:138)
[2019-03-18 14:37:50,639/CST][registry-vert.x-eventloop-thread-0][WARN]get response for org.apache.servicecomb.serviceregistry.api.response.GetExistenceResponse failed, 400:Bad Request, {"errorCode":"400012","errorMessage":"Micro-service does not exist","detail":"/Training21Days-HelloWorld/provider/0.0.1 does not exist."}
 org.apache.servicecomb.serviceregistry.client.http.ServiceRegistryClientImpl.lambda$null$1(ServiceRegistryClientImpl.java:147)
[2019-03-18 14:37:50,718/CST][main][INFO]Registry Microservice successfully. id=[93110bb547f867c694b756f971d9418f760e6a3f] appId=[Training21Days-HelloWorld], name=[provider], version=[0.0.1], schemaIds=[hello], env=[] org.apache.servicecomb.serviceregistry.task.MicroserviceRegisterTask.doRegister(MicroserviceRegisterTask.java:109)
[2019-03-18 14:37:50,770/CST][main][INFO]schemaId [hello] exists [true], summary exists [false] org.apache.servicecomb.serviceregistry.task.MicroserviceRegisterTask.registerSchema(MicroserviceRegisterTask.java:194)
[2019-03-18 14:37:50,863/CST][registry-vert.x-eventloop-thread-0][WARN]get response for org.apache.servicecomb.serviceregistry.api.response.GetSchemaResponse failed, 400:Bad Request, {"errorCode":"400016","errorMessage":"Schema does not exist","detail":"Do not have this schema info."}
 org.apache.servicecomb.serviceregistry.client.http.ServiceRegistryClientImpl.lambda$null$1(ServiceRegistryClientImpl.java:147)
[2019-03-18 14:37:50,929/CST][main][INFO]register schema 93110bb547f867c694b756f971d9418f760e6a3f/hello success. org.apache.servicecomb.serviceregistry.client.http.ServiceRegistryClientImpl.registerSchema(ServiceRegistryClientImpl.java:363)
[2019-03-18 14:37:50,929/CST][main][INFO]read MicroserviceRegisterTask status is FINISHED org.apache.servicecomb.serviceregistry.task.ServiceCenterTask.onRegisterTask(ServiceCenterTask.java:51)
[2019-03-18 14:37:50,929/CST][main][INFO]running microservice instance register task. org.apache.servicecomb.serviceregistry.task.MicroserviceInstanceRegisterTask.doRegister(MicroserviceInstanceRegisterTask.java:59)
[2019-03-18 14:37:50,996/CST][main][INFO]Register microservice instance success. microserviceId=93110bb547f867c694b756f971d9418f760e6a3f instanceId=5c115c48494811e9900e0255ac105166 endpoints=[rest://192.168.99.1:8080] lease 120s org.apache.servicecomb.serviceregistry.task.MicroserviceInstanceRegisterTask.doRegister(MicroserviceInstanceRegisterTask.java:77)
[2019-03-18 14:37:50,996/CST][main][INFO]receive MicroserviceInstanceRegisterTask event, check instance Id... org.apache.servicecomb.core.SCBEngine$1.afterRegistryInstance(SCBEngine.java:182)
[2019-03-18 14:37:50,996/CST][main][INFO]instance registry succeeds for the first time, will send AFTER_REGISTRY event. org.apache.servicecomb.core.SCBEngine$1.afterRegistryInstance(SCBEngine.java:184)
[2019-03-18 14:37:51,005/CST][main][WARN]keyStore [server.p12] file not exist, please check! org.apache.servicecomb.foundation.vertx.VertxTLSBuilder.buildTCPSSLOptions(VertxTLSBuilder.java:118)
[2019-03-18 14:37:51,005/CST][main][WARN]trustStore [trust.jks] file not exist, please check! org.apache.servicecomb.foundation.vertx.VertxTLSBuilder.buildTCPSSLOptions(VertxTLSBuilder.java:138)
[2019-03-18 14:37:51,007/CST][main][INFO]Monitor data sender started. Configured data providers is {com.huawei.paas.monitor.HealthMonitorDataProvider,} com.huawei.paas.monitor.DataFactory.start(DataFactory.java:62)
[2019-03-18 14:37:51,008/CST][main][INFO]ServiceComb is ready. org.apache.servicecomb.core.SCBEngine$1.afterRegistryInstance(SCBEngine.java:188)
[2019-03-18 14:37:51,008/CST][main][INFO]read MicroserviceInstanceRegisterTask status is FINISHED org.apache.servicecomb.serviceregistry.task.ServiceCenterTask.onRegisterTask(ServiceCenterTask.java:51)
[2019-03-18 14:37:51,050/CST][main][INFO]Waiting for status up. timeout: 10000ms org.apache.servicecomb.core.SCBEngine.waitStatusUp(SCBEngine.java:362)
[2019-03-18 14:37:51,051/CST][main][INFO]Status already changed to up. org.apache.servicecomb.core.SCBEngine.waitStatusUp(SCBEngine.java:371)
[2019-03-18 14:38:21,050/CST][Service Center Task [java.util.concurrent.ThreadPoolExecutor$Worker@4cf5cf47[State = -1, empty queue][37]]][INFO]sc task interval changed from -1 to 30 org.apache.servicecomb.serviceregistry.task.ServiceCenterTaskMonitor.beginCycle(ServiceCenterTaskMonitor.java:39)
[2019-03-18 14:39:19,807/CST][transport-vert.x-eventloop-thread-4][ERROR]locate path failed, status:Method Not Allowed, http method:GET, path:/provider/v0/greeting/, microserviceName:provider org.apache.servicecomb.common.rest.locator.OperationLocator.locate(OperationLocator.java:72)
[2019-03-18 14:39:19,814/CST][transport-vert.x-eventloop-thread-4][INFO]Found SPI service org.apache.servicecomb.swagger.invocation.exception.ExceptionToProducerResponseConverter, count=3. org.apache.servicecomb.foundation.common.utils.SPIServiceUtils.loadSortedService(SPIServiceUtils.java:79)
[2019-03-18 14:39:19,814/CST][transport-vert.x-eventloop-thread-4][INFO]  0. org.apache.servicecomb.swagger.invocation.validator.ConstraintViolationExceptionToProducerResponseConverter. org.apache.servicecomb.foundation.common.utils.SPIServiceUtils.loadSortedService(SPIServiceUtils.java:82)
[2019-03-18 14:39:19,815/CST][transport-vert.x-eventloop-thread-4][INFO]  1. org.apache.servicecomb.swagger.invocation.exception.InvocationExceptionToProducerResponseConverter. org.apache.servicecomb.foundation.common.utils.SPIServiceUtils.loadSortedService(SPIServiceUtils.java:82)
[2019-03-18 14:39:19,815/CST][transport-vert.x-eventloop-thread-4][INFO]  2. org.apache.servicecomb.swagger.invocation.exception.DefaultExceptionToProducerResponseConverter. org.apache.servicecomb.foundation.common.utils.SPIServiceUtils.loadSortedService(SPIServiceUtils.java:82)
[2019-03-18 14:39:52,853/CST][transport-vert.x-eventloop-thread-4][ERROR]locate path failed, status:Method Not Allowed, http method:GET, path:/provider/v0/greeting/, microserviceName:provider org.apache.servicecomb.common.rest.locator.OperationLocator.locate(OperationLocator.java:72)
[2019-03-18 14:40:01,108/CST][monitor-center-vert.x-eventloop-thread-0][WARN]Send data to url /v2/default/csemonitor/metric?service=provider failed and status line is 429 com.huawei.paas.monitor.DefaultMonitorDataPublisher.lambda$null$1(DefaultMonitorDataPublisher.java:178)
[2019-03-18 14:40:01,108/CST][monitor-center-vert.x-eventloop-thread-0][WARN]message: {"error_msg":"Throttling threshold reached: policy api over ratelimit,limit:150,time:1 second","error_code":"APIGW.0308","request_id":"71ab601db98653422e42279741835856"}
 com.huawei.paas.monitor.DefaultMonitorDataPublisher.lambda$null$1(DefaultMonitorDataPublisher.java:181)
[2019-03-18 14:40:11,110/CST][monitor-center-vert.x-eventloop-thread-0][WARN]Send data to url /v2/default/csemonitor/metric?service=provider failed and status line is 429 com.huawei.paas.monitor.DefaultMonitorDataPublisher.lambda$null$1(DefaultMonitorDataPublisher.java:178)
[2019-03-18 14:40:11,111/CST][monitor-center-vert.x-eventloop-thread-0][WARN]message: {"error_msg":"Throttling threshold reached: policy api over ratelimit,limit:150,time:1 second","error_code":"APIGW.0308","request_id":"1936728b98d7767ff1714b8b04e4cd2a"}
 com.huawei.paas.monitor.DefaultMonitorDataPublisher.lambda$null$1(DefaultMonitorDataPublisher.java:181)
[2019-03-18 14:40:21,113/CST][monitor-center-vert.x-eventloop-thread-0][WARN]Send data to url /v2/default/csemonitor/metric?service=provider failed and status line is 429 com.huawei.paas.monitor.DefaultMonitorDataPublisher.lambda$null$1(DefaultMonitorDataPublisher.java:178)
[2019-03-18 14:40:21,114/CST][monitor-center-vert.x-eventloop-thread-0][WARN]message: {"error_msg":"Throttling threshold reached: policy api over ratelimit,limit:150,time:1 second","error_code":"APIGW.0308","request_id":"9181d67d622b66527f0e993cab16569c"}
 com.huawei.paas.monitor.DefaultMonitorDataPublisher.lambda$null$1(DefaultMonitorDataPublisher.java:181)
[2019-03-18 14:40:31,141/CST][cse-monitor-datafactory-2-1][INFO]find instances[1] from service center success. service=default/CseMonitoring/latest, old revision=null, new revision=3a995f3e509dd4b5ea14c852b983df92fce4431c org.apache.servicecomb.serviceregistry.registry.AbstractServiceRegistry.findServiceInstances(AbstractServiceRegistry.java:260)
[2019-03-18 14:40:31,142/CST][cse-monitor-datafactory-2-1][INFO]service id=8b09a7085f4011e89f130255ac10470c, instance id=8b160d485f4011e89f130255ac10470c, endpoints=[rest://100.125.0.198:30109?sslEnabled=true] org.apache.servicecomb.serviceregistry.registry.AbstractServiceRegistry.findServiceInstances(AbstractServiceRegistry.java:268)
[2019-03-18 14:40:36,149/CST][monitor-center-vert.x-eventloop-thread-0][WARN]Send monitor data to rest://100.125.0.198:30109?sslEnabled=true failed, connection timed out: /100.125.0.198:30109 com.huawei.paas.monitor.DefaultMonitorDataPublisher.lambda$null$3(DefaultMonitorDataPublisher.java:190)
[2019-03-18 14:40:46,149/CST][monitor-center-vert.x-eventloop-thread-0][WARN]Send monitor data to rest://100.125.0.198:30109?sslEnabled=true failed, connection timed out: /100.125.0.198:30109 com.huawei.paas.monitor.DefaultMonitorDataPublisher.lambda$null$3(DefaultMonitorDataPublisher.java:190)
[2019-03-18 14:40:51,725/CST][transport-vert.x-eventloop-thread-4][ERROR]locate path failed, status:Method Not Allowed, http method:GET, path:/provider/v0/greeting/, microserviceName:provider org.apache.servicecomb.common.rest.locator.OperationLocator.locate(OperationLocator.java:72)
[2019-03-18 14:40:56,153/CST][monitor-center-vert.x-eventloop-thread-0][WARN]Send monitor data to rest://100.125.0.198:30109?sslEnabled=true failed, connection timed out: /100.125.0.198:30109 com.huawei.paas.monitor.DefaultMonitorDataPublisher.lambda$null$3(DefaultMonitorDataPublisher.java:190)
[2019-03-18 14:41:01,229/CST][cse-monitor-datafactory-2-1][INFO]find instances[1] from service center success. service=default/CseMonitoring/latest, old revision=null, new revision=3a995f3e509dd4b5ea14c852b983df92fce4431c org.apache.servicecomb.serviceregistry.registry.AbstractServiceRegistry.findServiceInstances(AbstractServiceRegistry.java:260)
[2019-03-18 14:41:01,230/CST][cse-monitor-datafactory-2-1][INFO]service id=8b09a7085f4011e89f130255ac10470c, instance id=8b160d485f4011e89f130255ac10470c, endpoints=[rest://100.125.0.198:30109?sslEnabled=true] org.apache.servicecomb.serviceregistry.registry.AbstractServiceRegistry.findServiceInstances(AbstractServiceRegistry.java:268)
[2019-03-18 14:41:11,282/CST][cse-monitor-datafactory-2-1][INFO]find instances[1] from service center success. service=default/CseMonitoring/latest, old revision=null, new revision=3a995f3e509dd4b5ea14c852b983df92fce4431c org.apache.servicecomb.serviceregistry.registry.AbstractServiceRegistry.findServiceInstances(AbstractServiceRegistry.java:260)
[2019-03-18 14:41:11,282/CST][cse-monitor-datafactory-2-1][INFO]service id=8b09a7085f4011e89f130255ac10470c, instance id=8b160d485f4011e89f130255ac10470c, endpoints=[rest://100.125.0.198:30109?sslEnabled=true] org.apache.servicecomb.serviceregistry.registry.AbstractServiceRegistry.findServiceInstances(AbstractServiceRegistry.java:268)
[2019-03-18 14:41:37,045/CST][transport-vert.x-eventloop-thread-4][ERROR]locate path failed, status:Method Not Allowed, http method:GET, path:/provider/v0/greeting/, microserviceName:provider org.apache.servicecomb.common.rest.locator.OperationLocator.locate(OperationLocator.java:72)
[2019-03-18 14:41:51,743/CST][transport-vert.x-eventloop-thread-4][ERROR]locate path failed, status:Method Not Allowed, http method:GET, path:/provider/v0/greeting/, microserviceName:provider org.apache.servicecomb.common.rest.locator.OperationLocator.locate(OperationLocator.java:72)
[2019-03-18 14:41:56,387/CST][transport-vert.x-eventloop-thread-4][ERROR]locate path failed, status:Method Not Allowed, http method:GET, path:/provider/v0/greeting/, microserviceName:provider org.apache.servicecomb.common.rest.locator.OperationLocator.locate(OperationLocator.java:72)
[2019-03-18 14:42:43,533/CST][transport-vert.x-eventloop-thread-4][ERROR]locate path failed, status:Method Not Allowed, http method:GET, path:/provider/v0/greeting/, microserviceName:provider org.apache.servicecomb.common.rest.locator.OperationLocator.locate(OperationLocator.java:72)
[2019-03-18 14:43:10,246/CST][transport-vert.x-eventloop-thread-4][ERROR]locate path failed, status:Method Not Allowed, http method:GET, path:/provider/v0/greeting/, microserviceName:provider org.apache.servicecomb.common.rest.locator.OperationLocator.locate(OperationLocator.java:72)
[2019-03-18 14:43:27,323/CST][transport-vert.x-eventloop-thread-4][ERROR]locate path failed, status:Method Not Allowed, http method:GET, path:/provider/v0/greeting/, microserviceName:provider org.apache.servicecomb.common.rest.locator.OperationLocator.locate(OperationLocator.java:72)
[2019-03-18 14:45:47,370/CST][transport-vert.x-eventloop-thread-4][ERROR]locate path failed, status:Method Not Allowed, http method:GET, path:/provider/v0/greeting/, microserviceName:provider org.apache.servicecomb.common.rest.locator.OperationLocator.locate(OperationLocator.java:72)
[2019-03-18 14:46:31,369/CST][monitor-center-vert.x-eventloop-thread-0][WARN]Send data to url /v2/default/csemonitor/metric?service=provider failed and status line is 429 com.huawei.paas.monitor.DefaultMonitorDataPublisher.lambda$null$1(DefaultMonitorDataPublisher.java:178)
[2019-03-18 14:46:31,370/CST][monitor-center-vert.x-eventloop-thread-0][WARN]message: {"error_msg":"Throttling threshold reached: policy api over ratelimit,limit:150,time:1 second","error_code":"APIGW.0308","request_id":"476655fa8b4b7d296fde260caf36493d"}
 com.huawei.paas.monitor.DefaultMonitorDataPublisher.lambda$null$1(DefaultMonitorDataPublisher.java:181)
[2019-03-18 14:46:39,259/CST][transport-vert.x-eventloop-thread-4][INFO]Found SPI service javax.ws.rs.core.Response$StatusType, count=0. org.apache.servicecomb.foundation.common.utils.SPIServiceUtils.loadSortedService(SPIServiceUtils.java:79)
[2019-03-18 14:46:39,264/CST][transport-vert.x-eventloop-thread-4][INFO]Found SPI service org.apache.servicecomb.core.tracing.TraceIdGenerator, count=1. org.apache.servicecomb.foundation.common.utils.SPIServiceUtils.loadSortedService(SPIServiceUtils.java:79)
[2019-03-18 14:46:39,264/CST][transport-vert.x-eventloop-thread-4][INFO]  0. org.apache.servicecomb.core.tracing.BraveTraceIdGenerator. org.apache.servicecomb.foundation.common.utils.SPIServiceUtils.loadSortedService(SPIServiceUtils.java:82)
[2019-03-18 14:46:39,433/CST][pool-2-thread-1][INFO]HV000001: Hibernate Validator 6.0.2.Final org.hibernate.validator.internal.util.Version.<clinit>(Version.java:21)
[2019-03-18 14:46:41,399/CST][monitor-center-vert.x-eventloop-thread-0][WARN]Send data to url /v2/default/csemonitor/metric?service=provider failed and status line is 429 com.huawei.paas.monitor.DefaultMonitorDataPublisher.lambda$null$1(DefaultMonitorDataPublisher.java:178)
[2019-03-18 14:46:41,400/CST][monitor-center-vert.x-eventloop-thread-0][WARN]message: {"error_msg":"Throttling threshold reached: policy api over ratelimit,limit:150,time:1 second","error_code":"APIGW.0308","request_id":"1820f85b7dd929c73563e08faa5af323"}
 com.huawei.paas.monitor.DefaultMonitorDataPublisher.lambda$null$1(DefaultMonitorDataPublisher.java:181)
[2019-03-18 14:47:01,495/CST][monitor-center-vert.x-eventloop-thread-0][WARN]Send data to url /v2/default/csemonitor/metric?service=provider failed and status line is 429 com.huawei.paas.monitor.DefaultMonitorDataPublisher.lambda$null$1(DefaultMonitorDataPublisher.java:178)
[2019-03-18 14:47:01,496/CST][monitor-center-vert.x-eventloop-thread-0][WARN]message: {"error_msg":"Throttling threshold reached: policy api over ratelimit,limit:150,time:1 second","error_code":"APIGW.0308","request_id":"ad22d573db078047fb544c303dd73125"}
 com.huawei.paas.monitor.DefaultMonitorDataPublisher.lambda$null$1(DefaultMonitorDataPublisher.java:181)
[2019-03-18 14:47:31,406/CST][monitor-center-vert.x-eventloop-thread-0][WARN]Send data to url /v2/default/csemonitor/metric?service=provider failed and status line is 429 com.huawei.paas.monitor.DefaultMonitorDataPublisher.lambda$null$1(DefaultMonitorDataPublisher.java:178)
[2019-03-18 14:47:31,406/CST][monitor-center-vert.x-eventloop-thread-0][WARN]message: {"error_msg":"Throttling threshold reached: policy api over ratelimit,limit:150,time:1 second","error_code":"APIGW.0308","request_id":"72393f9d93b5e58348546a03f82146f5"}
 com.huawei.paas.monitor.DefaultMonitorDataPublisher.lambda$null$1(DefaultMonitorDataPublisher.java:181)
[2019-03-18 14:52:01,460/CST][monitor-center-vert.x-eventloop-thread-0][WARN]Send data to url /v2/default/csemonitor/metric?service=provider failed and status line is 429 com.huawei.paas.monitor.DefaultMonitorDataPublisher.lambda$null$1(DefaultMonitorDataPublisher.java:178)
[2019-03-18 14:52:01,460/CST][monitor-center-vert.x-eventloop-thread-0][WARN]message: {"error_msg":"Throttling threshold reached: policy api over ratelimit,limit:150,time:1 second","error_code":"APIGW.0308","request_id":"93df2be1483289dea3692d96bd135fc9"}
 com.huawei.paas.monitor.DefaultMonitorDataPublisher.lambda$null$1(DefaultMonitorDataPublisher.java:181)
[2019-03-18 14:52:11,459/CST][monitor-center-vert.x-eventloop-thread-0][WARN]Send data to url /v2/default/csemonitor/metric?service=provider failed and status line is 429 com.huawei.paas.monitor.DefaultMonitorDataPublisher.lambda$null$1(DefaultMonitorDataPublisher.java:178)
[2019-03-18 14:52:11,460/CST][monitor-center-vert.x-eventloop-thread-0][WARN]message: {"error_msg":"Throttling threshold reached: policy api over ratelimit,limit:150,time:1 second","error_code":"APIGW.0308","request_id":"82fe28cbad1cc30ffa69d367835a0a08"}
 com.huawei.paas.monitor.DefaultMonitorDataPublisher.lambda$null$1(DefaultMonitorDataPublisher.java:181)
[2019-03-18 14:52:21,459/CST][monitor-center-vert.x-eventloop-thread-0][WARN]Send data to url /v2/default/csemonitor/metric?service=provider failed and status line is 429 com.huawei.paas.monitor.DefaultMonitorDataPublisher.lambda$null$1(DefaultMonitorDataPublisher.java:178)
[2019-03-18 14:52:21,460/CST][monitor-center-vert.x-eventloop-thread-0][WARN]message: {"error_msg":"Throttling threshold reached: policy api over ratelimit,limit:150,time:1 second","error_code":"APIGW.0308","request_id":"1994e80265955a8b2cc02daed6677f93"}
 com.huawei.paas.monitor.DefaultMonitorDataPublisher.lambda$null$1(DefaultMonitorDataPublisher.java:181)
[2019-03-18 14:52:31,466/CST][cse-monitor-datafactory-2-1][INFO]find instances[1] from service center success. service=default/CseMonitoring/latest, old revision=null, new revision=3a995f3e509dd4b5ea14c852b983df92fce4431c org.apache.servicecomb.serviceregistry.registry.AbstractServiceRegistry.findServiceInstances(AbstractServiceRegistry.java:260)
[2019-03-18 14:52:31,467/CST][cse-monitor-datafactory-2-1][INFO]service id=8b09a7085f4011e89f130255ac10470c, instance id=8b160d485f4011e89f130255ac10470c, endpoints=[rest://100.125.0.198:30109?sslEnabled=true] org.apache.servicecomb.serviceregistry.registry.AbstractServiceRegistry.findServiceInstances(AbstractServiceRegistry.java:268)
[2019-03-18 14:52:36,473/CST][monitor-center-vert.x-eventloop-thread-0][WARN]Send monitor data to rest://100.125.0.198:30109?sslEnabled=true failed, connection timed out: /100.125.0.198:30109 com.huawei.paas.monitor.DefaultMonitorDataPublisher.lambda$null$3(DefaultMonitorDataPublisher.java:190)
[2019-03-18 14:58:21,561/CST][monitor-center-vert.x-eventloop-thread-0][WARN]Send data to url /v2/default/csemonitor/metric?service=provider failed and status line is 429 com.huawei.paas.monitor.DefaultMonitorDataPublisher.lambda$null$1(DefaultMonitorDataPublisher.java:178)
[2019-03-18 14:58:21,562/CST][monitor-center-vert.x-eventloop-thread-0][WARN]message: {"error_msg":"Throttling threshold reached: policy api over ratelimit,limit:150,time:1 second","error_code":"APIGW.0308","request_id":"9617afe52a7f49764be0864a0b83d62e"}
 com.huawei.paas.monitor.DefaultMonitorDataPublisher.lambda$null$1(DefaultMonitorDataPublisher.java:181)
[2019-03-18 14:58:31,563/CST][monitor-center-vert.x-eventloop-thread-0][WARN]Send data to url /v2/default/csemonitor/metric?service=provider failed and status line is 429 com.huawei.paas.monitor.DefaultMonitorDataPublisher.lambda$null$1(DefaultMonitorDataPublisher.java:178)
[2019-03-18 14:58:31,563/CST][monitor-center-vert.x-eventloop-thread-0][WARN]message: {"error_msg":"Throttling threshold reached: policy api over ratelimit,limit:150,time:1 second","error_code":"APIGW.0308","request_id":"619bed12fb1bc28682910ec75cd17491"}
 com.huawei.paas.monitor.DefaultMonitorDataPublisher.lambda$null$1(DefaultMonitorDataPublisher.java:181)
[2019-03-18 14:58:41,567/CST][monitor-center-vert.x-eventloop-thread-0][WARN]Send data to url /v2/default/csemonitor/metric?service=provider failed and status line is 429 com.huawei.paas.monitor.DefaultMonitorDataPublisher.lambda$null$1(DefaultMonitorDataPublisher.java:178)
[2019-03-18 14:58:41,568/CST][monitor-center-vert.x-eventloop-thread-0][WARN]message: {"error_msg":"Throttling threshold reached: policy api over ratelimit,limit:150,time:1 second","error_code":"APIGW.0308","request_id":"bc7764ca9653670f2422d6f7cebb461e"}
 com.huawei.paas.monitor.DefaultMonitorDataPublisher.lambda$null$1(DefaultMonitorDataPublisher.java:181)
[2019-03-18 14:58:51,568/CST][cse-monitor-datafactory-2-1][INFO]find instances[1] from service center success. service=default/CseMonitoring/latest, old revision=null, new revision=3a995f3e509dd4b5ea14c852b983df92fce4431c org.apache.servicecomb.serviceregistry.registry.AbstractServiceRegistry.findServiceInstances(AbstractServiceRegistry.java:260)
[2019-03-18 14:58:51,569/CST][cse-monitor-datafactory-2-1][INFO]service id=8b09a7085f4011e89f130255ac10470c, instance id=8b160d485f4011e89f130255ac10470c, endpoints=[rest://100.125.0.198:30109?sslEnabled=true] org.apache.servicecomb.serviceregistry.registry.AbstractServiceRegistry.findServiceInstances(AbstractServiceRegistry.java:268)
[2019-03-18 14:58:56,572/CST][monitor-center-vert.x-eventloop-thread-0][WARN]Send monitor data to rest://100.125.0.198:30109?sslEnabled=true failed, connection timed out: /100.125.0.198:30109 com.huawei.paas.monitor.DefaultMonitorDataPublisher.lambda$null$3(DefaultMonitorDataPublisher.java:190)
