[2019-03-18 14:36:06,976/CST][main][ERROR]Can not output merged.log4j.properties,because can not write to directory of file file:/C:/Users/easty/.m2/repository/org/apache/servicecomb/transport-rest-vertx/1.1.0.B036/transport-rest-vertx-1.1.0.B036.jar!/config/base/log4j.properties org.apache.servicecomb.foundation.common.utils.Log4jUtils.outputFile(Log4jUtils.java:103)
[2019-03-18 14:36:06,983/CST][main][INFO]Found main class "microservice.demo.training21days.consumer.AppMain". org.apache.servicecomb.foundation.common.utils.JvmUtils.findMainClass(JvmUtils.java:62)
[2019-03-18 14:36:07,012/CST][main][INFO]Refreshing org.springframework.context.support.ClassPathXmlApplicationContext@2d3fcdbd: startup date [Mon Mar 18 14:36:07 CST 2019]; root of context hierarchy org.springframework.context.support.AbstractApplicationContext.prepareRefresh(AbstractApplicationContext.java:583)
[2019-03-18 14:36:07,077/CST][main][INFO]Loading XML bean definitions from URL [jar:file:/C:/Users/easty/.m2/repository/org/apache/servicecomb/foundation-config/1.1.0.B036/foundation-config-1.1.0.B036.jar!/META-INF/spring/cse.bean.xml] org.springframework.beans.factory.xml.XmlBeanDefinitionReader.loadBeanDefinitions(XmlBeanDefinitionReader.java:317)
[2019-03-18 14:36:07,182/CST][main][INFO]Loading XML bean definitions from URL [jar:file:/C:/Users/easty/.m2/repository/org/apache/servicecomb/foundation-vertx/1.1.0.B036/foundation-vertx-1.1.0.B036.jar!/META-INF/spring/cse.bean.xml] org.springframework.beans.factory.xml.XmlBeanDefinitionReader.loadBeanDefinitions(XmlBeanDefinitionReader.java:317)
[2019-03-18 14:36:07,202/CST][main][INFO]Loading XML bean definitions from URL [jar:file:/C:/Users/easty/.m2/repository/org/apache/servicecomb/java-chassis-core/1.1.0.B036/java-chassis-core-1.1.0.B036.jar!/META-INF/spring/cse.bean.xml] org.springframework.beans.factory.xml.XmlBeanDefinitionReader.loadBeanDefinitions(XmlBeanDefinitionReader.java:317)
[2019-03-18 14:36:07,792/CST][main][INFO]Loading XML bean definitions from URL [jar:file:/C:/Users/easty/.m2/repository/org/apache/servicecomb/handler-bizkeeper/1.1.0.B036/handler-bizkeeper-1.1.0.B036.jar!/META-INF/spring/cse.bean.xml] org.springframework.beans.factory.xml.XmlBeanDefinitionReader.loadBeanDefinitions(XmlBeanDefinitionReader.java:317)
[2019-03-18 14:36:07,805/CST][main][INFO]Loading XML bean definitions from URL [jar:file:/C:/Users/easty/.m2/repository/org/apache/servicecomb/handler-loadbalance/1.1.0.B036/handler-loadbalance-1.1.0.B036.jar!/META-INF/spring/cse.bean.xml] org.springframework.beans.factory.xml.XmlBeanDefinitionReader.loadBeanDefinitions(XmlBeanDefinitionReader.java:317)
[2019-03-18 14:36:07,815/CST][main][INFO]Loading XML bean definitions from URL [jar:file:/C:/Users/easty/.m2/repository/com/huawei/paas/cse/cse-handler-cloud-extension/2.3.62/cse-handler-cloud-extension-2.3.62.jar!/META-INF/spring/services.bean.xml] org.springframework.beans.factory.xml.XmlBeanDefinitionReader.loadBeanDefinitions(XmlBeanDefinitionReader.java:317)
[2019-03-18 14:36:08,047/CST][main][INFO]Environment received, will get configurations from [org.springframework.core.env.StandardEnvironment@1532554556]. org.apache.servicecomb.config.ConfigurationSpringInitializer.setEnvironment(ConfigurationSpringInitializer.java:59)
[2019-03-18 14:36:08,068/CST][main][WARN]No URLs will be polled as dynamic configuration sources. com.netflix.config.sources.URLConfigurationSource.<init>(URLConfigurationSource.java:121)
[2019-03-18 14:36:08,068/CST][main][INFO]To enable URLs as dynamic configuration sources, define System property archaius.configurationSource.additionalUrls or make config.properties available on classpath. com.netflix.config.sources.URLConfigurationSource.<init>(URLConfigurationSource.java:122)
[2019-03-18 14:36:08,124/CST][main][INFO]create local config: org.apache.servicecomb.config.ConfigUtil.createLocalConfig(ConfigUtil.java:114)
[2019-03-18 14:36:08,124/CST][main][INFO] jar:file:/C:/Users/easty/.m2/repository/org/apache/servicecomb/java-chassis-core/1.1.0.B036/java-chassis-core-1.1.0.B036.jar!/microservice.yaml. org.apache.servicecomb.config.ConfigUtil.createLocalConfig(ConfigUtil.java:116)
[2019-03-18 14:36:08,125/CST][main][INFO] jar:file:/C:/Users/easty/.m2/repository/com/huawei/paas/cse/cse-solution-service-engine/2.3.62/cse-solution-service-engine-2.3.62.jar!/microservice.yaml. org.apache.servicecomb.config.ConfigUtil.createLocalConfig(ConfigUtil.java:116)
[2019-03-18 14:36:08,125/CST][main][INFO] file:/E:/MicroService/huawei/demo/Demo-Day2/helloworld-consumer/target/classes/microservice.yaml. org.apache.servicecomb.config.ConfigUtil.createLocalConfig(ConfigUtil.java:116)
[2019-03-18 14:36:08,156/CST][main][INFO]Found SPI service org.apache.servicecomb.config.spi.ConfigCenterConfigurationSource, count=1. org.apache.servicecomb.foundation.common.utils.SPIServiceUtils.loadSortedService(SPIServiceUtils.java:79)
[2019-03-18 14:36:08,156/CST][main][INFO]  0. org.apache.servicecomb.config.archaius.sources.ConfigCenterConfigurationSourceImpl. org.apache.servicecomb.foundation.common.utils.SPIServiceUtils.loadSortedService(SPIServiceUtils.java:82)
[2019-03-18 14:36:08,162/CST][main][INFO]create local config: org.apache.servicecomb.config.ConfigUtil.createLocalConfig(ConfigUtil.java:114)
[2019-03-18 14:36:08,162/CST][main][INFO] jar:file:/C:/Users/easty/.m2/repository/org/apache/servicecomb/java-chassis-core/1.1.0.B036/java-chassis-core-1.1.0.B036.jar!/microservice.yaml. org.apache.servicecomb.config.ConfigUtil.createLocalConfig(ConfigUtil.java:116)
[2019-03-18 14:36:08,162/CST][main][INFO] jar:file:/C:/Users/easty/.m2/repository/com/huawei/paas/cse/cse-solution-service-engine/2.3.62/cse-solution-service-engine-2.3.62.jar!/microservice.yaml. org.apache.servicecomb.config.ConfigUtil.createLocalConfig(ConfigUtil.java:116)
[2019-03-18 14:36:08,163/CST][main][INFO] file:/E:/MicroService/huawei/demo/Demo-Day2/helloworld-consumer/target/classes/microservice.yaml. org.apache.servicecomb.config.ConfigUtil.createLocalConfig(ConfigUtil.java:116)
[2019-03-18 14:36:08,166/CST][main][INFO]Found SPI service org.apache.servicecomb.deployment.DeploymentProvider, count=1. org.apache.servicecomb.foundation.common.utils.SPIServiceUtils.loadSortedService(SPIServiceUtils.java:79)
[2019-03-18 14:36:08,167/CST][main][INFO]  0. org.apache.servicecomb.deployment.DefaultDeploymentProvider. org.apache.servicecomb.foundation.common.utils.SPIServiceUtils.loadSortedService(SPIServiceUtils.java:82)
[2019-03-18 14:36:08,575/CST][main][WARN]keyStore [server.p12] file not exist, please check! org.apache.servicecomb.foundation.vertx.VertxTLSBuilder.buildTCPSSLOptions(VertxTLSBuilder.java:118)
[2019-03-18 14:36:08,575/CST][main][WARN]trustStore [trust.jks] file not exist, please check! org.apache.servicecomb.foundation.vertx.VertxTLSBuilder.buildTCPSSLOptions(VertxTLSBuilder.java:138)
[2019-03-18 14:36:09,105/CST][config-center-vert.x-eventloop-thread-0][INFO]add network interface name:eth0,host address:192.168.99.1 org.apache.servicecomb.foundation.common.net.NetUtils.doGetIpv4AddressFromNetworkInterface(NetUtils.java:118)
[2019-03-18 14:36:09,114/CST][config-center-vert.x-eventloop-thread-0][INFO]add network interface name:eth2,host address:192.168.56.1 org.apache.servicecomb.foundation.common.net.NetUtils.doGetIpv4AddressFromNetworkInterface(NetUtils.java:118)
[2019-03-18 14:36:09,158/CST][config-center-vert.x-eventloop-thread-0][INFO]add network interface name:wlan2,host address:192.168.1.164 org.apache.servicecomb.foundation.common.net.NetUtils.doGetIpv4AddressFromNetworkInterface(NetUtils.java:118)
[2019-03-18 14:36:09,274/CST][config-center-vert.x-eventloop-thread-0][INFO]add host name from localhost:LAPTOP-QCSBEDK0,host address:192.168.99.1 org.apache.servicecomb.foundation.common.net.NetUtils.doGetHostNameAndHostAddress(NetUtils.java:76)
[2019-03-18 14:36:09,296/CST][config-center-vert.x-eventloop-thread-0][INFO]Found SPI service com.huawei.paas.foundation.auth.credentials.AKSKCipher, count=2. org.apache.servicecomb.foundation.common.utils.SPIServiceUtils.loadSortedService(SPIServiceUtils.java:79)
[2019-03-18 14:36:09,297/CST][config-center-vert.x-eventloop-thread-0][INFO]  0. com.huawei.paas.foundation.auth.credentials.DefaultAKSKCipher. org.apache.servicecomb.foundation.common.utils.SPIServiceUtils.loadSortedService(SPIServiceUtils.java:82)
[2019-03-18 14:36:09,297/CST][config-center-vert.x-eventloop-thread-0][INFO]  1. com.huawei.paas.foundation.auth.credentials.SecurityAKSKCipher. org.apache.servicecomb.foundation.common.utils.SPIServiceUtils.loadSortedService(SPIServiceUtils.java:82)
[2019-03-18 14:36:09,298/CST][config-center-vert.x-eventloop-thread-0][INFO]add ak/sk cipher default com.huawei.paas.foundation.auth.credentials.AKSKManager.lambda$static$0(AKSKManager.java:41)
[2019-03-18 14:36:09,298/CST][config-center-vert.x-eventloop-thread-0][INFO]add ak/sk cipher security com.huawei.paas.foundation.auth.credentials.AKSKManager.lambda$static$0(AKSKManager.java:41)
[2019-03-18 14:36:09,298/CST][config-center-vert.x-eventloop-thread-0][INFO]read ak/sk from microservice.yaml. com.huawei.paas.foundation.auth.credentials.AKSKOption.buildFromYaml(AKSKOption.java:158)
[2019-03-18 14:36:15,476/CST][main][INFO]JSR-330 'javax.inject.Inject' annotation found and supported for autowiring org.springframework.beans.factory.annotation.AutowiredAnnotationBeanPostProcessor.<init>(AutowiredAnnotationBeanPostProcessor.java:155)
[2019-03-18 14:36:15,569/CST][main][INFO]Found SPI service org.apache.servicecomb.swagger.generator.core.CommonParameterTypeProcessor, count=3. org.apache.servicecomb.foundation.common.utils.SPIServiceUtils.loadSortedService(SPIServiceUtils.java:79)
[2019-03-18 14:36:15,570/CST][main][INFO]  0. org.apache.servicecomb.swagger.generator.springmvc.processor.parameter.MultipartFileTypeProcessor. org.apache.servicecomb.foundation.common.utils.SPIServiceUtils.loadSortedService(SPIServiceUtils.java:82)
[2019-03-18 14:36:15,570/CST][main][INFO]  1. org.apache.servicecomb.swagger.generator.core.processor.parametertype.HttpServletRequestProcessor. org.apache.servicecomb.foundation.common.utils.SPIServiceUtils.loadSortedService(SPIServiceUtils.java:82)
[2019-03-18 14:36:15,570/CST][main][INFO]  2. org.apache.servicecomb.swagger.invocation.generator.InvocationContextProcessor. org.apache.servicecomb.foundation.common.utils.SPIServiceUtils.loadSortedService(SPIServiceUtils.java:82)
[2019-03-18 14:36:15,575/CST][main][INFO]Found SPI service org.apache.servicecomb.swagger.generator.core.ResponseTypeProcessor, count=3. org.apache.servicecomb.foundation.common.utils.SPIServiceUtils.loadSortedService(SPIServiceUtils.java:79)
[2019-03-18 14:36:15,576/CST][main][INFO]  0. org.apache.servicecomb.swagger.generator.springmvc.processor.response.ResponseEntityProcessor. org.apache.servicecomb.foundation.common.utils.SPIServiceUtils.loadSortedService(SPIServiceUtils.java:82)
[2019-03-18 14:36:15,576/CST][main][INFO]  1. org.apache.servicecomb.swagger.generator.core.processor.response.CompletableFutureProcessor. org.apache.servicecomb.foundation.common.utils.SPIServiceUtils.loadSortedService(SPIServiceUtils.java:82)
[2019-03-18 14:36:15,576/CST][main][INFO]  2. org.apache.servicecomb.swagger.generator.jaxrs.processor.response.JaxrsResponseProcessor. org.apache.servicecomb.foundation.common.utils.SPIServiceUtils.loadSortedService(SPIServiceUtils.java:82)
[2019-03-18 14:36:15,602/CST][main][INFO]Found SPI service org.apache.servicecomb.swagger.generator.core.SwaggerGeneratorContext, count=3. org.apache.servicecomb.foundation.common.utils.SPIServiceUtils.loadSortedService(SPIServiceUtils.java:79)
[2019-03-18 14:36:15,602/CST][main][INFO]  0. org.apache.servicecomb.swagger.generator.springmvc.SpringmvcSwaggerGeneratorContext. org.apache.servicecomb.foundation.common.utils.SPIServiceUtils.loadSortedService(SPIServiceUtils.java:82)
[2019-03-18 14:36:15,602/CST][main][INFO]  1. org.apache.servicecomb.swagger.generator.jaxrs.JaxrsSwaggerGeneratorContext. org.apache.servicecomb.foundation.common.utils.SPIServiceUtils.loadSortedService(SPIServiceUtils.java:82)
[2019-03-18 14:36:15,603/CST][main][INFO]  2. org.apache.servicecomb.swagger.generator.pojo.PojoSwaggerGeneratorContext. org.apache.servicecomb.foundation.common.utils.SPIServiceUtils.loadSortedService(SPIServiceUtils.java:82)
[2019-03-18 14:36:15,645/CST][main][INFO]Found SPI service org.apache.servicecomb.swagger.invocation.response.producer.ProducerResponseMapperFactory, count=5. org.apache.servicecomb.foundation.common.utils.SPIServiceUtils.loadSortedService(SPIServiceUtils.java:79)
[2019-03-18 14:36:15,645/CST][main][INFO]  0. org.apache.servicecomb.swagger.invocation.springmvc.response.SpringmvcProducerResponseMapperFactory. org.apache.servicecomb.foundation.common.utils.SPIServiceUtils.loadSortedService(SPIServiceUtils.java:82)
[2019-03-18 14:36:15,646/CST][main][INFO]  1. org.apache.servicecomb.swagger.invocation.jaxrs.response.JaxrsProducerResponseMapperFactory. org.apache.servicecomb.foundation.common.utils.SPIServiceUtils.loadSortedService(SPIServiceUtils.java:82)
[2019-03-18 14:36:15,646/CST][main][INFO]  2. org.apache.servicecomb.swagger.invocation.response.producer.CseResponseProducerResponseMapperFactory. org.apache.servicecomb.foundation.common.utils.SPIServiceUtils.loadSortedService(SPIServiceUtils.java:82)
[2019-03-18 14:36:15,647/CST][main][INFO]  3. org.apache.servicecomb.swagger.invocation.response.producer.CompletableFutureProducerResponseMapperFactory. org.apache.servicecomb.foundation.common.utils.SPIServiceUtils.loadSortedService(SPIServiceUtils.java:82)
[2019-03-18 14:36:15,647/CST][main][INFO]  4. org.apache.servicecomb.swagger.invocation.response.producer.DefaultProducerResponseMapperFactory. org.apache.servicecomb.foundation.common.utils.SPIServiceUtils.loadSortedService(SPIServiceUtils.java:82)
[2019-03-18 14:36:15,652/CST][main][INFO]Found SPI service org.apache.servicecomb.swagger.invocation.response.consumer.ConsumerResponseMapperFactory, count=5. org.apache.servicecomb.foundation.common.utils.SPIServiceUtils.loadSortedService(SPIServiceUtils.java:79)
[2019-03-18 14:36:15,652/CST][main][INFO]  0. org.apache.servicecomb.swagger.invocation.springmvc.response.SpringmvcConsumerResponseMapperFactory. org.apache.servicecomb.foundation.common.utils.SPIServiceUtils.loadSortedService(SPIServiceUtils.java:82)
[2019-03-18 14:36:15,653/CST][main][INFO]  1. org.apache.servicecomb.swagger.invocation.jaxrs.response.JaxrsConsumerResponseMapperFactory. org.apache.servicecomb.foundation.common.utils.SPIServiceUtils.loadSortedService(SPIServiceUtils.java:82)
[2019-03-18 14:36:15,653/CST][main][INFO]  2. org.apache.servicecomb.swagger.invocation.response.consumer.CseResponseConsumerResponseMapperFactory. org.apache.servicecomb.foundation.common.utils.SPIServiceUtils.loadSortedService(SPIServiceUtils.java:82)
[2019-03-18 14:36:15,653/CST][main][INFO]  3. org.apache.servicecomb.swagger.invocation.response.consumer.CompletableFutureConsumerResponseMapperFactory. org.apache.servicecomb.foundation.common.utils.SPIServiceUtils.loadSortedService(SPIServiceUtils.java:82)
[2019-03-18 14:36:15,653/CST][main][INFO]  4. org.apache.servicecomb.swagger.invocation.response.consumer.DefaultConsumerResponseMapperFactory. org.apache.servicecomb.foundation.common.utils.SPIServiceUtils.loadSortedService(SPIServiceUtils.java:82)
[2019-03-18 14:36:15,825/CST][main][INFO]load microservice config, name=consumer, paths=[jar:file:/C:/Users/easty/.m2/repository/org/apache/servicecomb/java-chassis-core/1.1.0.B036/java-chassis-core-1.1.0.B036.jar!/microservice.yaml, jar:file:/C:/Users/easty/.m2/repository/com/huawei/paas/cse/cse-solution-service-engine/2.3.62/cse-solution-service-engine-2.3.62.jar!/microservice.yaml, file:/E:/MicroService/huawei/demo/Demo-Day2/helloworld-consumer/target/classes/microservice.yaml] org.apache.servicecomb.serviceregistry.definition.MicroserviceDefinition.logConfigPath(MicroserviceDefinition.java:142)
[2019-03-18 14:36:15,832/CST][main][INFO]It is running in the normal mode, a separated service registry is required org.apache.servicecomb.serviceregistry.registry.ServiceRegistryFactory.create(ServiceRegistryFactory.java:81)
[2019-03-18 14:36:15,853/CST][main][INFO]Found SPI service org.apache.servicecomb.serviceregistry.registry.ServiceRegistryTaskInitializer, count=1. org.apache.servicecomb.foundation.common.utils.SPIServiceUtils.loadSortedService(SPIServiceUtils.java:79)
[2019-03-18 14:36:15,854/CST][main][INFO]  0. org.apache.servicecomb.serviceregistry.diagnosis.instance.InstanceCacheCheckTask. org.apache.servicecomb.foundation.common.utils.SPIServiceUtils.loadSortedService(SPIServiceUtils.java:82)
[2019-03-18 14:36:15,858/CST][main][INFO]microserviceVersionFactory is org.apache.servicecomb.core.definition.PrivateMicroserviceVersionMetaFactory. org.apache.servicecomb.serviceregistry.registry.AbstractServiceRegistry.initAppManager(AbstractServiceRegistry.java:125)
[2019-03-18 14:36:15,882/CST][main][INFO]executor group 2, thread per group 8. org.apache.servicecomb.core.executor.FixedThreadExecutor.<init>(FixedThreadExecutor.java:56)
[2019-03-18 14:36:15,973/CST][main][INFO]Found SPI service org.apache.servicecomb.core.BootListener, count=0. org.apache.servicecomb.foundation.common.utils.SPIServiceUtils.loadSortedService(SPIServiceUtils.java:79)
[2019-03-18 14:36:16,018/CST][main][INFO]Loaded properties file jar:file:/C:/Users/easty/.m2/repository/org/apache/servicecomb/handler-bizkeeper/1.1.0.B036/handler-bizkeeper-1.1.0.B036.jar!/hystrix-plugins.properties com.netflix.config.util.ConfigurationUtils.getConfigFromPropertiesFile(ConfigurationUtils.java:183)
[2019-03-18 14:36:16,037/CST][main][INFO]select [org.apache.servicecomb.swagger.generator.jaxrs.JaxrsSwaggerGeneratorContext] for [microservice.demo.training21days.consumer.service.HelloConsumerService] to generate schema. org.apache.servicecomb.swagger.generator.core.CompositeSwaggerGeneratorContext.lambda$selectContext$0(CompositeSwaggerGeneratorContext.java:61)
[2019-03-18 14:36:16,053/CST][main][INFO]Found SPI service org.apache.servicecomb.swagger.extend.property.creator.PropertyCreator, count=1. org.apache.servicecomb.foundation.common.utils.SPIServiceUtils.loadSortedService(SPIServiceUtils.java:79)
[2019-03-18 14:36:16,054/CST][main][INFO]  0. org.apache.servicecomb.swagger.extend.property.creator.springmvc.MultipartFilePropertyCreator. org.apache.servicecomb.foundation.common.utils.SPIServiceUtils.loadSortedService(SPIServiceUtils.java:82)
[2019-03-18 14:36:16,160/CST][main][INFO]generate swagger for Training21Days-HelloWorld/consumer/helloConsumer, swagger: ---
swagger: "2.0"
info:
  version: "1.0.0"
  title: "swagger definition for microservice.demo.training21days.consumer.service.HelloConsumerService"
  x-java-interface: "cse.gen.Training21Days_HelloWorld.consumer.helloConsumer.HelloConsumerServiceIntf"
basePath: "/consumer/v0"
consumes:
- "application/json"
produces:
- "application/json"
paths:
  /hello:
    get:
      operationId: "sayHello"
      parameters:
      - name: "name"
        in: "query"
        required: false
        type: "string"
      responses:
        200:
          description: "response of 200"
          schema:
            type: "string"
  /helloRT:
    get:
      operationId: "sayHelloRestTemplate"
      parameters:
      - name: "name"
        in: "query"
        required: false
        type: "string"
      responses:
        200:
          description: "response of 200"
          schema:
            type: "string"
 org.apache.servicecomb.core.definition.schema.ProducerSchemaFactory.createSchema(ProducerSchemaFactory.java:118)
[2019-03-18 14:36:16,161/CST][main][INFO]register schema Training21Days-HelloWorld/consumer/helloConsumer org.apache.servicecomb.core.definition.loader.SchemaLoader.registerSchema(SchemaLoader.java:83)
[2019-03-18 14:36:16,225/CST][main][INFO]create CtClass cse.gen.Training21Days_HelloWorld.consumer.helloConsumer.HelloConsumerServiceIntf in classLoader sun.misc.Launcher$AppClassLoader@73d16e93. org.apache.servicecomb.common.javassist.JavassistUtils.createCtClass(JavassistUtils.java:185)
[2019-03-18 14:36:16,227/CST][main][INFO]create class cse.gen.Training21Days_HelloWorld.consumer.helloConsumer.HelloConsumerServiceIntf in classLoader sun.misc.Launcher$AppClassLoader@73d16e93. org.apache.servicecomb.common.javassist.JavassistUtils.createClass(JavassistUtils.java:217)
[2019-03-18 14:36:16,229/CST][main][INFO]Found SPI service org.apache.servicecomb.swagger.invocation.response.ResponseMetaMapper, count=0. org.apache.servicecomb.foundation.common.utils.SPIServiceUtils.loadSortedService(SPIServiceUtils.java:79)
[2019-03-18 14:36:16,230/CST][main][INFO]Can not find SPI service for org.apache.servicecomb.swagger.invocation.response.ResponseMetaMapper org.apache.servicecomb.foundation.common.utils.SPIServiceUtils.getPriorityHighestService(SPIServiceUtils.java:128)
[2019-03-18 14:36:16,240/CST][main][INFO]Found SPI service org.apache.servicecomb.serviceregistry.discovery.DiscoveryFilter, count=5. org.apache.servicecomb.foundation.common.utils.SPIServiceUtils.loadSortedService(SPIServiceUtils.java:79)
[2019-03-18 14:36:16,241/CST][main][INFO]  0. org.apache.servicecomb.serviceregistry.discovery.InstanceStatusDiscoveryFilter. org.apache.servicecomb.foundation.common.utils.SPIServiceUtils.loadSortedService(SPIServiceUtils.java:82)
[2019-03-18 14:36:16,241/CST][main][INFO]  1. org.apache.servicecomb.core.filter.OperationInstancesDiscoveryFilter. org.apache.servicecomb.foundation.common.utils.SPIServiceUtils.loadSortedService(SPIServiceUtils.java:82)
[2019-03-18 14:36:16,241/CST][main][INFO]  2. org.apache.servicecomb.loadbalance.filter.ZoneAwareDiscoveryFilter. org.apache.servicecomb.foundation.common.utils.SPIServiceUtils.loadSortedService(SPIServiceUtils.java:82)
[2019-03-18 14:36:16,242/CST][main][INFO]  3. org.apache.servicecomb.loadbalance.filter.InstancePropertyDiscoveryFilter. org.apache.servicecomb.foundation.common.utils.SPIServiceUtils.loadSortedService(SPIServiceUtils.java:82)
[2019-03-18 14:36:16,242/CST][main][INFO]  4. org.apache.servicecomb.loadbalance.filter.IsolationDiscoveryFilter. org.apache.servicecomb.foundation.common.utils.SPIServiceUtils.loadSortedService(SPIServiceUtils.java:82)
[2019-03-18 14:36:16,244/CST][main][INFO]DiscoveryFilter org.apache.servicecomb.serviceregistry.discovery.InstanceStatusDiscoveryFilter, enabled true. org.apache.servicecomb.serviceregistry.discovery.DiscoveryTree.sort(DiscoveryTree.java:104)
[2019-03-18 14:36:16,245/CST][main][INFO]DiscoveryFilter org.apache.servicecomb.core.filter.OperationInstancesDiscoveryFilter, enabled true. org.apache.servicecomb.serviceregistry.discovery.DiscoveryTree.sort(DiscoveryTree.java:104)
[2019-03-18 14:36:16,245/CST][main][INFO]DiscoveryFilter org.apache.servicecomb.loadbalance.filter.ZoneAwareDiscoveryFilter, enabled true. org.apache.servicecomb.serviceregistry.discovery.DiscoveryTree.sort(DiscoveryTree.java:104)
[2019-03-18 14:36:16,245/CST][main][INFO]DiscoveryFilter org.apache.servicecomb.loadbalance.filter.InstancePropertyDiscoveryFilter, enabled true. org.apache.servicecomb.serviceregistry.discovery.DiscoveryTree.sort(DiscoveryTree.java:104)
[2019-03-18 14:36:16,245/CST][main][INFO]DiscoveryFilter org.apache.servicecomb.loadbalance.filter.IsolationDiscoveryFilter, enabled true. org.apache.servicecomb.serviceregistry.discovery.DiscoveryTree.sort(DiscoveryTree.java:104)
[2019-03-18 14:36:16,246/CST][main][INFO]DiscoveryFilter org.apache.servicecomb.loadbalance.filter.ServerDiscoveryFilter, enabled true. org.apache.servicecomb.serviceregistry.discovery.DiscoveryTree.sort(DiscoveryTree.java:104)
[2019-03-18 14:36:16,248/CST][main][INFO]Found SPI service org.apache.servicecomb.faultinjection.Fault, count=2. org.apache.servicecomb.foundation.common.utils.SPIServiceUtils.loadSortedService(SPIServiceUtils.java:79)
[2019-03-18 14:36:16,249/CST][main][INFO]  0. org.apache.servicecomb.faultinjection.DelayFault. org.apache.servicecomb.foundation.common.utils.SPIServiceUtils.loadSortedService(SPIServiceUtils.java:82)
[2019-03-18 14:36:16,249/CST][main][INFO]  1. org.apache.servicecomb.faultinjection.AbortFault. org.apache.servicecomb.foundation.common.utils.SPIServiceUtils.loadSortedService(SPIServiceUtils.java:82)
[2019-03-18 14:36:16,258/CST][main][INFO]Found SPI service org.apache.servicecomb.swagger.invocation.extension.ProducerInvokeExtension, count=1. org.apache.servicecomb.foundation.common.utils.SPIServiceUtils.loadSortedService(SPIServiceUtils.java:79)
[2019-03-18 14:36:16,258/CST][main][INFO]  0. org.apache.servicecomb.swagger.invocation.validator.ParameterValidator. org.apache.servicecomb.foundation.common.utils.SPIServiceUtils.loadSortedService(SPIServiceUtils.java:82)
[2019-03-18 14:36:16,264/CST][main][WARN]address /0.0.0.0:9090, auto select a host address to publish 192.168.99.1:9090, maybe not the correct one org.apache.servicecomb.serviceregistry.RegistryUtils.genPublishIpPort(RegistryUtils.java:183)
[2019-03-18 14:36:16,266/CST][main][INFO]choose org.apache.servicecomb.transport.rest.vertx.VertxRestTransport for rest. org.apache.servicecomb.core.transport.TransportManager.chooseOneTransport(TransportManager.java:84)
[2019-03-18 14:36:16,266/CST][main][INFO]choose org.apache.servicecomb.transport.highway.HighwayTransport for highway. org.apache.servicecomb.core.transport.TransportManager.chooseOneTransport(TransportManager.java:84)
[2019-03-18 14:36:16,273/CST][main][INFO]Found SPI service org.apache.servicecomb.common.rest.filter.HttpClientFilter, count=3. org.apache.servicecomb.foundation.common.utils.SPIServiceUtils.loadSortedService(SPIServiceUtils.java:79)
[2019-03-18 14:36:16,273/CST][main][INFO]  0. org.apache.servicecomb.provider.springmvc.reference.RestTemplateCopyHeaderFilter. org.apache.servicecomb.foundation.common.utils.SPIServiceUtils.loadSortedService(SPIServiceUtils.java:82)
[2019-03-18 14:36:16,273/CST][main][INFO]  1. org.apache.servicecomb.common.rest.filter.inner.ClientRestArgsFilter. org.apache.servicecomb.foundation.common.utils.SPIServiceUtils.loadSortedService(SPIServiceUtils.java:82)
[2019-03-18 14:36:16,274/CST][main][INFO]  2. org.apache.servicecomb.transport.rest.client.http.DefaultHttpClientFilter. org.apache.servicecomb.foundation.common.utils.SPIServiceUtils.loadSortedService(SPIServiceUtils.java:82)
[2019-03-18 14:36:16,274/CST][main][WARN]keyStore [server.p12] file not exist, please check! org.apache.servicecomb.foundation.vertx.VertxTLSBuilder.buildTCPSSLOptions(VertxTLSBuilder.java:118)
[2019-03-18 14:36:16,274/CST][main][WARN]trustStore [trust.jks] file not exist, please check! org.apache.servicecomb.foundation.vertx.VertxTLSBuilder.buildTCPSSLOptions(VertxTLSBuilder.java:138)
[2019-03-18 14:36:16,275/CST][main][WARN]keyStore [server.p12] file not exist, please check! org.apache.servicecomb.foundation.vertx.VertxTLSBuilder.buildTCPSSLOptions(VertxTLSBuilder.java:118)
[2019-03-18 14:36:16,275/CST][main][WARN]trustStore [trust.jks] file not exist, please check! org.apache.servicecomb.foundation.vertx.VertxTLSBuilder.buildTCPSSLOptions(VertxTLSBuilder.java:138)
[2019-03-18 14:36:16,609/CST][transport-vert.x-eventloop-thread-4][INFO]Found SPI service org.apache.servicecomb.transport.rest.vertx.GlobalRestFailureHandler, count=0. org.apache.servicecomb.foundation.common.utils.SPIServiceUtils.loadSortedService(SPIServiceUtils.java:79)
[2019-03-18 14:36:16,610/CST][transport-vert.x-eventloop-thread-4][INFO]Can not find SPI service for org.apache.servicecomb.transport.rest.vertx.GlobalRestFailureHandler org.apache.servicecomb.foundation.common.utils.SPIServiceUtils.getPriorityHighestService(SPIServiceUtils.java:128)
[2019-03-18 14:36:16,619/CST][transport-vert.x-eventloop-thread-4][INFO]Found SPI service org.apache.servicecomb.common.rest.filter.HttpServerFilter, count=1. org.apache.servicecomb.foundation.common.utils.SPIServiceUtils.loadSortedService(SPIServiceUtils.java:79)
[2019-03-18 14:36:16,619/CST][transport-vert.x-eventloop-thread-4][INFO]  0. org.apache.servicecomb.common.rest.filter.inner.ServerRestArgsFilter. org.apache.servicecomb.foundation.common.utils.SPIServiceUtils.loadSortedService(SPIServiceUtils.java:82)
[2019-03-18 14:36:16,620/CST][transport-vert.x-eventloop-thread-4][INFO]Found SPI service org.apache.servicecomb.transport.rest.vertx.VertxHttpDispatcher, count=1. org.apache.servicecomb.foundation.common.utils.SPIServiceUtils.loadSortedService(SPIServiceUtils.java:79)
[2019-03-18 14:36:16,621/CST][transport-vert.x-eventloop-thread-4][INFO]  0. org.apache.servicecomb.transport.rest.vertx.VertxRestDispatcher. org.apache.servicecomb.foundation.common.utils.SPIServiceUtils.loadSortedService(SPIServiceUtils.java:82)
[2019-03-18 14:36:16,623/CST][transport-vert.x-eventloop-thread-4][INFO]servicecomb.uploads.directory is null, not support upload. org.apache.servicecomb.common.rest.UploadConfig.toMultipartConfigElement(UploadConfig.java:92)
[2019-03-18 14:36:16,644/CST][transport-vert.x-eventloop-thread-4][INFO]rest listen success. address=0.0.0.0:9090 org.apache.servicecomb.transport.rest.vertx.RestServerVerticle.lambda$startListen$3(RestServerVerticle.java:218)
[2019-03-18 14:36:16,645/CST][main][INFO]endpoint to publish: rest://192.168.99.1:9090 org.apache.servicecomb.core.transport.TransportManager.init(TransportManager.java:58)
[2019-03-18 14:36:16,646/CST][main][WARN]keyStore [server.p12] file not exist, please check! org.apache.servicecomb.foundation.vertx.VertxTLSBuilder.buildTCPSSLOptions(VertxTLSBuilder.java:118)
[2019-03-18 14:36:16,646/CST][main][WARN]trustStore [trust.jks] file not exist, please check! org.apache.servicecomb.foundation.vertx.VertxTLSBuilder.buildTCPSSLOptions(VertxTLSBuilder.java:138)
[2019-03-18 14:36:16,647/CST][main][WARN]keyStore [server.p12] file not exist, please check! org.apache.servicecomb.foundation.vertx.VertxTLSBuilder.buildTCPSSLOptions(VertxTLSBuilder.java:118)
[2019-03-18 14:36:16,647/CST][main][WARN]trustStore [trust.jks] file not exist, please check! org.apache.servicecomb.foundation.vertx.VertxTLSBuilder.buildTCPSSLOptions(VertxTLSBuilder.java:138)
[2019-03-18 14:36:16,656/CST][transport-vert.x-eventloop-thread-8][WARN]highway listen address is not configured, will not listen. org.apache.servicecomb.transport.highway.HighwayServerVerticle.startListen(HighwayServerVerticle.java:65)
[2019-03-18 14:36:16,660/CST][main][INFO]Found SPI service org.apache.servicecomb.common.rest.codec.produce.ProduceProcessor, count=2. org.apache.servicecomb.foundation.common.utils.SPIServiceUtils.loadSortedService(SPIServiceUtils.java:79)
[2019-03-18 14:36:16,660/CST][main][INFO]  0. org.apache.servicecomb.common.rest.codec.produce.ProduceJsonProcessor. org.apache.servicecomb.foundation.common.utils.SPIServiceUtils.loadSortedService(SPIServiceUtils.java:82)
[2019-03-18 14:36:16,660/CST][main][INFO]  1. org.apache.servicecomb.common.rest.codec.produce.ProduceTextPlainProcessor. org.apache.servicecomb.foundation.common.utils.SPIServiceUtils.loadSortedService(SPIServiceUtils.java:82)
[2019-03-18 14:36:16,670/CST][main][INFO]add schema to service paths. Training21Days-HelloWorld:consumer:helloConsumer. org.apache.servicecomb.common.rest.locator.ServicePathManager.addSchema(ServicePathManager.java:91)
[2019-03-18 14:36:16,671/CST][main][INFO]Swagger mapped "{[/consumer/v0/helloRT/], method=[GET], produces=[application/json]}" onto public abstract java.lang.String cse.gen.Training21Days_HelloWorld.consumer.helloConsumer.HelloConsumerServiceIntf.sayHelloRestTemplate(java.lang.String) org.apache.servicecomb.common.rest.locator.MicroservicePaths.printPath(MicroservicePaths.java:103)
[2019-03-18 14:36:16,671/CST][main][INFO]Swagger mapped "{[/consumer/v0/hello/], method=[GET], produces=[application/json]}" onto public abstract java.lang.String cse.gen.Training21Days_HelloWorld.consumer.helloConsumer.HelloConsumerServiceIntf.sayHello(java.lang.String) org.apache.servicecomb.common.rest.locator.MicroservicePaths.printPath(MicroservicePaths.java:103)
[2019-03-18 14:36:16,863/CST][main][WARN]Failed to create lambda for method: public void org.apache.servicecomb.core.SCBEngine$1.afterRegistryInstance(org.apache.servicecomb.serviceregistry.task.MicroserviceInstanceRegisterTask), fallback to reflect. org.apache.servicecomb.foundation.common.event.SimpleSubscriber.<init>(SimpleSubscriber.java:48)
[2019-03-18 14:36:16,872/CST][main][INFO]running microservice register task. org.apache.servicecomb.serviceregistry.task.MicroserviceRegisterTask.doRegister(MicroserviceRegisterTask.java:75)
[2019-03-18 14:36:16,885/CST][main][WARN]keyStore [server.p12] file not exist, please check! org.apache.servicecomb.foundation.vertx.VertxTLSBuilder.buildTCPSSLOptions(VertxTLSBuilder.java:118)
[2019-03-18 14:36:16,886/CST][main][WARN]trustStore [trust.jks] file not exist, please check! org.apache.servicecomb.foundation.vertx.VertxTLSBuilder.buildTCPSSLOptions(VertxTLSBuilder.java:138)
[2019-03-18 14:36:24,445/CST][registry-vert.x-eventloop-thread-0][WARN]get response for org.apache.servicecomb.serviceregistry.api.response.GetExistenceResponse failed, 400:Bad Request, {"errorCode":"400012","errorMessage":"Micro-service does not exist","detail":"/Training21Days-HelloWorld/consumer/0.0.1 does not exist."}
 org.apache.servicecomb.serviceregistry.client.http.ServiceRegistryClientImpl.lambda$null$1(ServiceRegistryClientImpl.java:147)
[2019-03-18 14:36:24,527/CST][main][INFO]Registry Microservice successfully. id=[f8205f60875304e44a961a692c4fc5861affc60f] appId=[Training21Days-HelloWorld], name=[consumer], version=[0.0.1], schemaIds=[helloConsumer], env=[] org.apache.servicecomb.serviceregistry.task.MicroserviceRegisterTask.doRegister(MicroserviceRegisterTask.java:109)
[2019-03-18 14:36:24,571/CST][main][INFO]schemaId [helloConsumer] exists [true], summary exists [false] org.apache.servicecomb.serviceregistry.task.MicroserviceRegisterTask.registerSchema(MicroserviceRegisterTask.java:194)
[2019-03-18 14:36:24,683/CST][registry-vert.x-eventloop-thread-0][WARN]get response for org.apache.servicecomb.serviceregistry.api.response.GetSchemaResponse failed, 400:Bad Request, {"errorCode":"400016","errorMessage":"Schema does not exist","detail":"Do not have this schema info."}
 org.apache.servicecomb.serviceregistry.client.http.ServiceRegistryClientImpl.lambda$null$1(ServiceRegistryClientImpl.java:147)
[2019-03-18 14:36:27,547/CST][main][INFO]register schema f8205f60875304e44a961a692c4fc5861affc60f/helloConsumer success. org.apache.servicecomb.serviceregistry.client.http.ServiceRegistryClientImpl.registerSchema(ServiceRegistryClientImpl.java:363)
[2019-03-18 14:36:27,549/CST][main][INFO]read MicroserviceRegisterTask status is FINISHED org.apache.servicecomb.serviceregistry.task.ServiceCenterTask.onRegisterTask(ServiceCenterTask.java:51)
[2019-03-18 14:36:27,550/CST][main][INFO]running microservice instance register task. org.apache.servicecomb.serviceregistry.task.MicroserviceInstanceRegisterTask.doRegister(MicroserviceInstanceRegisterTask.java:59)
[2019-03-18 14:36:27,607/CST][main][INFO]Register microservice instance success. microserviceId=f8205f60875304e44a961a692c4fc5861affc60f instanceId=2a5f2735494811e9900e0255ac105166 endpoints=[rest://192.168.99.1:9090] lease 120s org.apache.servicecomb.serviceregistry.task.MicroserviceInstanceRegisterTask.doRegister(MicroserviceInstanceRegisterTask.java:77)
[2019-03-18 14:36:27,607/CST][main][INFO]receive MicroserviceInstanceRegisterTask event, check instance Id... org.apache.servicecomb.core.SCBEngine$1.afterRegistryInstance(SCBEngine.java:182)
[2019-03-18 14:36:27,607/CST][main][INFO]instance registry succeeds for the first time, will send AFTER_REGISTRY event. org.apache.servicecomb.core.SCBEngine$1.afterRegistryInstance(SCBEngine.java:184)
[2019-03-18 14:36:27,616/CST][main][WARN]keyStore [server.p12] file not exist, please check! org.apache.servicecomb.foundation.vertx.VertxTLSBuilder.buildTCPSSLOptions(VertxTLSBuilder.java:118)
[2019-03-18 14:36:27,616/CST][main][WARN]trustStore [trust.jks] file not exist, please check! org.apache.servicecomb.foundation.vertx.VertxTLSBuilder.buildTCPSSLOptions(VertxTLSBuilder.java:138)
[2019-03-18 14:36:27,617/CST][main][INFO]Monitor data sender started. Configured data providers is {com.huawei.paas.monitor.HealthMonitorDataProvider,} com.huawei.paas.monitor.DataFactory.start(DataFactory.java:62)
[2019-03-18 14:36:27,618/CST][main][INFO]ServiceComb is ready. org.apache.servicecomb.core.SCBEngine$1.afterRegistryInstance(SCBEngine.java:188)
[2019-03-18 14:36:27,618/CST][main][INFO]read MicroserviceInstanceRegisterTask status is FINISHED org.apache.servicecomb.serviceregistry.task.ServiceCenterTask.onRegisterTask(ServiceCenterTask.java:51)
[2019-03-18 14:36:27,662/CST][main][INFO]Waiting for status up. timeout: 10000ms org.apache.servicecomb.core.SCBEngine.waitStatusUp(SCBEngine.java:362)
[2019-03-18 14:36:27,663/CST][main][INFO]Status already changed to up. org.apache.servicecomb.core.SCBEngine.waitStatusUp(SCBEngine.java:371)
[2019-03-18 14:36:57,660/CST][Service Center Task [java.util.concurrent.ThreadPoolExecutor$Worker@5d260659[State = -1, empty queue][37]]][INFO]sc task interval changed from -1 to 30 org.apache.servicecomb.serviceregistry.task.ServiceCenterTaskMonitor.beginCycle(ServiceCenterTaskMonitor.java:39)
[2019-03-18 14:38:07,694/CST][monitor-center-vert.x-eventloop-thread-0][WARN]Send data to url /v2/default/csemonitor/metric?service=consumer failed and status line is 429 com.huawei.paas.monitor.DefaultMonitorDataPublisher.lambda$null$1(DefaultMonitorDataPublisher.java:178)
[2019-03-18 14:38:07,695/CST][monitor-center-vert.x-eventloop-thread-0][WARN]message: {"error_msg":"Throttling threshold reached: policy api over ratelimit,limit:150,time:1 second","error_code":"APIGW.0308","request_id":"169555423bd9236013af2a70707fa6ad"}
 com.huawei.paas.monitor.DefaultMonitorDataPublisher.lambda$null$1(DefaultMonitorDataPublisher.java:181)
[2019-03-18 14:38:17,690/CST][monitor-center-vert.x-eventloop-thread-0][WARN]Send data to url /v2/default/csemonitor/metric?service=consumer failed and status line is 429 com.huawei.paas.monitor.DefaultMonitorDataPublisher.lambda$null$1(DefaultMonitorDataPublisher.java:178)
[2019-03-18 14:38:17,690/CST][monitor-center-vert.x-eventloop-thread-0][WARN]message: {"error_msg":"Throttling threshold reached: policy api over ratelimit,limit:150,time:1 second","error_code":"APIGW.0308","request_id":"bc5014237ca24a212ebd7932cac5a487"}
 com.huawei.paas.monitor.DefaultMonitorDataPublisher.lambda$null$1(DefaultMonitorDataPublisher.java:181)
[2019-03-18 14:38:27,702/CST][monitor-center-vert.x-eventloop-thread-0][WARN]Send data to url /v2/default/csemonitor/metric?service=consumer failed and status line is 429 com.huawei.paas.monitor.DefaultMonitorDataPublisher.lambda$null$1(DefaultMonitorDataPublisher.java:178)
[2019-03-18 14:38:27,702/CST][monitor-center-vert.x-eventloop-thread-0][WARN]message: {"error_msg":"Throttling threshold reached: policy api over ratelimit,limit:150,time:1 second","error_code":"APIGW.0308","request_id":"23595c6ce49e9e1c5b5de6a8fadb7695"}
 com.huawei.paas.monitor.DefaultMonitorDataPublisher.lambda$null$1(DefaultMonitorDataPublisher.java:181)
[2019-03-18 14:38:37,735/CST][cse-monitor-datafactory-2-1][INFO]find instances[1] from service center success. service=default/CseMonitoring/latest, old revision=null, new revision=3a995f3e509dd4b5ea14c852b983df92fce4431c org.apache.servicecomb.serviceregistry.registry.AbstractServiceRegistry.findServiceInstances(AbstractServiceRegistry.java:260)
[2019-03-18 14:38:37,735/CST][cse-monitor-datafactory-2-1][INFO]service id=8b09a7085f4011e89f130255ac10470c, instance id=8b160d485f4011e89f130255ac10470c, endpoints=[rest://100.125.0.198:30109?sslEnabled=true] org.apache.servicecomb.serviceregistry.registry.AbstractServiceRegistry.findServiceInstances(AbstractServiceRegistry.java:268)
[2019-03-18 14:38:42,738/CST][monitor-center-vert.x-eventloop-thread-0][WARN]Send monitor data to rest://100.125.0.198:30109?sslEnabled=true failed, connection timed out: /100.125.0.198:30109 com.huawei.paas.monitor.DefaultMonitorDataPublisher.lambda$null$3(DefaultMonitorDataPublisher.java:190)
[2019-03-18 14:38:52,743/CST][monitor-center-vert.x-eventloop-thread-0][WARN]Send monitor data to rest://100.125.0.198:30109?sslEnabled=true failed, connection timed out: /100.125.0.198:30109 com.huawei.paas.monitor.DefaultMonitorDataPublisher.lambda$null$3(DefaultMonitorDataPublisher.java:190)
[2019-03-18 14:39:02,743/CST][monitor-center-vert.x-eventloop-thread-0][WARN]Send monitor data to rest://100.125.0.198:30109?sslEnabled=true failed, connection timed out: /100.125.0.198:30109 com.huawei.paas.monitor.DefaultMonitorDataPublisher.lambda$null$3(DefaultMonitorDataPublisher.java:190)
[2019-03-18 14:39:07,782/CST][cse-monitor-datafactory-2-1][INFO]find instances[1] from service center success. service=default/CseMonitoring/latest, old revision=null, new revision=3a995f3e509dd4b5ea14c852b983df92fce4431c org.apache.servicecomb.serviceregistry.registry.AbstractServiceRegistry.findServiceInstances(AbstractServiceRegistry.java:260)
[2019-03-18 14:39:07,782/CST][cse-monitor-datafactory-2-1][INFO]service id=8b09a7085f4011e89f130255ac10470c, instance id=8b160d485f4011e89f130255ac10470c, endpoints=[rest://100.125.0.198:30109?sslEnabled=true] org.apache.servicecomb.serviceregistry.registry.AbstractServiceRegistry.findServiceInstances(AbstractServiceRegistry.java:268)
[2019-03-18 14:39:17,820/CST][cse-monitor-datafactory-2-1][INFO]find instances[1] from service center success. service=default/CseMonitoring/latest, old revision=null, new revision=3a995f3e509dd4b5ea14c852b983df92fce4431c org.apache.servicecomb.serviceregistry.registry.AbstractServiceRegistry.findServiceInstances(AbstractServiceRegistry.java:260)
[2019-03-18 14:39:17,820/CST][cse-monitor-datafactory-2-1][INFO]service id=8b09a7085f4011e89f130255ac10470c, instance id=8b160d485f4011e89f130255ac10470c, endpoints=[rest://100.125.0.198:30109?sslEnabled=true] org.apache.servicecomb.serviceregistry.registry.AbstractServiceRegistry.findServiceInstances(AbstractServiceRegistry.java:268)
[2019-03-18 14:43:57,895/CST][monitor-center-vert.x-eventloop-thread-0][WARN]Send data to url /v2/default/csemonitor/metric?service=consumer failed and status line is 429 com.huawei.paas.monitor.DefaultMonitorDataPublisher.lambda$null$1(DefaultMonitorDataPublisher.java:178)
[2019-03-18 14:43:57,896/CST][monitor-center-vert.x-eventloop-thread-0][WARN]message: {"error_msg":"Throttling threshold reached: policy api over ratelimit,limit:150,time:1 second","error_code":"APIGW.0308","request_id":"aea35c20176749be65a16a4ad6a3de58"}
 com.huawei.paas.monitor.DefaultMonitorDataPublisher.lambda$null$1(DefaultMonitorDataPublisher.java:181)
[2019-03-18 14:44:07,899/CST][monitor-center-vert.x-eventloop-thread-0][WARN]Send data to url /v2/default/csemonitor/metric?service=consumer failed and status line is 429 com.huawei.paas.monitor.DefaultMonitorDataPublisher.lambda$null$1(DefaultMonitorDataPublisher.java:178)
[2019-03-18 14:44:07,901/CST][monitor-center-vert.x-eventloop-thread-0][WARN]message: {"error_msg":"Throttling threshold reached: policy api over ratelimit,limit:150,time:1 second","error_code":"APIGW.0308","request_id":"10d2c6cad968fa9acb2e6c877fdd0dd6"}
 com.huawei.paas.monitor.DefaultMonitorDataPublisher.lambda$null$1(DefaultMonitorDataPublisher.java:181)
[2019-03-18 14:44:27,904/CST][monitor-center-vert.x-eventloop-thread-0][WARN]Send data to url /v2/default/csemonitor/metric?service=consumer failed and status line is 429 com.huawei.paas.monitor.DefaultMonitorDataPublisher.lambda$null$1(DefaultMonitorDataPublisher.java:178)
[2019-03-18 14:44:27,905/CST][monitor-center-vert.x-eventloop-thread-0][WARN]message: {"error_msg":"Throttling threshold reached: policy api over ratelimit,limit:150,time:1 second","error_code":"APIGW.0308","request_id":"550c86fb3ddd275e7aedb42a3f4a6b3f"}
 com.huawei.paas.monitor.DefaultMonitorDataPublisher.lambda$null$1(DefaultMonitorDataPublisher.java:181)
[2019-03-18 14:44:57,908/CST][monitor-center-vert.x-eventloop-thread-0][WARN]Send data to url /v2/default/csemonitor/metric?service=consumer failed and status line is 429 com.huawei.paas.monitor.DefaultMonitorDataPublisher.lambda$null$1(DefaultMonitorDataPublisher.java:178)
[2019-03-18 14:44:57,909/CST][monitor-center-vert.x-eventloop-thread-0][WARN]message: {"error_msg":"Throttling threshold reached: policy api over ratelimit,limit:150,time:1 second","error_code":"APIGW.0308","request_id":"1a44af508fdf55d0a97835f440c863e0"}
 com.huawei.paas.monitor.DefaultMonitorDataPublisher.lambda$null$1(DefaultMonitorDataPublisher.java:181)
[2019-03-18 14:49:37,962/CST][monitor-center-vert.x-eventloop-thread-0][WARN]Send data to url /v2/default/csemonitor/metric?service=consumer failed and status line is 429 com.huawei.paas.monitor.DefaultMonitorDataPublisher.lambda$null$1(DefaultMonitorDataPublisher.java:178)
[2019-03-18 14:49:37,963/CST][monitor-center-vert.x-eventloop-thread-0][WARN]message: {"error_msg":"Throttling threshold reached: policy api over ratelimit,limit:150,time:1 second","error_code":"APIGW.0308","request_id":"07b197c7c9db273a21f64243e070c770"}
 com.huawei.paas.monitor.DefaultMonitorDataPublisher.lambda$null$1(DefaultMonitorDataPublisher.java:181)
[2019-03-18 14:49:47,962/CST][monitor-center-vert.x-eventloop-thread-0][WARN]Send data to url /v2/default/csemonitor/metric?service=consumer failed and status line is 429 com.huawei.paas.monitor.DefaultMonitorDataPublisher.lambda$null$1(DefaultMonitorDataPublisher.java:178)
[2019-03-18 14:49:47,963/CST][monitor-center-vert.x-eventloop-thread-0][WARN]message: {"error_msg":"Throttling threshold reached: policy api over ratelimit,limit:150,time:1 second","error_code":"APIGW.0308","request_id":"92fa418f4d1d71091685640ed049e221"}
 com.huawei.paas.monitor.DefaultMonitorDataPublisher.lambda$null$1(DefaultMonitorDataPublisher.java:181)
[2019-03-18 14:49:57,959/CST][monitor-center-vert.x-eventloop-thread-0][WARN]Send data to url /v2/default/csemonitor/metric?service=consumer failed and status line is 429 com.huawei.paas.monitor.DefaultMonitorDataPublisher.lambda$null$1(DefaultMonitorDataPublisher.java:178)
[2019-03-18 14:49:57,959/CST][monitor-center-vert.x-eventloop-thread-0][WARN]message: {"error_msg":"Throttling threshold reached: policy api over ratelimit,limit:150,time:1 second","error_code":"APIGW.0308","request_id":"49e0b7f7492bfd56f195b2113d8e13fd"}
 com.huawei.paas.monitor.DefaultMonitorDataPublisher.lambda$null$1(DefaultMonitorDataPublisher.java:181)
[2019-03-18 14:50:07,984/CST][cse-monitor-datafactory-2-1][INFO]find instances[1] from service center success. service=default/CseMonitoring/latest, old revision=null, new revision=3a995f3e509dd4b5ea14c852b983df92fce4431c org.apache.servicecomb.serviceregistry.registry.AbstractServiceRegistry.findServiceInstances(AbstractServiceRegistry.java:260)
[2019-03-18 14:50:07,985/CST][cse-monitor-datafactory-2-1][INFO]service id=8b09a7085f4011e89f130255ac10470c, instance id=8b160d485f4011e89f130255ac10470c, endpoints=[rest://100.125.0.198:30109?sslEnabled=true] org.apache.servicecomb.serviceregistry.registry.AbstractServiceRegistry.findServiceInstances(AbstractServiceRegistry.java:268)
[2019-03-18 14:50:12,990/CST][monitor-center-vert.x-eventloop-thread-0][WARN]Send monitor data to rest://100.125.0.198:30109?sslEnabled=true failed, connection timed out: /100.125.0.198:30109 com.huawei.paas.monitor.DefaultMonitorDataPublisher.lambda$null$3(DefaultMonitorDataPublisher.java:190)
[2019-03-18 14:55:28,059/CST][monitor-center-vert.x-eventloop-thread-0][WARN]Send data to url /v2/default/csemonitor/metric?service=consumer failed and status line is 429 com.huawei.paas.monitor.DefaultMonitorDataPublisher.lambda$null$1(DefaultMonitorDataPublisher.java:178)
[2019-03-18 14:55:28,061/CST][monitor-center-vert.x-eventloop-thread-0][WARN]message: {"error_msg":"Throttling threshold reached: policy api over ratelimit,limit:150,time:1 second","error_code":"APIGW.0308","request_id":"78d2696ae6b4fd9f26ca93c8b5a55e02"}
 com.huawei.paas.monitor.DefaultMonitorDataPublisher.lambda$null$1(DefaultMonitorDataPublisher.java:181)
[2019-03-18 14:55:38,060/CST][monitor-center-vert.x-eventloop-thread-0][WARN]Send data to url /v2/default/csemonitor/metric?service=consumer failed and status line is 429 com.huawei.paas.monitor.DefaultMonitorDataPublisher.lambda$null$1(DefaultMonitorDataPublisher.java:178)
[2019-03-18 14:55:38,061/CST][monitor-center-vert.x-eventloop-thread-0][WARN]message: {"error_msg":"Throttling threshold reached: policy api over ratelimit,limit:150,time:1 second","error_code":"APIGW.0308","request_id":"29c8aa8b5881180d434609a6914870bc"}
 com.huawei.paas.monitor.DefaultMonitorDataPublisher.lambda$null$1(DefaultMonitorDataPublisher.java:181)
[2019-03-18 14:55:48,062/CST][monitor-center-vert.x-eventloop-thread-0][WARN]Send data to url /v2/default/csemonitor/metric?service=consumer failed and status line is 429 com.huawei.paas.monitor.DefaultMonitorDataPublisher.lambda$null$1(DefaultMonitorDataPublisher.java:178)
[2019-03-18 14:55:48,063/CST][monitor-center-vert.x-eventloop-thread-0][WARN]message: {"error_msg":"Throttling threshold reached: policy api over ratelimit,limit:150,time:1 second","error_code":"APIGW.0308","request_id":"2bc11fbd3af505ff80b8c20068a6108d"}
 com.huawei.paas.monitor.DefaultMonitorDataPublisher.lambda$null$1(DefaultMonitorDataPublisher.java:181)
[2019-03-18 14:55:58,067/CST][cse-monitor-datafactory-2-1][INFO]find instances[1] from service center success. service=default/CseMonitoring/latest, old revision=null, new revision=3a995f3e509dd4b5ea14c852b983df92fce4431c org.apache.servicecomb.serviceregistry.registry.AbstractServiceRegistry.findServiceInstances(AbstractServiceRegistry.java:260)
[2019-03-18 14:55:58,068/CST][cse-monitor-datafactory-2-1][INFO]service id=8b09a7085f4011e89f130255ac10470c, instance id=8b160d485f4011e89f130255ac10470c, endpoints=[rest://100.125.0.198:30109?sslEnabled=true] org.apache.servicecomb.serviceregistry.registry.AbstractServiceRegistry.findServiceInstances(AbstractServiceRegistry.java:268)
[2019-03-18 14:56:03,072/CST][monitor-center-vert.x-eventloop-thread-0][WARN]Send monitor data to rest://100.125.0.198:30109?sslEnabled=true failed, connection timed out: /100.125.0.198:30109 com.huawei.paas.monitor.DefaultMonitorDataPublisher.lambda$null$3(DefaultMonitorDataPublisher.java:190)
