[2019-03-18 17:29:50,276/CST][main][ERROR]Can not output merged.log4j.properties,because can not write to directory of file file:/C:/Users/easty/.m2/repository/org/apache/servicecomb/transport-rest-vertx/1.1.0.B036/transport-rest-vertx-1.1.0.B036.jar!/config/base/log4j.properties org.apache.servicecomb.foundation.common.utils.Log4jUtils.outputFile(Log4jUtils.java:103)
[2019-03-18 17:29:50,283/CST][main][INFO]Found main class "microservice.demo.training21days.consumer.AppMain". org.apache.servicecomb.foundation.common.utils.JvmUtils.findMainClass(JvmUtils.java:62)
[2019-03-18 17:29:50,307/CST][main][INFO]Refreshing org.springframework.context.support.ClassPathXmlApplicationContext@2d3fcdbd: startup date [Mon Mar 18 17:29:50 CST 2019]; root of context hierarchy org.springframework.context.support.AbstractApplicationContext.prepareRefresh(AbstractApplicationContext.java:583)
[2019-03-18 17:29:50,363/CST][main][INFO]Loading XML bean definitions from URL [jar:file:/C:/Users/easty/.m2/repository/org/apache/servicecomb/foundation-config/1.1.0.B036/foundation-config-1.1.0.B036.jar!/META-INF/spring/cse.bean.xml] org.springframework.beans.factory.xml.XmlBeanDefinitionReader.loadBeanDefinitions(XmlBeanDefinitionReader.java:317)
[2019-03-18 17:29:50,455/CST][main][INFO]Loading XML bean definitions from URL [jar:file:/C:/Users/easty/.m2/repository/org/apache/servicecomb/foundation-vertx/1.1.0.B036/foundation-vertx-1.1.0.B036.jar!/META-INF/spring/cse.bean.xml] org.springframework.beans.factory.xml.XmlBeanDefinitionReader.loadBeanDefinitions(XmlBeanDefinitionReader.java:317)
[2019-03-18 17:29:50,475/CST][main][INFO]Loading XML bean definitions from URL [jar:file:/C:/Users/easty/.m2/repository/org/apache/servicecomb/java-chassis-core/1.1.0.B036/java-chassis-core-1.1.0.B036.jar!/META-INF/spring/cse.bean.xml] org.springframework.beans.factory.xml.XmlBeanDefinitionReader.loadBeanDefinitions(XmlBeanDefinitionReader.java:317)
[2019-03-18 17:29:51,021/CST][main][INFO]Loading XML bean definitions from URL [jar:file:/C:/Users/easty/.m2/repository/org/apache/servicecomb/handler-bizkeeper/1.1.0.B036/handler-bizkeeper-1.1.0.B036.jar!/META-INF/spring/cse.bean.xml] org.springframework.beans.factory.xml.XmlBeanDefinitionReader.loadBeanDefinitions(XmlBeanDefinitionReader.java:317)
[2019-03-18 17:29:51,035/CST][main][INFO]Loading XML bean definitions from URL [jar:file:/C:/Users/easty/.m2/repository/org/apache/servicecomb/handler-loadbalance/1.1.0.B036/handler-loadbalance-1.1.0.B036.jar!/META-INF/spring/cse.bean.xml] org.springframework.beans.factory.xml.XmlBeanDefinitionReader.loadBeanDefinitions(XmlBeanDefinitionReader.java:317)
[2019-03-18 17:29:51,047/CST][main][INFO]Loading XML bean definitions from URL [jar:file:/C:/Users/easty/.m2/repository/com/huawei/paas/cse/cse-handler-cloud-extension/2.3.62/cse-handler-cloud-extension-2.3.62.jar!/META-INF/spring/services.bean.xml] org.springframework.beans.factory.xml.XmlBeanDefinitionReader.loadBeanDefinitions(XmlBeanDefinitionReader.java:317)
[2019-03-18 17:29:51,293/CST][main][INFO]Environment received, will get configurations from [org.springframework.core.env.StandardEnvironment@198098993]. org.apache.servicecomb.config.ConfigurationSpringInitializer.setEnvironment(ConfigurationSpringInitializer.java:59)
[2019-03-18 17:29:51,312/CST][main][WARN]No URLs will be polled as dynamic configuration sources. com.netflix.config.sources.URLConfigurationSource.<init>(URLConfigurationSource.java:121)
[2019-03-18 17:29:51,313/CST][main][INFO]To enable URLs as dynamic configuration sources, define System property archaius.configurationSource.additionalUrls or make config.properties available on classpath. com.netflix.config.sources.URLConfigurationSource.<init>(URLConfigurationSource.java:122)
[2019-03-18 17:29:51,377/CST][main][INFO]create local config: org.apache.servicecomb.config.ConfigUtil.createLocalConfig(ConfigUtil.java:114)
[2019-03-18 17:29:51,377/CST][main][INFO] jar:file:/C:/Users/easty/.m2/repository/org/apache/servicecomb/java-chassis-core/1.1.0.B036/java-chassis-core-1.1.0.B036.jar!/microservice.yaml. org.apache.servicecomb.config.ConfigUtil.createLocalConfig(ConfigUtil.java:116)
[2019-03-18 17:29:51,377/CST][main][INFO] jar:file:/C:/Users/easty/.m2/repository/com/huawei/paas/cse/cse-solution-service-engine/2.3.62/cse-solution-service-engine-2.3.62.jar!/microservice.yaml. org.apache.servicecomb.config.ConfigUtil.createLocalConfig(ConfigUtil.java:116)
[2019-03-18 17:29:51,378/CST][main][INFO] file:/E:/MicroService/huawei/demo/Demo-Day4/helloworld-consumer/target/classes/microservice.yaml. org.apache.servicecomb.config.ConfigUtil.createLocalConfig(ConfigUtil.java:116)
[2019-03-18 17:29:51,405/CST][main][INFO]Found SPI service org.apache.servicecomb.config.spi.ConfigCenterConfigurationSource, count=1. org.apache.servicecomb.foundation.common.utils.SPIServiceUtils.loadSortedService(SPIServiceUtils.java:79)
[2019-03-18 17:29:51,405/CST][main][INFO]  0. org.apache.servicecomb.config.archaius.sources.ConfigCenterConfigurationSourceImpl. org.apache.servicecomb.foundation.common.utils.SPIServiceUtils.loadSortedService(SPIServiceUtils.java:82)
[2019-03-18 17:29:51,412/CST][main][INFO]create local config: org.apache.servicecomb.config.ConfigUtil.createLocalConfig(ConfigUtil.java:114)
[2019-03-18 17:29:51,413/CST][main][INFO] jar:file:/C:/Users/easty/.m2/repository/org/apache/servicecomb/java-chassis-core/1.1.0.B036/java-chassis-core-1.1.0.B036.jar!/microservice.yaml. org.apache.servicecomb.config.ConfigUtil.createLocalConfig(ConfigUtil.java:116)
[2019-03-18 17:29:51,413/CST][main][INFO] jar:file:/C:/Users/easty/.m2/repository/com/huawei/paas/cse/cse-solution-service-engine/2.3.62/cse-solution-service-engine-2.3.62.jar!/microservice.yaml. org.apache.servicecomb.config.ConfigUtil.createLocalConfig(ConfigUtil.java:116)
[2019-03-18 17:29:51,413/CST][main][INFO] file:/E:/MicroService/huawei/demo/Demo-Day4/helloworld-consumer/target/classes/microservice.yaml. org.apache.servicecomb.config.ConfigUtil.createLocalConfig(ConfigUtil.java:116)
[2019-03-18 17:29:51,417/CST][main][INFO]Found SPI service org.apache.servicecomb.deployment.DeploymentProvider, count=1. org.apache.servicecomb.foundation.common.utils.SPIServiceUtils.loadSortedService(SPIServiceUtils.java:79)
[2019-03-18 17:29:51,417/CST][main][INFO]  0. org.apache.servicecomb.deployment.DefaultDeploymentProvider. org.apache.servicecomb.foundation.common.utils.SPIServiceUtils.loadSortedService(SPIServiceUtils.java:82)
[2019-03-18 17:29:52,327/CST][config-center-vert.x-eventloop-thread-0][INFO]add network interface name:eth0,host address:192.168.99.1 org.apache.servicecomb.foundation.common.net.NetUtils.doGetIpv4AddressFromNetworkInterface(NetUtils.java:118)
[2019-03-18 17:29:52,337/CST][config-center-vert.x-eventloop-thread-0][INFO]add network interface name:eth2,host address:192.168.56.1 org.apache.servicecomb.foundation.common.net.NetUtils.doGetIpv4AddressFromNetworkInterface(NetUtils.java:118)
[2019-03-18 17:29:52,379/CST][config-center-vert.x-eventloop-thread-0][INFO]add network interface name:wlan2,host address:192.168.1.164 org.apache.servicecomb.foundation.common.net.NetUtils.doGetIpv4AddressFromNetworkInterface(NetUtils.java:118)
[2019-03-18 17:29:52,489/CST][config-center-vert.x-eventloop-thread-0][INFO]add host name from localhost:LAPTOP-QCSBEDK0,host address:192.168.99.1 org.apache.servicecomb.foundation.common.net.NetUtils.doGetHostNameAndHostAddress(NetUtils.java:76)
[2019-03-18 17:29:52,515/CST][config-center-vert.x-eventloop-thread-0][INFO]Found SPI service com.huawei.paas.foundation.auth.credentials.AKSKCipher, count=2. org.apache.servicecomb.foundation.common.utils.SPIServiceUtils.loadSortedService(SPIServiceUtils.java:79)
[2019-03-18 17:29:52,515/CST][config-center-vert.x-eventloop-thread-0][INFO]  0. com.huawei.paas.foundation.auth.credentials.DefaultAKSKCipher. org.apache.servicecomb.foundation.common.utils.SPIServiceUtils.loadSortedService(SPIServiceUtils.java:82)
[2019-03-18 17:29:52,515/CST][config-center-vert.x-eventloop-thread-0][INFO]  1. com.huawei.paas.foundation.auth.credentials.SecurityAKSKCipher. org.apache.servicecomb.foundation.common.utils.SPIServiceUtils.loadSortedService(SPIServiceUtils.java:82)
[2019-03-18 17:29:52,516/CST][config-center-vert.x-eventloop-thread-0][INFO]add ak/sk cipher default com.huawei.paas.foundation.auth.credentials.AKSKManager.lambda$static$0(AKSKManager.java:41)
[2019-03-18 17:29:52,516/CST][config-center-vert.x-eventloop-thread-0][INFO]add ak/sk cipher security com.huawei.paas.foundation.auth.credentials.AKSKManager.lambda$static$0(AKSKManager.java:41)
[2019-03-18 17:29:52,517/CST][config-center-vert.x-eventloop-thread-0][INFO]read ak/sk from microservice.yaml. com.huawei.paas.foundation.auth.credentials.AKSKOption.buildFromYaml(AKSKOption.java:158)
[2019-03-18 17:29:53,250/CST][main][INFO]JSR-330 'javax.inject.Inject' annotation found and supported for autowiring org.springframework.beans.factory.annotation.AutowiredAnnotationBeanPostProcessor.<init>(AutowiredAnnotationBeanPostProcessor.java:155)
[2019-03-18 17:29:53,349/CST][main][INFO]Found SPI service org.apache.servicecomb.swagger.generator.core.CommonParameterTypeProcessor, count=3. org.apache.servicecomb.foundation.common.utils.SPIServiceUtils.loadSortedService(SPIServiceUtils.java:79)
[2019-03-18 17:29:53,349/CST][main][INFO]  0. org.apache.servicecomb.swagger.generator.springmvc.processor.parameter.MultipartFileTypeProcessor. org.apache.servicecomb.foundation.common.utils.SPIServiceUtils.loadSortedService(SPIServiceUtils.java:82)
[2019-03-18 17:29:53,349/CST][main][INFO]  1. org.apache.servicecomb.swagger.generator.core.processor.parametertype.HttpServletRequestProcessor. org.apache.servicecomb.foundation.common.utils.SPIServiceUtils.loadSortedService(SPIServiceUtils.java:82)
[2019-03-18 17:29:53,350/CST][main][INFO]  2. org.apache.servicecomb.swagger.invocation.generator.InvocationContextProcessor. org.apache.servicecomb.foundation.common.utils.SPIServiceUtils.loadSortedService(SPIServiceUtils.java:82)
[2019-03-18 17:29:53,358/CST][main][INFO]Found SPI service org.apache.servicecomb.swagger.generator.core.ResponseTypeProcessor, count=3. org.apache.servicecomb.foundation.common.utils.SPIServiceUtils.loadSortedService(SPIServiceUtils.java:79)
[2019-03-18 17:29:53,358/CST][main][INFO]  0. org.apache.servicecomb.swagger.generator.springmvc.processor.response.ResponseEntityProcessor. org.apache.servicecomb.foundation.common.utils.SPIServiceUtils.loadSortedService(SPIServiceUtils.java:82)
[2019-03-18 17:29:53,359/CST][main][INFO]  1. org.apache.servicecomb.swagger.generator.core.processor.response.CompletableFutureProcessor. org.apache.servicecomb.foundation.common.utils.SPIServiceUtils.loadSortedService(SPIServiceUtils.java:82)
[2019-03-18 17:29:53,359/CST][main][INFO]  2. org.apache.servicecomb.swagger.generator.jaxrs.processor.response.JaxrsResponseProcessor. org.apache.servicecomb.foundation.common.utils.SPIServiceUtils.loadSortedService(SPIServiceUtils.java:82)
[2019-03-18 17:29:53,394/CST][main][INFO]Found SPI service org.apache.servicecomb.swagger.generator.core.SwaggerGeneratorContext, count=3. org.apache.servicecomb.foundation.common.utils.SPIServiceUtils.loadSortedService(SPIServiceUtils.java:79)
[2019-03-18 17:29:53,394/CST][main][INFO]  0. org.apache.servicecomb.swagger.generator.springmvc.SpringmvcSwaggerGeneratorContext. org.apache.servicecomb.foundation.common.utils.SPIServiceUtils.loadSortedService(SPIServiceUtils.java:82)
[2019-03-18 17:29:53,395/CST][main][INFO]  1. org.apache.servicecomb.swagger.generator.jaxrs.JaxrsSwaggerGeneratorContext. org.apache.servicecomb.foundation.common.utils.SPIServiceUtils.loadSortedService(SPIServiceUtils.java:82)
[2019-03-18 17:29:53,395/CST][main][INFO]  2. org.apache.servicecomb.swagger.generator.pojo.PojoSwaggerGeneratorContext. org.apache.servicecomb.foundation.common.utils.SPIServiceUtils.loadSortedService(SPIServiceUtils.java:82)
[2019-03-18 17:29:53,442/CST][main][INFO]Found SPI service org.apache.servicecomb.swagger.invocation.response.producer.ProducerResponseMapperFactory, count=5. org.apache.servicecomb.foundation.common.utils.SPIServiceUtils.loadSortedService(SPIServiceUtils.java:79)
[2019-03-18 17:29:53,442/CST][main][INFO]  0. org.apache.servicecomb.swagger.invocation.springmvc.response.SpringmvcProducerResponseMapperFactory. org.apache.servicecomb.foundation.common.utils.SPIServiceUtils.loadSortedService(SPIServiceUtils.java:82)
[2019-03-18 17:29:53,443/CST][main][INFO]  1. org.apache.servicecomb.swagger.invocation.jaxrs.response.JaxrsProducerResponseMapperFactory. org.apache.servicecomb.foundation.common.utils.SPIServiceUtils.loadSortedService(SPIServiceUtils.java:82)
[2019-03-18 17:29:53,443/CST][main][INFO]  2. org.apache.servicecomb.swagger.invocation.response.producer.CseResponseProducerResponseMapperFactory. org.apache.servicecomb.foundation.common.utils.SPIServiceUtils.loadSortedService(SPIServiceUtils.java:82)
[2019-03-18 17:29:53,443/CST][main][INFO]  3. org.apache.servicecomb.swagger.invocation.response.producer.CompletableFutureProducerResponseMapperFactory. org.apache.servicecomb.foundation.common.utils.SPIServiceUtils.loadSortedService(SPIServiceUtils.java:82)
[2019-03-18 17:29:53,444/CST][main][INFO]  4. org.apache.servicecomb.swagger.invocation.response.producer.DefaultProducerResponseMapperFactory. org.apache.servicecomb.foundation.common.utils.SPIServiceUtils.loadSortedService(SPIServiceUtils.java:82)
[2019-03-18 17:29:53,449/CST][main][INFO]Found SPI service org.apache.servicecomb.swagger.invocation.response.consumer.ConsumerResponseMapperFactory, count=5. org.apache.servicecomb.foundation.common.utils.SPIServiceUtils.loadSortedService(SPIServiceUtils.java:79)
[2019-03-18 17:29:53,449/CST][main][INFO]  0. org.apache.servicecomb.swagger.invocation.springmvc.response.SpringmvcConsumerResponseMapperFactory. org.apache.servicecomb.foundation.common.utils.SPIServiceUtils.loadSortedService(SPIServiceUtils.java:82)
[2019-03-18 17:29:53,449/CST][main][INFO]  1. org.apache.servicecomb.swagger.invocation.jaxrs.response.JaxrsConsumerResponseMapperFactory. org.apache.servicecomb.foundation.common.utils.SPIServiceUtils.loadSortedService(SPIServiceUtils.java:82)
[2019-03-18 17:29:53,450/CST][main][INFO]  2. org.apache.servicecomb.swagger.invocation.response.consumer.CseResponseConsumerResponseMapperFactory. org.apache.servicecomb.foundation.common.utils.SPIServiceUtils.loadSortedService(SPIServiceUtils.java:82)
[2019-03-18 17:29:53,450/CST][main][INFO]  3. org.apache.servicecomb.swagger.invocation.response.consumer.CompletableFutureConsumerResponseMapperFactory. org.apache.servicecomb.foundation.common.utils.SPIServiceUtils.loadSortedService(SPIServiceUtils.java:82)
[2019-03-18 17:29:53,450/CST][main][INFO]  4. org.apache.servicecomb.swagger.invocation.response.consumer.DefaultConsumerResponseMapperFactory. org.apache.servicecomb.foundation.common.utils.SPIServiceUtils.loadSortedService(SPIServiceUtils.java:82)
[2019-03-18 17:29:53,645/CST][main][INFO]load microservice config, name=consumer, paths=[jar:file:/C:/Users/easty/.m2/repository/org/apache/servicecomb/java-chassis-core/1.1.0.B036/java-chassis-core-1.1.0.B036.jar!/microservice.yaml, jar:file:/C:/Users/easty/.m2/repository/com/huawei/paas/cse/cse-solution-service-engine/2.3.62/cse-solution-service-engine-2.3.62.jar!/microservice.yaml, file:/E:/MicroService/huawei/demo/Demo-Day4/helloworld-consumer/target/classes/microservice.yaml] org.apache.servicecomb.serviceregistry.definition.MicroserviceDefinition.logConfigPath(MicroserviceDefinition.java:142)
[2019-03-18 17:29:53,659/CST][main][INFO]It is running in the normal mode, a separated service registry is required org.apache.servicecomb.serviceregistry.registry.ServiceRegistryFactory.create(ServiceRegistryFactory.java:81)
[2019-03-18 17:29:53,687/CST][main][INFO]Found SPI service org.apache.servicecomb.serviceregistry.registry.ServiceRegistryTaskInitializer, count=1. org.apache.servicecomb.foundation.common.utils.SPIServiceUtils.loadSortedService(SPIServiceUtils.java:79)
[2019-03-18 17:29:53,688/CST][main][INFO]  0. org.apache.servicecomb.serviceregistry.diagnosis.instance.InstanceCacheCheckTask. org.apache.servicecomb.foundation.common.utils.SPIServiceUtils.loadSortedService(SPIServiceUtils.java:82)
[2019-03-18 17:29:53,691/CST][main][INFO]microserviceVersionFactory is org.apache.servicecomb.core.definition.PrivateMicroserviceVersionMetaFactory. org.apache.servicecomb.serviceregistry.registry.AbstractServiceRegistry.initAppManager(AbstractServiceRegistry.java:125)
[2019-03-18 17:29:53,717/CST][main][INFO]executor group 2, thread per group 8. org.apache.servicecomb.core.executor.FixedThreadExecutor.<init>(FixedThreadExecutor.java:56)
[2019-03-18 17:29:53,846/CST][main][INFO]Found SPI service org.apache.servicecomb.core.BootListener, count=0. org.apache.servicecomb.foundation.common.utils.SPIServiceUtils.loadSortedService(SPIServiceUtils.java:79)
[2019-03-18 17:29:53,904/CST][main][INFO]Loaded properties file jar:file:/C:/Users/easty/.m2/repository/org/apache/servicecomb/handler-bizkeeper/1.1.0.B036/handler-bizkeeper-1.1.0.B036.jar!/hystrix-plugins.properties com.netflix.config.util.ConfigurationUtils.getConfigFromPropertiesFile(ConfigurationUtils.java:183)
[2019-03-18 17:29:53,925/CST][main][INFO]select [org.apache.servicecomb.swagger.generator.jaxrs.JaxrsSwaggerGeneratorContext] for [microservice.demo.training21days.consumer.service.HelloConsumerService] to generate schema. org.apache.servicecomb.swagger.generator.core.CompositeSwaggerGeneratorContext.lambda$selectContext$0(CompositeSwaggerGeneratorContext.java:61)
[2019-03-18 17:29:53,943/CST][main][INFO]Found SPI service org.apache.servicecomb.swagger.extend.property.creator.PropertyCreator, count=1. org.apache.servicecomb.foundation.common.utils.SPIServiceUtils.loadSortedService(SPIServiceUtils.java:79)
[2019-03-18 17:29:53,943/CST][main][INFO]  0. org.apache.servicecomb.swagger.extend.property.creator.springmvc.MultipartFilePropertyCreator. org.apache.servicecomb.foundation.common.utils.SPIServiceUtils.loadSortedService(SPIServiceUtils.java:82)
[2019-03-18 17:29:54,030/CST][main][INFO]generate swagger for Training21Days-HelloWorld/consumer/helloConsumer, swagger: ---
swagger: "2.0"
info:
  version: "1.0.0"
  title: "swagger definition for microservice.demo.training21days.consumer.service.HelloConsumerService"
  x-java-interface: "cse.gen.Training21Days_HelloWorld.consumer.helloConsumer.HelloConsumerServiceIntf"
basePath: "/consumer/v0"
consumes:
- "application/json"
produces:
- "application/json"
paths:
  /greeting:
    post:
      operationId: "greeting"
      parameters:
      - in: "body"
        name: "person"
        required: false
        schema:
          $ref: "#/definitions/Person"
      responses:
        200:
          description: "response of 200"
          schema:
            $ref: "#/definitions/GreetingResponse"
  /hello:
    get:
      operationId: "sayHello"
      parameters:
      - name: "name"
        in: "query"
        required: false
        type: "string"
      responses:
        200:
          description: "response of 200"
          schema:
            type: "string"
  /helloRT:
    get:
      operationId: "sayHelloRestTemplate"
      parameters:
      - name: "name"
        in: "query"
        required: false
        type: "string"
      responses:
        200:
          description: "response of 200"
          schema:
            type: "string"
definitions:
  Person:
    type: "object"
    properties:
      name:
        type: "string"
      gender:
        type: "string"
        enum:
        - "MALE"
        - "FEMALE"
        x-java-class: "microservice.demo.training21days.provider.service.Gender"
    x-java-class: "microservice.demo.training21days.provider.service.Person"
  GreetingResponse:
    type: "object"
    properties:
      msg:
        type: "string"
      timestamp:
        type: "string"
        format: "date-time"
    x-java-class: "microservice.demo.training21days.provider.service.GreetingResponse"
 org.apache.servicecomb.core.definition.schema.ProducerSchemaFactory.createSchema(ProducerSchemaFactory.java:118)
[2019-03-18 17:29:54,030/CST][main][INFO]register schema Training21Days-HelloWorld/consumer/helloConsumer org.apache.servicecomb.core.definition.loader.SchemaLoader.registerSchema(SchemaLoader.java:83)
[2019-03-18 17:29:54,157/CST][main][INFO]create CtClass cse.gen.Training21Days_HelloWorld.consumer.helloConsumer.HelloConsumerServiceIntf in classLoader sun.misc.Launcher$AppClassLoader@73d16e93. org.apache.servicecomb.common.javassist.JavassistUtils.createCtClass(JavassistUtils.java:185)
[2019-03-18 17:29:54,158/CST][main][INFO]create class cse.gen.Training21Days_HelloWorld.consumer.helloConsumer.HelloConsumerServiceIntf in classLoader sun.misc.Launcher$AppClassLoader@73d16e93. org.apache.servicecomb.common.javassist.JavassistUtils.createClass(JavassistUtils.java:217)
[2019-03-18 17:29:54,160/CST][main][INFO]Found SPI service org.apache.servicecomb.swagger.invocation.response.ResponseMetaMapper, count=0. org.apache.servicecomb.foundation.common.utils.SPIServiceUtils.loadSortedService(SPIServiceUtils.java:79)
[2019-03-18 17:29:54,160/CST][main][INFO]Can not find SPI service for org.apache.servicecomb.swagger.invocation.response.ResponseMetaMapper org.apache.servicecomb.foundation.common.utils.SPIServiceUtils.getPriorityHighestService(SPIServiceUtils.java:128)
[2019-03-18 17:29:54,173/CST][main][INFO]Found SPI service org.apache.servicecomb.serviceregistry.discovery.DiscoveryFilter, count=5. org.apache.servicecomb.foundation.common.utils.SPIServiceUtils.loadSortedService(SPIServiceUtils.java:79)
[2019-03-18 17:29:54,174/CST][main][INFO]  0. org.apache.servicecomb.serviceregistry.discovery.InstanceStatusDiscoveryFilter. org.apache.servicecomb.foundation.common.utils.SPIServiceUtils.loadSortedService(SPIServiceUtils.java:82)
[2019-03-18 17:29:54,174/CST][main][INFO]  1. org.apache.servicecomb.core.filter.OperationInstancesDiscoveryFilter. org.apache.servicecomb.foundation.common.utils.SPIServiceUtils.loadSortedService(SPIServiceUtils.java:82)
[2019-03-18 17:29:54,174/CST][main][INFO]  2. org.apache.servicecomb.loadbalance.filter.ZoneAwareDiscoveryFilter. org.apache.servicecomb.foundation.common.utils.SPIServiceUtils.loadSortedService(SPIServiceUtils.java:82)
[2019-03-18 17:29:54,174/CST][main][INFO]  3. org.apache.servicecomb.loadbalance.filter.InstancePropertyDiscoveryFilter. org.apache.servicecomb.foundation.common.utils.SPIServiceUtils.loadSortedService(SPIServiceUtils.java:82)
[2019-03-18 17:29:54,174/CST][main][INFO]  4. org.apache.servicecomb.loadbalance.filter.IsolationDiscoveryFilter. org.apache.servicecomb.foundation.common.utils.SPIServiceUtils.loadSortedService(SPIServiceUtils.java:82)
[2019-03-18 17:29:54,176/CST][main][INFO]DiscoveryFilter org.apache.servicecomb.serviceregistry.discovery.InstanceStatusDiscoveryFilter, enabled true. org.apache.servicecomb.serviceregistry.discovery.DiscoveryTree.sort(DiscoveryTree.java:104)
[2019-03-18 17:29:54,176/CST][main][INFO]DiscoveryFilter org.apache.servicecomb.core.filter.OperationInstancesDiscoveryFilter, enabled true. org.apache.servicecomb.serviceregistry.discovery.DiscoveryTree.sort(DiscoveryTree.java:104)
[2019-03-18 17:29:54,177/CST][main][INFO]DiscoveryFilter org.apache.servicecomb.loadbalance.filter.ZoneAwareDiscoveryFilter, enabled true. org.apache.servicecomb.serviceregistry.discovery.DiscoveryTree.sort(DiscoveryTree.java:104)
[2019-03-18 17:29:54,177/CST][main][INFO]DiscoveryFilter org.apache.servicecomb.loadbalance.filter.InstancePropertyDiscoveryFilter, enabled true. org.apache.servicecomb.serviceregistry.discovery.DiscoveryTree.sort(DiscoveryTree.java:104)
[2019-03-18 17:29:54,177/CST][main][INFO]DiscoveryFilter org.apache.servicecomb.loadbalance.filter.IsolationDiscoveryFilter, enabled true. org.apache.servicecomb.serviceregistry.discovery.DiscoveryTree.sort(DiscoveryTree.java:104)
[2019-03-18 17:29:54,178/CST][main][INFO]DiscoveryFilter org.apache.servicecomb.loadbalance.filter.ServerDiscoveryFilter, enabled true. org.apache.servicecomb.serviceregistry.discovery.DiscoveryTree.sort(DiscoveryTree.java:104)
[2019-03-18 17:29:54,180/CST][main][INFO]Found SPI service org.apache.servicecomb.faultinjection.Fault, count=2. org.apache.servicecomb.foundation.common.utils.SPIServiceUtils.loadSortedService(SPIServiceUtils.java:79)
[2019-03-18 17:29:54,180/CST][main][INFO]  0. org.apache.servicecomb.faultinjection.DelayFault. org.apache.servicecomb.foundation.common.utils.SPIServiceUtils.loadSortedService(SPIServiceUtils.java:82)
[2019-03-18 17:29:54,180/CST][main][INFO]  1. org.apache.servicecomb.faultinjection.AbortFault. org.apache.servicecomb.foundation.common.utils.SPIServiceUtils.loadSortedService(SPIServiceUtils.java:82)
[2019-03-18 17:29:54,190/CST][main][INFO]Found SPI service org.apache.servicecomb.swagger.invocation.extension.ProducerInvokeExtension, count=1. org.apache.servicecomb.foundation.common.utils.SPIServiceUtils.loadSortedService(SPIServiceUtils.java:79)
[2019-03-18 17:29:54,190/CST][main][INFO]  0. org.apache.servicecomb.swagger.invocation.validator.ParameterValidator. org.apache.servicecomb.foundation.common.utils.SPIServiceUtils.loadSortedService(SPIServiceUtils.java:82)
[2019-03-18 17:29:54,200/CST][main][WARN]address /0.0.0.0:9090, auto select a host address to publish 192.168.99.1:9090, maybe not the correct one org.apache.servicecomb.serviceregistry.RegistryUtils.genPublishIpPort(RegistryUtils.java:183)
[2019-03-18 17:29:54,202/CST][main][INFO]choose org.apache.servicecomb.transport.rest.vertx.VertxRestTransport for rest. org.apache.servicecomb.core.transport.TransportManager.chooseOneTransport(TransportManager.java:84)
[2019-03-18 17:29:54,202/CST][main][INFO]choose org.apache.servicecomb.transport.highway.HighwayTransport for highway. org.apache.servicecomb.core.transport.TransportManager.chooseOneTransport(TransportManager.java:84)
[2019-03-18 17:29:54,209/CST][main][INFO]Found SPI service org.apache.servicecomb.common.rest.filter.HttpClientFilter, count=3. org.apache.servicecomb.foundation.common.utils.SPIServiceUtils.loadSortedService(SPIServiceUtils.java:79)
[2019-03-18 17:29:54,209/CST][main][INFO]  0. org.apache.servicecomb.provider.springmvc.reference.RestTemplateCopyHeaderFilter. org.apache.servicecomb.foundation.common.utils.SPIServiceUtils.loadSortedService(SPIServiceUtils.java:82)
[2019-03-18 17:29:54,209/CST][main][INFO]  1. org.apache.servicecomb.common.rest.filter.inner.ClientRestArgsFilter. org.apache.servicecomb.foundation.common.utils.SPIServiceUtils.loadSortedService(SPIServiceUtils.java:82)
[2019-03-18 17:29:54,210/CST][main][INFO]  2. org.apache.servicecomb.transport.rest.client.http.DefaultHttpClientFilter. org.apache.servicecomb.foundation.common.utils.SPIServiceUtils.loadSortedService(SPIServiceUtils.java:82)
[2019-03-18 17:29:54,214/CST][main][WARN]keyStore [server.p12] file not exist, please check! org.apache.servicecomb.foundation.vertx.VertxTLSBuilder.buildTCPSSLOptions(VertxTLSBuilder.java:118)
[2019-03-18 17:29:54,215/CST][main][WARN]trustStore [trust.jks] file not exist, please check! org.apache.servicecomb.foundation.vertx.VertxTLSBuilder.buildTCPSSLOptions(VertxTLSBuilder.java:138)
[2019-03-18 17:29:54,219/CST][main][WARN]keyStore [server.p12] file not exist, please check! org.apache.servicecomb.foundation.vertx.VertxTLSBuilder.buildTCPSSLOptions(VertxTLSBuilder.java:118)
[2019-03-18 17:29:54,219/CST][main][WARN]trustStore [trust.jks] file not exist, please check! org.apache.servicecomb.foundation.vertx.VertxTLSBuilder.buildTCPSSLOptions(VertxTLSBuilder.java:138)
[2019-03-18 17:29:54,426/CST][transport-vert.x-eventloop-thread-4][INFO]Found SPI service org.apache.servicecomb.transport.rest.vertx.GlobalRestFailureHandler, count=0. org.apache.servicecomb.foundation.common.utils.SPIServiceUtils.loadSortedService(SPIServiceUtils.java:79)
[2019-03-18 17:29:54,426/CST][transport-vert.x-eventloop-thread-4][INFO]Can not find SPI service for org.apache.servicecomb.transport.rest.vertx.GlobalRestFailureHandler org.apache.servicecomb.foundation.common.utils.SPIServiceUtils.getPriorityHighestService(SPIServiceUtils.java:128)
[2019-03-18 17:29:54,434/CST][transport-vert.x-eventloop-thread-4][INFO]Found SPI service org.apache.servicecomb.common.rest.filter.HttpServerFilter, count=1. org.apache.servicecomb.foundation.common.utils.SPIServiceUtils.loadSortedService(SPIServiceUtils.java:79)
[2019-03-18 17:29:54,435/CST][transport-vert.x-eventloop-thread-4][INFO]  0. org.apache.servicecomb.common.rest.filter.inner.ServerRestArgsFilter. org.apache.servicecomb.foundation.common.utils.SPIServiceUtils.loadSortedService(SPIServiceUtils.java:82)
[2019-03-18 17:29:54,436/CST][transport-vert.x-eventloop-thread-4][INFO]Found SPI service org.apache.servicecomb.transport.rest.vertx.VertxHttpDispatcher, count=1. org.apache.servicecomb.foundation.common.utils.SPIServiceUtils.loadSortedService(SPIServiceUtils.java:79)
[2019-03-18 17:29:54,436/CST][transport-vert.x-eventloop-thread-4][INFO]  0. org.apache.servicecomb.transport.rest.vertx.VertxRestDispatcher. org.apache.servicecomb.foundation.common.utils.SPIServiceUtils.loadSortedService(SPIServiceUtils.java:82)
[2019-03-18 17:29:54,438/CST][transport-vert.x-eventloop-thread-4][INFO]servicecomb.uploads.directory is null, not support upload. org.apache.servicecomb.common.rest.UploadConfig.toMultipartConfigElement(UploadConfig.java:92)
[2019-03-18 17:29:54,459/CST][transport-vert.x-eventloop-thread-4][INFO]rest listen success. address=0.0.0.0:9090 org.apache.servicecomb.transport.rest.vertx.RestServerVerticle.lambda$startListen$3(RestServerVerticle.java:218)
[2019-03-18 17:29:54,460/CST][main][INFO]endpoint to publish: rest://192.168.99.1:9090 org.apache.servicecomb.core.transport.TransportManager.init(TransportManager.java:58)
[2019-03-18 17:29:54,461/CST][main][WARN]keyStore [server.p12] file not exist, please check! org.apache.servicecomb.foundation.vertx.VertxTLSBuilder.buildTCPSSLOptions(VertxTLSBuilder.java:118)
[2019-03-18 17:29:54,461/CST][main][WARN]trustStore [trust.jks] file not exist, please check! org.apache.servicecomb.foundation.vertx.VertxTLSBuilder.buildTCPSSLOptions(VertxTLSBuilder.java:138)
[2019-03-18 17:29:54,462/CST][main][WARN]keyStore [server.p12] file not exist, please check! org.apache.servicecomb.foundation.vertx.VertxTLSBuilder.buildTCPSSLOptions(VertxTLSBuilder.java:118)
[2019-03-18 17:29:54,462/CST][main][WARN]trustStore [trust.jks] file not exist, please check! org.apache.servicecomb.foundation.vertx.VertxTLSBuilder.buildTCPSSLOptions(VertxTLSBuilder.java:138)
[2019-03-18 17:29:54,468/CST][transport-vert.x-eventloop-thread-8][WARN]highway listen address is not configured, will not listen. org.apache.servicecomb.transport.highway.HighwayServerVerticle.startListen(HighwayServerVerticle.java:65)
[2019-03-18 17:29:54,472/CST][main][INFO]Found SPI service org.apache.servicecomb.common.rest.codec.produce.ProduceProcessor, count=2. org.apache.servicecomb.foundation.common.utils.SPIServiceUtils.loadSortedService(SPIServiceUtils.java:79)
[2019-03-18 17:29:54,472/CST][main][INFO]  0. org.apache.servicecomb.common.rest.codec.produce.ProduceJsonProcessor. org.apache.servicecomb.foundation.common.utils.SPIServiceUtils.loadSortedService(SPIServiceUtils.java:82)
[2019-03-18 17:29:54,472/CST][main][INFO]  1. org.apache.servicecomb.common.rest.codec.produce.ProduceTextPlainProcessor. org.apache.servicecomb.foundation.common.utils.SPIServiceUtils.loadSortedService(SPIServiceUtils.java:82)
[2019-03-18 17:29:54,484/CST][main][INFO]add schema to service paths. Training21Days-HelloWorld:consumer:helloConsumer. org.apache.servicecomb.common.rest.locator.ServicePathManager.addSchema(ServicePathManager.java:91)
[2019-03-18 17:29:54,485/CST][main][INFO]Swagger mapped "{[/consumer/v0/helloRT/], method=[GET], produces=[application/json]}" onto public abstract java.lang.String cse.gen.Training21Days_HelloWorld.consumer.helloConsumer.HelloConsumerServiceIntf.sayHelloRestTemplate(java.lang.String) org.apache.servicecomb.common.rest.locator.MicroservicePaths.printPath(MicroservicePaths.java:103)
[2019-03-18 17:29:54,485/CST][main][INFO]Swagger mapped "{[/consumer/v0/hello/], method=[GET], produces=[application/json]}" onto public abstract java.lang.String cse.gen.Training21Days_HelloWorld.consumer.helloConsumer.HelloConsumerServiceIntf.sayHello(java.lang.String) org.apache.servicecomb.common.rest.locator.MicroservicePaths.printPath(MicroservicePaths.java:103)
[2019-03-18 17:29:54,485/CST][main][INFO]Swagger mapped "{[/consumer/v0/greeting/], method=[POST], produces=[application/json]}" onto public abstract microservice.demo.training21days.provider.service.GreetingResponse cse.gen.Training21Days_HelloWorld.consumer.helloConsumer.HelloConsumerServiceIntf.greeting(microservice.demo.training21days.provider.service.Person) org.apache.servicecomb.common.rest.locator.MicroservicePaths.printPath(MicroservicePaths.java:103)
[2019-03-18 17:29:55,036/CST][main][WARN]Failed to create lambda for method: public void org.apache.servicecomb.core.SCBEngine$1.afterRegistryInstance(org.apache.servicecomb.serviceregistry.task.MicroserviceInstanceRegisterTask), fallback to reflect. org.apache.servicecomb.foundation.common.event.SimpleSubscriber.<init>(SimpleSubscriber.java:48)
[2019-03-18 17:29:55,044/CST][main][INFO]running microservice register task. org.apache.servicecomb.serviceregistry.task.MicroserviceRegisterTask.doRegister(MicroserviceRegisterTask.java:75)
[2019-03-18 17:29:55,080/CST][registry-vert.x-eventloop-thread-0][WARN]get response for org.apache.servicecomb.serviceregistry.api.response.GetExistenceResponse failed, 400:Bad Request, {"errorCode":"400012","errorMessage":"Micro-service does not exist","detail":"development/Training21Days-HelloWorld/consumer/0.0.2 does not exist."}
 org.apache.servicecomb.serviceregistry.client.http.ServiceRegistryClientImpl.lambda$null$1(ServiceRegistryClientImpl.java:147)
[2019-03-18 17:29:55,101/CST][main][INFO]Registry Microservice successfully. id=[3be34978497ea2890ca58a6dda0152cd3622d0f7] appId=[Training21Days-HelloWorld], name=[consumer], version=[0.0.2], schemaIds=[helloConsumer], env=[development] org.apache.servicecomb.serviceregistry.task.MicroserviceRegisterTask.doRegister(MicroserviceRegisterTask.java:109)
[2019-03-18 17:29:55,104/CST][main][INFO]schemaId [helloConsumer] exists [true], summary exists [false] org.apache.servicecomb.serviceregistry.task.MicroserviceRegisterTask.registerSchema(MicroserviceRegisterTask.java:194)
[2019-03-18 17:29:55,115/CST][registry-vert.x-eventloop-thread-0][WARN]get response for org.apache.servicecomb.serviceregistry.api.response.GetSchemaResponse failed, 400:Bad Request, {"errorCode":"400016","errorMessage":"Schema does not exist","detail":"Do not have this schema info."}
 org.apache.servicecomb.serviceregistry.client.http.ServiceRegistryClientImpl.lambda$null$1(ServiceRegistryClientImpl.java:147)
[2019-03-18 17:29:55,124/CST][main][INFO]register schema 3be34978497ea2890ca58a6dda0152cd3622d0f7/helloConsumer success. org.apache.servicecomb.serviceregistry.client.http.ServiceRegistryClientImpl.registerSchema(ServiceRegistryClientImpl.java:363)
[2019-03-18 17:29:55,124/CST][main][INFO]read MicroserviceRegisterTask status is FINISHED org.apache.servicecomb.serviceregistry.task.ServiceCenterTask.onRegisterTask(ServiceCenterTask.java:51)
[2019-03-18 17:29:55,124/CST][main][INFO]running microservice instance register task. org.apache.servicecomb.serviceregistry.task.MicroserviceInstanceRegisterTask.doRegister(MicroserviceInstanceRegisterTask.java:59)
[2019-03-18 17:29:55,129/CST][main][INFO]Register microservice instance success. microserviceId=3be34978497ea2890ca58a6dda0152cd3622d0f7 instanceId=63c86c6d496011e994dae86a64494942 endpoints=[rest://192.168.99.1:9090] lease 120s org.apache.servicecomb.serviceregistry.task.MicroserviceInstanceRegisterTask.doRegister(MicroserviceInstanceRegisterTask.java:77)
[2019-03-18 17:29:55,129/CST][main][INFO]read MicroserviceInstanceRegisterTask status is FINISHED org.apache.servicecomb.serviceregistry.task.ServiceCenterTask.onRegisterTask(ServiceCenterTask.java:51)
[2019-03-18 17:29:55,130/CST][main][INFO]receive MicroserviceInstanceRegisterTask event, check instance Id... org.apache.servicecomb.core.SCBEngine$1.afterRegistryInstance(SCBEngine.java:182)
[2019-03-18 17:29:55,130/CST][main][INFO]instance registry succeeds for the first time, will send AFTER_REGISTRY event. org.apache.servicecomb.core.SCBEngine$1.afterRegistryInstance(SCBEngine.java:184)
[2019-03-18 17:29:55,139/CST][main][WARN]keyStore [server.p12] file not exist, please check! org.apache.servicecomb.foundation.vertx.VertxTLSBuilder.buildTCPSSLOptions(VertxTLSBuilder.java:118)
[2019-03-18 17:29:55,139/CST][main][WARN]trustStore [trust.jks] file not exist, please check! org.apache.servicecomb.foundation.vertx.VertxTLSBuilder.buildTCPSSLOptions(VertxTLSBuilder.java:138)
[2019-03-18 17:29:55,141/CST][main][INFO]Monitor data sender started. Configured data providers is {com.huawei.paas.monitor.HealthMonitorDataProvider,} com.huawei.paas.monitor.DataFactory.start(DataFactory.java:62)
[2019-03-18 17:29:55,142/CST][main][INFO]ServiceComb is ready. org.apache.servicecomb.core.SCBEngine$1.afterRegistryInstance(SCBEngine.java:188)
[2019-03-18 17:29:55,147/CST][main][INFO]Waiting for status up. timeout: 10000ms org.apache.servicecomb.core.SCBEngine.waitStatusUp(SCBEngine.java:362)
[2019-03-18 17:29:55,148/CST][main][INFO]Status already changed to up. org.apache.servicecomb.core.SCBEngine.waitStatusUp(SCBEngine.java:371)
[2019-03-18 17:30:14,485/CST][transport-vert.x-eventloop-thread-4][INFO]Found SPI service javax.ws.rs.core.Response$StatusType, count=0. org.apache.servicecomb.foundation.common.utils.SPIServiceUtils.loadSortedService(SPIServiceUtils.java:79)
[2019-03-18 17:30:14,488/CST][transport-vert.x-eventloop-thread-4][INFO]Found SPI service org.apache.servicecomb.core.tracing.TraceIdGenerator, count=1. org.apache.servicecomb.foundation.common.utils.SPIServiceUtils.loadSortedService(SPIServiceUtils.java:79)
[2019-03-18 17:30:14,489/CST][transport-vert.x-eventloop-thread-4][INFO]  0. org.apache.servicecomb.core.tracing.BraveTraceIdGenerator. org.apache.servicecomb.foundation.common.utils.SPIServiceUtils.loadSortedService(SPIServiceUtils.java:82)
[2019-03-18 17:30:14,688/CST][pool-2-thread-1][INFO]HV000001: Hibernate Validator 6.0.2.Final org.hibernate.validator.internal.util.Version.<clinit>(Version.java:21)
[2019-03-18 17:30:14,890/CST][pool-2-thread-1][WARN]Failed to create lambda for method: private void org.apache.servicecomb.serviceregistry.consumer.MicroserviceManager.onMicroserviceNotExistEvent(org.apache.servicecomb.serviceregistry.task.event.MicroserviceNotExistEvent), fallback to reflect. org.apache.servicecomb.foundation.common.event.SimpleSubscriber.<init>(SimpleSubscriber.java:48)
[2019-03-18 17:30:14,890/CST][pool-2-thread-1][INFO]create MicroserviceVersions, appId=Training21Days-HelloWorld, microserviceName=provider. org.apache.servicecomb.serviceregistry.consumer.MicroserviceVersions.<init>(MicroserviceVersions.java:83)
[2019-03-18 17:30:14,906/CST][pool-2-thread-1][INFO]find instances[1] from service center success. service=Training21Days-HelloWorld/provider/0.0.0+, old revision=null, new revision=63ce504ed576bc633fa7d28d42150d315fd9647d org.apache.servicecomb.serviceregistry.registry.AbstractServiceRegistry.findServiceInstances(AbstractServiceRegistry.java:260)
[2019-03-18 17:30:14,906/CST][pool-2-thread-1][INFO]service id=c4ad28eb44c62b19e91fca2793f97679c20d7415, instance id=ad5c0d3b495f11e994dae86a64494942, endpoints=[rest://192.168.99.1:8080] org.apache.servicecomb.serviceregistry.registry.AbstractServiceRegistry.findServiceInstances(AbstractServiceRegistry.java:268)
[2019-03-18 17:30:14,911/CST][pool-2-thread-1][INFO]create classloader for microservice Training21Days-HelloWorld:provider:0.0.1. org.apache.servicecomb.core.definition.classloader.MicroserviceClassLoader.<init>(MicroserviceClassLoader.java:41)
[2019-03-18 17:30:14,914/CST][pool-2-thread-1][INFO]load schema from service center, microservice=Training21Days-HelloWorld:provider:0.0.1, schemaId=hello, result=true org.apache.servicecomb.core.definition.schema.ConsumerSchemaFactory.loadSwagger(ConsumerSchemaFactory.java:73)
[2019-03-18 17:30:14,950/CST][pool-2-thread-1][INFO]register schema Training21Days-HelloWorld/provider/hello org.apache.servicecomb.core.definition.loader.SchemaLoader.registerSchema(SchemaLoader.java:83)
[2019-03-18 17:30:14,953/CST][pool-2-thread-1][INFO]create CtClass cse.gen.Training21Days_HelloWorld.provider.hello.HelloServiceIntf in classLoader MicroserviceClassLoader Training21Days-HelloWorld:provider:0.0.1. org.apache.servicecomb.common.javassist.JavassistUtils.createCtClass(JavassistUtils.java:185)
[2019-03-18 17:30:14,954/CST][pool-2-thread-1][INFO]create class cse.gen.Training21Days_HelloWorld.provider.hello.HelloServiceIntf in classLoader MicroserviceClassLoader Training21Days-HelloWorld:provider:0.0.1. org.apache.servicecomb.common.javassist.JavassistUtils.createClass(JavassistUtils.java:217)
[2019-03-18 17:30:14,954/CST][pool-2-thread-1][INFO]DiscoveryFilter org.apache.servicecomb.serviceregistry.discovery.InstanceStatusDiscoveryFilter, enabled true. org.apache.servicecomb.serviceregistry.discovery.DiscoveryTree.sort(DiscoveryTree.java:104)
[2019-03-18 17:30:14,955/CST][pool-2-thread-1][INFO]DiscoveryFilter org.apache.servicecomb.core.filter.OperationInstancesDiscoveryFilter, enabled true. org.apache.servicecomb.serviceregistry.discovery.DiscoveryTree.sort(DiscoveryTree.java:104)
[2019-03-18 17:30:14,955/CST][pool-2-thread-1][INFO]DiscoveryFilter org.apache.servicecomb.loadbalance.filter.ZoneAwareDiscoveryFilter, enabled true. org.apache.servicecomb.serviceregistry.discovery.DiscoveryTree.sort(DiscoveryTree.java:104)
[2019-03-18 17:30:14,955/CST][pool-2-thread-1][INFO]DiscoveryFilter org.apache.servicecomb.loadbalance.filter.InstancePropertyDiscoveryFilter, enabled true. org.apache.servicecomb.serviceregistry.discovery.DiscoveryTree.sort(DiscoveryTree.java:104)
[2019-03-18 17:30:14,956/CST][pool-2-thread-1][INFO]DiscoveryFilter org.apache.servicecomb.loadbalance.filter.IsolationDiscoveryFilter, enabled true. org.apache.servicecomb.serviceregistry.discovery.DiscoveryTree.sort(DiscoveryTree.java:104)
[2019-03-18 17:30:14,956/CST][pool-2-thread-1][INFO]DiscoveryFilter org.apache.servicecomb.loadbalance.filter.ServerDiscoveryFilter, enabled true. org.apache.servicecomb.serviceregistry.discovery.DiscoveryTree.sort(DiscoveryTree.java:104)
[2019-03-18 17:30:14,956/CST][pool-2-thread-1][INFO]Loading schema for service c4ad28eb44c62b19e91fca2793f97679c20d7415 token 45 org.apache.servicecomb.core.definition.schema.ConsumerSchemaFactory.createConsumerSchema(ConsumerSchemaFactory.java:51)
[2019-03-18 17:30:14,956/CST][pool-2-thread-1][INFO]add schema to service paths. Training21Days-HelloWorld:provider:hello. org.apache.servicecomb.common.rest.locator.ServicePathManager.addSchema(ServicePathManager.java:91)
[2019-03-18 17:30:14,957/CST][pool-2-thread-1][INFO]create MicroserviceVersionRule, appId=Training21Days-HelloWorld, microserviceName=provider, versionRule=0+. org.apache.servicecomb.serviceregistry.consumer.MicroserviceVersions.createAndInitMicroserviceVersionRule(MicroserviceVersions.java:229)
[2019-03-18 17:30:14,962/CST][pool-2-thread-1][INFO]latestVersion changed from null to 0.0.1.0, appId=Training21Days-HelloWorld, microserviceName=provider, versionRule=0.0.0.0+. org.apache.servicecomb.serviceregistry.consumer.MicroserviceVersionRule.resetLatestVersion(MicroserviceVersionRule.java:131)
[2019-03-18 17:30:14,962/CST][pool-2-thread-1][INFO]add microserviceVersion, appId=Training21Days-HelloWorld, microserviceName=provider, version=0.0.1.0, versionRule=0.0.0.0+. org.apache.servicecomb.serviceregistry.consumer.MicroserviceVersionRule.addMicroserviceVersion(MicroserviceVersionRule.java:90)
[2019-03-18 17:30:14,964/CST][pool-2-thread-1][INFO]set instances, appId=Training21Days-HelloWorld, microserviceName=provider, versionRule=0.0.0.0+, instanceId=ad5c0d3b495f11e994dae86a64494942, version=0.0.1.0, endpoints=[rest://192.168.99.1:8080]. org.apache.servicecomb.serviceregistry.consumer.MicroserviceVersionRule.lambda$setInstances$1(MicroserviceVersionRule.java:171)
[2019-03-18 17:30:14,967/CST][pool-2-thread-1][INFO]Create qpsController, configKey = [provider] org.apache.servicecomb.qps.QpsControllerManager.createQpsControllerIfNotExist(QpsControllerManager.java:125)
[2019-03-18 17:30:14,967/CST][pool-2-thread-1][INFO]Create qpsController, configKey = [provider.hello] org.apache.servicecomb.qps.QpsControllerManager.createQpsControllerIfNotExist(QpsControllerManager.java:125)
[2019-03-18 17:30:14,968/CST][pool-2-thread-1][INFO]Create qpsController, configKey = [provider.hello.sayHello] org.apache.servicecomb.qps.QpsControllerManager.createQpsControllerIfNotExist(QpsControllerManager.java:125)
[2019-03-18 17:30:14,968/CST][pool-2-thread-1][INFO]create MicroserviceVersionRule, appId=Training21Days-HelloWorld, microserviceName=provider, versionRule=0.0.0.0+. org.apache.servicecomb.serviceregistry.consumer.MicroserviceVersions.createAndInitMicroserviceVersionRule(MicroserviceVersions.java:229)
[2019-03-18 17:30:14,968/CST][pool-2-thread-1][INFO]latestVersion changed from null to 0.0.1.0, appId=Training21Days-HelloWorld, microserviceName=provider, versionRule=0.0.0.0+. org.apache.servicecomb.serviceregistry.consumer.MicroserviceVersionRule.resetLatestVersion(MicroserviceVersionRule.java:131)
[2019-03-18 17:30:14,968/CST][pool-2-thread-1][INFO]add microserviceVersion, appId=Training21Days-HelloWorld, microserviceName=provider, version=0.0.1.0, versionRule=0.0.0.0+. org.apache.servicecomb.serviceregistry.consumer.MicroserviceVersionRule.addMicroserviceVersion(MicroserviceVersionRule.java:90)
[2019-03-18 17:30:14,969/CST][pool-2-thread-1][INFO]set instances, appId=Training21Days-HelloWorld, microserviceName=provider, versionRule=0.0.0.0+, instanceId=ad5c0d3b495f11e994dae86a64494942, version=0.0.1.0, endpoints=[rest://192.168.99.1:8080]. org.apache.servicecomb.serviceregistry.consumer.MicroserviceVersionRule.lambda$setInstances$1(MicroserviceVersionRule.java:171)
[2019-03-18 17:30:14,973/CST][pool-2-thread-1][INFO]Found SPI service org.apache.servicecomb.serviceregistry.consumer.MicroserviceInstancePing, count=1. org.apache.servicecomb.foundation.common.utils.SPIServiceUtils.loadSortedService(SPIServiceUtils.java:79)
[2019-03-18 17:30:14,974/CST][pool-2-thread-1][INFO]  0. org.apache.servicecomb.serviceregistry.consumer.SimpleMicroserviceInstancePing. org.apache.servicecomb.foundation.common.utils.SPIServiceUtils.loadSortedService(SPIServiceUtils.java:82)
[2019-03-18 17:30:14,977/CST][pool-2-thread-1][INFO]Using load balance rule org.apache.servicecomb.loadbalance.RoundRobinRuleExt for microservice provider. org.apache.servicecomb.loadbalance.ExtensionsManager.createLoadBalancerRule(ExtensionsManager.java:52)
[2019-03-18 17:30:15,027/CST][pool-2-thread-1][INFO]Found SPI service org.apache.servicecomb.loadbalance.ServerListFilterExt, count=1. org.apache.servicecomb.foundation.common.utils.SPIServiceUtils.loadSortedService(SPIServiceUtils.java:79)
[2019-03-18 17:30:15,028/CST][pool-2-thread-1][INFO]  0. com.huawei.paas.darklaunch.DarklaunchServerListFilter. org.apache.servicecomb.foundation.common.utils.SPIServiceUtils.loadSortedService(SPIServiceUtils.java:82)
[2019-03-18 17:30:25,145/CST][Service Center Task [java.util.concurrent.ThreadPoolExecutor$Worker@50626d22[State = -1, empty queue][37]]][INFO]sc task interval changed from -1 to 30 org.apache.servicecomb.serviceregistry.task.ServiceCenterTaskMonitor.beginCycle(ServiceCenterTaskMonitor.java:39)
[2019-03-18 17:35:25,016/CST][LoadBalancerStatsTimer][INFO]stats of instance ad5c0d3b495f11e994dae86a64494942 removed. org.apache.servicecomb.loadbalance.ServiceCombLoadBalancerStats$2.onRemoval(ServiceCombLoadBalancerStats.java:145)
[2019-03-18 17:38:55,151/CST][registry-vert.x-eventloop-thread-0][ERROR]你的主机中的软件中止了一个已建立的连接。 io.vertx.core.net.impl.ConnectionBase.handleException(ConnectionBase.java:217)
[2019-03-18 17:38:55,152/CST][registry-vert.x-eventloop-thread-0][ERROR]GET /v4/default/registry/instances?rev=63ce504ed576bc633fa7d28d42150d315fd9647d&appId=Training21Days-HelloWorld&global=true&serviceName=provider&env=development&version=0.0.0%2B fail, endpoint is 127.0.0.1:30100, message: 你的主机中的软件中止了一个已建立的连接。 org.apache.servicecomb.serviceregistry.client.http.RestUtils.lambda$null$1(RestUtils.java:93)
[2019-03-18 17:38:55,152/CST][registry-vert.x-eventloop-thread-0][WARN]invoke service [/v4/default/registry/instances] failed, retry. org.apache.servicecomb.serviceregistry.client.http.ServiceRegistryClientImpl.retry(ServiceRegistryClientImpl.java:105)
[2019-03-18 17:38:55,152/CST][registry-vert.x-eventloop-thread-0][INFO]Change service center address from 127.0.0.1:30100 to 127.0.0.1:30100 org.apache.servicecomb.serviceregistry.client.IpPortManager.getNextAvailableAddress(IpPortManager.java:100)
